; Generated by oxide86-tools logs-to-asm
; Additional information can be found in scripts/logs_to_asm.md
; Log: oxide86.log
; Config: asm-analysis/dosmid-xms.json

   sti                     ; 2167 [HOT] -- 01BA:A498 FB                  
   push bp                 ; 2167 [HOT] -- 01BA:A499 55                    [BP=A514]
   mov bp, sp              ; 2167 [HOT] -- 01BA:A49A 8B EC                 [BP=A4EC SP=A4EC]
   sub sp, 0x0012          ; 2167 [HOT] -- 01BA:A49C 83 EC 12              [SP=A4DA]
   push bx                 ; 2167 [HOT] -- 01BA:A49F 53                    [BX=1E0B]
   push dx                 ; 2167 [HOT] -- 01BA:A4A0 52                    [DX=000E]
   xor ax, ax              ; 2167 [HOT] -- 01BA:A4A1 33 C0                 [AX=0000 AX=0000]
   mov [bp-0x06], ax       ; 2167 [HOT] -- 01BA:A4A3 89 46 FA              [[0xa4e6]=0000 @1BB5:A4E6(26036) AX=0000]
   mov [bp-0x08], ax       ; 2167 [HOT] -- 01BA:A4A6 89 46 F8              [[0xa4e4]=0000 @1BB5:A4E4(26034) AX=0000]
   mov [bp-0x0a], ax       ; 2167 [HOT] -- 01BA:A4A9 89 46 F6              [[0xa4e2]=0000 @1BB5:A4E2(26032) AX=0000]
   mov ax, [si]            ; 2167 [HOT] -- 01BA:A4AC 26 8B 04              [AX=000E [0xa504]=000e @1BB5:A504(26054)]
   mov [bp-0x04], ax       ; 2167 [HOT] -- 01BA:A4AF 89 46 FC              [[0xa4e8]=000e @1BB5:A4E8(26038) AX=000E]
   mov cx, [si+0x02]       ; 2167 [HOT] -- 01BA:A4B2 26 8B 4C 02           [CX=0000 [0xa506]=0000 @1BB5:A506(26056)]
   mov [bp-0x02], cx       ; 2167 [HOT] -- 01BA:A4B6 89 4E FE              [[0xa4ea]=0000 @1BB5:A4EA(2603A) CX=0000]
   or cx, ax               ; 2167 [HOT] -- 01BA:A4B9 0B C8                 [CX=000E AX=000E]
   jcxz 0xa4fe             ; 2167 [HOT] -- 01BA:A4BB E3 41              lbl_01BA_A4FE   
   lea bx, [si+0x04]       ; 2167 [HOT] -- 01BA:A4BD 8D 5C 04              [BX=A508 [0xa508]=e84d @0B73:A508(15C38)]
   call 0xa538             ; 2167 [HOT] -- 01BA:A4C0 E8 75 00           func_01BA_A538   
   jb 0xa527               ; 2167 [HOT] -- 01BA:A4C3 72 62              lbl_01BA_A527   
   mov [bp-0x0e], ax       ; 2167 [HOT] -- 01BA:A4C5 89 46 F2              [[0xa4de]=1e0b @1BB5:A4DE(2602E) AX=1E0B]
   mov [bp-0x0c], dx       ; 2167 [HOT] -- 01BA:A4C8 89 56 F4              [[0xa4e0]=001f @1BB5:A4E0(26030) DX=001F]
   mov [bp-0x08], bx       ; 2167 [HOT] -- 01BA:A4CB 89 5E F8              [[0xa4e4]=a7d6 @1BB5:A4E4(26034) BX=A7D6]
   lea bx, [si+0x0a]       ; 2167 [HOT] -- 01BA:A4CE 8D 5C 0A              [BX=A50E [0xa50e]=1bb5 @0B73:A50E(15C3E)]
   call 0xa538             ; 2167 [HOT] -- 01BA:A4D1 E8 64 00           func_01BA_A538   
   jb 0xa533               ; 2167 [HOT] -- 01BA:A4D4 72 5D              lbl_01BA_A533   
   mov [bp-0x12], ax       ; 2167 [HOT] -- 01BA:A4D6 89 46 EE              [[0xa4da]=6092 @1BB5:A4DA(2602A) AX=6092]
   mov [bp-0x10], dx       ; 2167 [HOT] -- 01BA:A4D9 89 56 F0              [[0xa4dc]=0002 @1BB5:A4DC(2602C) DX=0002]
   mov [bp-0x0a], bx       ; 2167 [HOT] -- 01BA:A4DC 89 5E F6              [[0xa4e2]=0000 @1BB5:A4E2(26032) BX=0000]
   shr [bp-0x02], 0x01     ; 2167 [HOT] -- 01BA:A4DF D1 6E FE              [[0xa4ea]=0000 @1BB5:A4EA(2603A)]
   rcr [bp-0x04], 0x01     ; 2167 [HOT] -- 01BA:A4E2 D1 5E FC              [[0xa4e8]=0007 @1BB5:A4E8(26038)]
   jb 0xa531               ; 2167 [HOT] -- 01BA:A4E5 72 4A              lbl_01BA_A531   
   call far [0xa00a]       ; 2167 [HOT] -- 01BA:A4E7 2E FF 1E 0A A0        [[0xa00a]=0354 @01BA:A00A(0BBAA)]
   cmp ax, 0x0001          ; 2167 [HOT] -- 01BA:A4EC 3D 01 00              [AX=0001]
   jne 0xa533              ; 2167 [HOT] -- 01BA:A4EF 75 42              lbl_01BA_A533   
   call 0xa676             ; 2167 [HOT] -- 01BA:A4F1 E8 82 01           xms_move_block   
   call far [0xa00e]       ; 2167 [HOT] -- 01BA:A4F4 2E FF 1E 0E A0        [[0xa00e]=0364 @01BA:A00E(0BBAE)]
   cmp ax, 0x0001          ; 2167 [HOT] -- 01BA:A4F9 3D 01 00              [AX=0001]
   jne 0xa533              ; 2167 [HOT] -- 01BA:A4FC 75 35              lbl_01BA_A533   
lbl_01BA_A4FE:
   mov bx, [bp-0x08]       ; 2167 [HOT] -- 01BA:A4FE 8B 5E F8              [BX=A7D6 [0xa4e4]=a7d6 @1BB5:A4E4(26034)]
   or bx, bx               ; 2167 [HOT] -- 01BA:A501 0B DB                 [BX=A7D6 BX=A7D6]
   je 0xa509               ; 2167 [HOT] -- 01BA:A503 74 04              lbl_01BA_A509   
   dec [bx+0x01]           ; 2167 [HOT] -- 01BA:A505 2E FE 4F 01           [[0xa7d7]=00 @01BA:A7D7(0C377)]
lbl_01BA_A509:
   mov bx, [bp-0x0a]       ; 2167 [HOT] -- 01BA:A509 8B 5E F6              [BX=0000 [0xa4e2]=0000 @1BB5:A4E2(26032)]
   or bx, bx               ; 2167 [HOT] -- 01BA:A50C 0B DB                 [BX=0000 BX=0000]
   je 0xa514               ; 2167 [HOT] -- 01BA:A50E 74 04              lbl_01BA_A514   
   ; gap 01BA:A510 - 01BA:A514 (4 bytes)
lbl_01BA_A514:
   pop dx                  ; 2167 [HOT] -- 01BA:A514 5A                    [DX=000E]
   pop bx                  ; 2167 [HOT] -- 01BA:A515 5B                    [BX=1E0B]
   mov ax, 0x0001          ; 2167 [HOT] -- 01BA:A516 B8 01 00              [AX=0001]
   cmp [bp-0x06], 0x0000   ; 2167 [HOT] -- 01BA:A519 83 7E FA 00           [[0xa4e6]=0000 @1BB5:A4E6(26036)]
   je 0xa523               ; 2167 [HOT] -- 01BA:A51D 74 04              lbl_01BA_A523   
   ; gap 01BA:A51F - 01BA:A523 (4 bytes)
lbl_01BA_A523:
   mov sp, bp              ; 2167 [HOT] -- 01BA:A523 8B E5                 [SP=A4EC BP=A4EC]
   pop bp                  ; 2167 [HOT] -- 01BA:A525 5D                    [BP=A514]
   retf                    ; 2167 [HOT] -- 01BA:A526 CB                  
   ; gap 01BA:A527 - 01BA:A538 (17 bytes)

func_01BA_A538:
   push si                 ; 4334 [HOT] -- 01BA:A538 56                    [SI=A504]
   cli                     ; 4334 [HOT] -- 01BA:A539 FA                  
   mov si, [bx+0x02]       ; 4334 [HOT] -- 01BA:A53A 26 8B 77 02         
   mov di, [bx+0x04]       ; 4334 [HOT] -- 01BA:A53E 26 8B 7F 04         
   mov bx, [bx]            ; 4334 [HOT] -- 01BA:A542 26 8B 1F            
   or bx, bx               ; 4334 [HOT] -- 01BA:A545 0B DB               
   je 0xa578               ; 4334 [HOT] -- 01BA:A547 74 2F              lbl_01BA_A578   
   test [bx], 0x02         ; 2167 [HOT] -- 01BA:A549 2E F6 07 02           [[0xa7d6]=02 @01BA:A7D6(0C376)]
   je 0xa59e               ; 2167 [HOT] -- 01BA:A54D 74 4F              lbl_01BA_A59E   
   mov ax, [bx+0x04]       ; 2167 [HOT] -- 01BA:A54F 2E 8B 47 04           [AX=3BC0 [0xa7da]=3bc0 @01BA:A7DA(0C37A)]
   mov cx, 0x0400          ; 2167 [HOT] -- 01BA:A553 B9 00 04              [CX=0400]
   mul cx                  ; 2167 [HOT] -- 01BA:A556 F7 E1                 [CX=0400]
   sub ax, si              ; 2167 [HOT] -- 01BA:A558 2B C6                 [AX=E1F5 SI=1E0B]
   sbb dx, di              ; 2167 [HOT] -- 01BA:A55A 1B D7                 [DX=00E0 DI=000E]
   jb 0xa5a2               ; 2167 [HOT] -- 01BA:A55C 72 44              lbl_01BA_A5A2   
   sub ax, [bp-0x04]       ; 2167 [HOT] -- 01BA:A55E 2B 46 FC              [AX=E1E7 [0xa4e8]=000e @1BB5:A4E8(26038)]
   sbb dx, [bp-0x02]       ; 2167 [HOT] -- 01BA:A561 1B 56 FE              [DX=00E0 [0xa4ea]=0000 @1BB5:A4EA(2603A)]
   jb 0xa59a               ; 2167 [HOT] -- 01BA:A564 72 34              lbl_01BA_A59A   
   inc [bx+0x01]           ; 2167 [HOT] -- 01BA:A566 2E FE 47 01           [[0xa7d7]=01 @01BA:A7D7(0C377)]
   mov ax, [bx+0x02]       ; 2167 [HOT] -- 01BA:A56A 2E 8B 47 02           [AX=0440 [0xa7d8]=0440 @01BA:A7D8(0C378)]
   mul cx                  ; 2167 [HOT] -- 01BA:A56E F7 E1                 [CX=0400]
   add ax, si              ; 2167 [HOT] -- 01BA:A570 03 C6                 [AX=1E0B SI=1E0B]
   adc dx, di              ; 2167 [HOT] -- 01BA:A572 13 D7                 [DX=001F DI=000E]
lbl_01BA_A574:
   clc                     ; 4334 [HOT] -- 01BA:A574 F8                  
   sti                     ; 4334 [HOT] -- 01BA:A575 FB                  
   pop si                  ; 4334 [HOT] -- 01BA:A576 5E                    [SI=A504]
   ret                     ; 4334 [HOT] -- 01BA:A577 C3                  
lbl_01BA_A578:
   mov ax, di              ; 2167 [HOT] -- 01BA:A578 8B C7                 [AX=1BB5 DI=1BB5]
   mov dx, 0x0010          ; 2167 [HOT] -- 01BA:A57A BA 10 00              [DX=0010]
   mul dx                  ; 2167 [HOT] -- 01BA:A57D F7 E2                 [DX=0001]
   add ax, si              ; 2167 [HOT] -- 01BA:A57F 03 C6                 [AX=6092 SI=A542]
   adc dx, 0x0000          ; 2167 [HOT] -- 01BA:A581 83 D2 00              [DX=0002]
   mov di, dx              ; 2167 [HOT] -- 01BA:A584 8B FA                 [DI=0002 DX=0002]
   mov si, ax              ; 2167 [HOT] -- 01BA:A586 8B F0                 [SI=6092 AX=6092]
   add si, [bp-0x04]       ; 2167 [HOT] -- 01BA:A588 03 76 FC              [SI=60A0 [0xa4e8]=000e @1BB5:A4E8(26038)]
   adc di, [bp-0x02]       ; 2167 [HOT] -- 01BA:A58B 13 7E FE              [DI=0002 [0xa4ea]=0000 @1BB5:A4EA(2603A)]
   cmp di, 0x0010          ; 2167 [HOT] -- 01BA:A58E 83 FF 10              [DI=0002]
   ja 0xa59a               ; 2167 [HOT] -- 01BA:A591 77 07              lbl_01BA_A59A   
   jb 0xa574               ; 2167 [HOT] -- 01BA:A593 72 DF              lbl_01BA_A574   
   ; gap 01BA:A595 - 01BA:A676 (225 bytes)

; Copy words to/from extended memory via BIOS INT 15h/87h. Params on stack: dest
; addr (bp-0Eh/bp-0Ch), src addr (bp-12h/bp-10h), word count (bp-02h/bp-04h).
xms_move_block:   ; 01BA:A676
   cld                     ; 2167 [HOT] -- 01BA:A676 FC                  
   mov ax, [bp-0x0e]       ; 2167 [HOT] -- 01BA:A677 8B 46 F2              [AX=1E0B [0xa4de]=1e0b @1BB5:A4DE(2602E)]
   mov dl, [bp-0x0c]       ; 2167 [HOT] -- 01BA:A67A 8A 56 F4              [DL=1F [0xa4e0]=1f @1BB5:A4E0(26030)]
   mov cx, [bp-0x12]       ; 2167 [HOT] -- 01BA:A67D 8B 4E EE              [CX=6092 [0xa4da]=6092 @1BB5:A4DA(2602A)]
   mov dh, [bp-0x10]       ; 2167 [HOT] -- 01BA:A680 8A 76 F0              [DH=02 [0xa4dc]=02 @1BB5:A4DC(2602C)]
   ; swap new dest XMS addr (AX=low, DL=high) with static transfer state at
   ; [A656]/[A658]
   xchg ax, [0xa656]       ; 2167 [HOT] -- 01BA:A683 2E 87 06 56 A6     xms_dest_addr_low     [AX=1E0B [0xa656]=1e0b @01BA:A656(0C1F6)]
   xchg dl, [0xa658]       ; 2167 [HOT] -- 01BA:A688 2E 86 16 58 A6     xms_dest_addr_high     [DL=1F [0xa658]=1f @01BA:A658(0C1F8)]
   ; swap new src XMS addr (CX=low, DH=high) with static transfer state at
   ; [A644]/[A646]
   xchg cx, [0xa644]       ; 2167 [HOT] -- 01BA:A68D 2E 87 0E 44 A6     xms_src_addr_low     [CX=6092 [0xa644]=6092 @01BA:A644(0C1E4)]
   xchg dh, [0xa646]       ; 2167 [HOT] -- 01BA:A692 2E 86 36 46 A6     xms_src_addr_high     [DH=02 [0xa646]=02 @01BA:A646(0C1E6)]
   mov bx, 0xa668          ; 2167 [HOT] -- 01BA:A697 BB 68 A6              [BX=A668]
   mov si, 0xa65c          ; 2167 [HOT] -- 01BA:A69A BE 5C A6              [SI=A65C]
   ; inc transfer counter; if wrapped to 0, skip normal descriptor update
   inc [0xa674]            ; 2167 [HOT] -- 01BA:A69D 2E FF 06 74 A6     xms_transfer_counter     [[0xa674]=0000 @01BA:A674(0C214)]
   je 0xa6c2               ; 2167 [HOT] -- 01BA:A6A2 74 1E              lbl_01BA_A6C2   
   ; gap 01BA:A6A4 - 01BA:A6C2 (30 bytes) normal-path descriptor updates; protected-mode instructions not decoded by disassembler
lbl_01BA_A6C2:
   ; CS: 0F 01 — LGDT or LIDT (descriptor table load; bytes not fully decoded)
   db 0x0f                 ; 2167 [HOT] -- 01BA:A6C2 2E 0F 01            
   ; gap 01BA:A6C5 - 01BA:A6C8 (3 bytes)
   ; CS: 0F 01 — second descriptor table load
   db 0x0f                 ; 2167 [HOT] -- 01BA:A6C8 2E 0F 01            
   ; gap 01BA:A6CB - 01BA:A6CC (1 bytes)
   ; rotate GDT descriptor words for dest at [A668]
   call 0xa7be             ; 2167 [HOT] -- 01BA:A6CC E8 EF 00           rotate_descriptor_words   
   mov bx, si              ; 2167 [HOT] -- 01BA:A6CF 8B DE                 [BX=A65C SI=A65C]
   ; CS: 0F 01 — third descriptor table load
   db 0x0f                 ; 2167 [HOT] -- 01BA:A6D1 2E 0F 01            
   ; gap 01BA:A6D4 - 01BA:A6D5 (1 bytes)
   ; rotate GDT descriptor words for src at [A65C]
   call 0xa7be             ; 2167 [HOT] -- 01BA:A6D5 E8 E6 00           rotate_descriptor_words   
lbl_01BA_A6D8:
   ; clamp transfer count to max 0x7FFF words (INT 15h/87h limit)
   mov cx, 0x7fff          ; 4334 [HOT] -- 01BA:A6D8 B9 FF 7F              [CX=7FFF]
   cmp [bp-0x02], 0x0000   ; 4334 [HOT] -- 01BA:A6DB 83 7E FE 00           [[0xa4ea]=0000 @1BB5:A4EA(2603A)]
   ja 0xa6e9               ; 4334 [HOT] -- 01BA:A6DF 77 08              setup_gdt_transfer   
   cmp [bp-0x04], cx       ; 4334 [HOT] -- 01BA:A6E1 39 4E FC              [[0xa4e8]=0007 @1BB5:A4E8(26038) CX=7FFF]
   jae 0xa6e9              ; 4335 [HOT] -- 01BA:A6E4 73 03              setup_gdt_transfer   
   mov cx, [bp-0x04]       ; 4335 [HOT] -- 01BA:A6E6 8B 4E FC              [CX=0007 [0xa4e8]=0007 @1BB5:A4E8(26038)]
setup_gdt_transfer:   ; 01BA:A6E9
   push ds                 ; 4335 [HOT] -- 01BA:A6E9 1E                    [DS=0B73]
   push bp                 ; 4335 [HOT] -- 01BA:A6EA 55                    [BP=A4EC]
   ; GDT segment: physical 0x0080*16 = 0x800 (where BIOS expects GDT for INT
   ; 15h/87h)
   mov ax, 0x0080          ; 4335 [HOT] -- 01BA:A6EB B8 80 00              [AX=0080]
   mov bx, 0x01ba          ; 4335 [HOT] -- 01BA:A6EE 8C CB                 [BX=01BA]
   mov dx, 0x0033          ; 4335 [HOT] -- 01BA:A6F0 BA 33 00              [DX=0033]
   xor si, si              ; 4335 [HOT] -- 01BA:A6F3 33 F6                 [SI=0000 SI=0000]
   mov es, bx              ; 4335 [HOT] -- 01BA:A6F5 8E C3                 [ES=01BA BX=01BA]
   mov di, 0xa5a8          ; 4335 [HOT] -- 01BA:A6F7 BF A8 A5              [DI=A5A8]
   ; disable interrupts before GDT manipulation
   cli                     ; 4335 [HOT] -- 01BA:A6FA FA                  
   ; save SP so XMS transfer can restore stack after protected-mode switch
   mov [0xa63a], sp        ; 4335 [HOT] -- 01BA:A6FB 2E 89 26 3A A6     saved_sp     [[0xa63a]=a4d0 @01BA:A63A(0C1DA) SP=A4D0]
   ; hardcoded save of DS=1BB5 (caller's data segment)
   mov [0xa63c], 0x1bb5    ; 4335 [HOT] -- 01BA:A700 2E 8C 16 3C A6     saved_ds     [[0xa63c]=1bb5 @01BA:A63C(0C1DC)]
   mov [0xa63e], cx        ; 4335 [HOT] -- 01BA:A705 2E 89 0E 3E A6     saved_word_count     [[0xa63e]=0007 @01BA:A63E(0C1DE) CX=0007]
   mov ds, ax              ; 4335 [HOT] -- 01BA:A70A 8E D8                 [DS=0080 AX=0080]
   mov cx, dx              ; 4335 [HOT] -- 01BA:A70C 8B CA                 [CX=0033 DX=0033]
   ; save current BIOS GDT area (102 bytes: DS:0000 → ES:A5A8)
   rep movsw               ; 4335 [HOT] -- 01BA:A70E F3 A5               
   xor di, di              ; 4335 [HOT] -- 01BA:A710 33 FF                 [DI=0000 DI=0000]
   mov es, ax              ; 4335 [HOT] -- 01BA:A712 8E C0                 [ES=0080 AX=0080]
   mov si, 0xa60e          ; 4335 [HOT] -- 01BA:A714 BE 0E A6              [SI=A60E]
   mov ds, bx              ; 4335 [HOT] -- 01BA:A717 8E DB                 [DS=01BA BX=01BA]
   mov cx, dx              ; 4335 [HOT] -- 01BA:A719 8B CA                 [CX=0033 DX=0033]
   ; install XMS transfer GDT (102 bytes: 01BA:A60E → 0080:DI) for INT 15h/87h
   rep movsw               ; 4335 [HOT] -- 01BA:A71B F3 A5               
   loadall                 ; 4335 [HOT] -- 01BA:A71D 0F 05               
   ; gap 01BA:A71F - 01BA:A74B (44 bytes)
lbl_01BA_A74B:
   pop bp                  ; 4334 [HOT] -- 01BA:A74B 5D                    [BP=A4EC]
   pop ds                  ; 4334 [HOT] -- 01BA:A74C 1F                    [DS=0B73]
   mov cx, si              ; 4334 [HOT] -- 01BA:A74D 8B CE               
   shr cx, 0x01            ; 4334 [HOT] -- 01BA:A74F D1 E9               
   sub [bp-0x04], cx       ; 4334 [HOT] -- 01BA:A751 29 4E FC            
   je 0xa773               ; 4334 [HOT] -- 01BA:A754 74 1D              lbl_01BA_A773   
   sbb [bp-0x02], 0x0000   ; 2167 [HOT] -- 01BA:A756 83 5E FE 00           [[0xa4ea]=0000 @1BB5:A4EA(2603A)]
lbl_01BA_A75A:
   add [0xa656], si        ; 2167 [HOT] -- 01BA:A75A 2E 01 36 56 A6     xms_dest_addr_low     [[0xa656]=1e0b @01BA:A656(0C1F6) SI=0000]
   adc [0xa658], 0x00      ; 2167 [HOT] -- 01BA:A75F 2E 80 16 58 A6 00  xms_dest_addr_high     [[0xa658]=1f @01BA:A658(0C1F8)]
   add [0xa644], di        ; 2167 [HOT] -- 01BA:A765 2E 01 3E 44 A6     xms_src_addr_low     [[0xa644]=6092 @01BA:A644(0C1E4) DI=0000]
   adc [0xa646], 0x00      ; 2167 [HOT] -- 01BA:A76A 2E 80 16 46 A6 00  xms_src_addr_high     [[0xa646]=02 @01BA:A646(0C1E6)]
   jmp 0xa6d8              ; 2167 [HOT] -- 01BA:A770 E9 65 FF           lbl_01BA_A6D8   
lbl_01BA_A773:
   sbb [bp-0x02], 0x0000   ; 2167 [HOT] -- 01BA:A773 83 5E FE 00           [[0xa4ea]=0000 @1BB5:A4EA(2603A)]
   jne 0xa75a              ; 2167 [HOT] -- 01BA:A777 75 E1              lbl_01BA_A75A   
   cmp [0xa674], 0x0000    ; 2167 [HOT] -- 01BA:A779 2E 83 3E 74 A6 00  xms_transfer_counter     [[0xa674]=0000 @01BA:A674(0C214)]
   je 0xa7b8               ; 2167 [HOT] -- 01BA:A77F 74 37              lbl_01BA_A7B8   
   ; gap 01BA:A781 - 01BA:A7B8 (55 bytes)
lbl_01BA_A7B8:
   dec [0xa674]            ; 2167 [HOT] -- 01BA:A7B8 2E FF 0E 74 A6     xms_transfer_counter     [[0xa674]=ffff @01BA:A674(0C214)]
   ret                     ; 2167 [HOT] -- 01BA:A7BD C3                  

; Left-rotate 3 words at [BX]: new[0]=old[2], new[2]=old[4], new[4]=old[0].
rotate_descriptor_words:   ; 01BA:A7BE
   mov ax, [bx+0x04]       ; 4334 [HOT] -- 01BA:A7BE 2E 8B 47 04         
   mov cx, [bx+0x02]       ; 4334 [HOT] -- 01BA:A7C2 2E 8B 4F 02         
   mov dx, [bx]            ; 4334 [HOT] -- 01BA:A7C6 2E 8B 17            
   mov [bx+0x04], dx       ; 4334 [HOT] -- 01BA:A7C9 2E 89 57 04         
   mov [bx], cx            ; 4334 [HOT] -- 01BA:A7CD 2E 89 0F            
   mov [bx+0x02], ax       ; 4334 [HOT] -- 01BA:A7D0 2E 89 47 02         
   ret                     ; 4334 [HOT] -- 01BA:A7D4 C3                  
lbl_01BB_A71F:
   lodsw                   ; 221048 [HOT] -- 01BB:A71F 2E AD               
   mov [bp+0x00], ax       ; 221048 [HOT] -- 01BB:A721 89 46 00            
   inc bp                  ; 221048 [HOT] -- 01BB:A724 45                  
   inc bp                  ; 221048 [HOT] -- 01BB:A725 45                  
   loop 0xa71f             ; 221048 [HOT] -- 01BB:A726 E2 F7              lbl_01BB_A71F   
   mov ss, bx              ; 4334 [HOT] -- 01BB:A728 8E D3                 [SS=1BB5 BX=1BB5]
   mov cx, dx              ; 4334 [HOT] -- 01BB:A72A 8B CA                 [CX=0007 DX=0007]
   mov si, di              ; 4334 [HOT] -- 01BB:A72C 8B F7                 [SI=0000 DI=0000]
   sti                     ; 4334 [HOT] -- 01BB:A72E FB                  
   rep movsw               ; 2167 [HOT] -- 01BB:A72F F3 A5               
   sti                     ; 2167 [HOT] -- 01BB:A72F FB                  
   sti                     ; 2167 [HOT] -- 01BB:A730 FB                  
   jmp far 0x01ba, 0xa74b  ; 2167 [HOT] -- 01BB:A731 EA 4B A7 BA 01     lbl_01BA_A74B   
   sti                     ; 2167 [HOT] -- 01BB:A731 FB                  
   sti                     ; 2167 [HOT] -- 01BB:A732 FB                  
   sti                     ; 2167 [HOT] -- 01BB:A733 FB                  
   sti                     ; 2167 [HOT] -- 01BB:A734 FB                  
   sti                     ; 2167 [HOT] -- 01BB:A735 FB                  
   jmp far 0x01ba, 0xa74b  ; 2167 [HOT] -- 01BB:A736 EA 4B A7 BA 01     lbl_01BA_A74B   
   iret                    ; 4334 [HOT] -- 0B73:0071 CF                  
   ; gap 0B73:0072 - 0B73:00A2 (48 bytes)
   jmp short 0x00a7        ; 2167 [HOT] -- 0B73:00A2 EB 03              lbl_0B73_00A7   
   ; gap 0B73:00A4 - 0B73:00A7 (3 bytes)
lbl_0B73_00A7:
   push cx                 ; 2167 [HOT] -- 0B73:00A7 51                    [CX=000E]
   push si                 ; 2167 [HOT] -- 0B73:00A8 56                    [SI=A504]
   push di                 ; 2167 [HOT] -- 0B73:00A9 57                    [DI=A542]
   push ds                 ; 2167 [HOT] -- 0B73:00AA 1E                    [DS=1BB5]
   push es                 ; 2167 [HOT] -- 0B73:00AB 06                    [ES=1BB5]
   pushf                   ; 2167 [HOT] -- 0B73:00AC 9C                  
   cld                     ; 2167 [HOT] -- 0B73:00AD FC                  
   push ds                 ; 2167 [HOT] -- 0B73:00AE 1E                    [DS=1BB5]
   pop es                  ; 2167 [HOT] -- 0B73:00AF 07                    [ES=1BB5]
   push cs                 ; 2167 [HOT] -- 0B73:00B0 0E                    [CS=0B73]
   pop ds                  ; 2167 [HOT] -- 0B73:00B1 1F                    [DS=0B73]
   push ax                 ; 2167 [HOT] -- 0B73:00B2 50                    [AX=0BB5]
   or ah, ah               ; 2167 [HOT] -- 0B73:00B3 0A E4                 [AH=0B AH=0B]
   je 0x00e6               ; 2167 [HOT] -- 0B73:00B5 74 2F              lbl_0B73_00E6   
   cmp ah, 0x10            ; 2167 [HOT] -- 0B73:00B7 80 FC 10              [AH=0B]
   jb 0x00c3               ; 2167 [HOT] -- 0B73:00BA 72 07              lbl_0B73_00C3   
   ; gap 0B73:00BC - 0B73:00C3 (7 bytes)
lbl_0B73_00C3:
   pushf                   ; 2167 [HOT] -- 0B73:00C3 9C                  
   cli                     ; 2167 [HOT] -- 0B73:00C4 FA                  
   cmp [0x0020], 0x0000    ; 2167 [HOT] -- 0B73:00C5 83 3E 20 00 00        [[0x0020]=0070 @0B73:0020(0B750)]
   jne 0x00d1              ; 2167 [HOT] -- 0B73:00CA 75 05              lbl_0B73_00D1   
   ; gap 0B73:00CC - 0B73:00D1 (5 bytes)
lbl_0B73_00D1:
   push cs                 ; 2167 [HOT] -- 0B73:00D1 0E                    [CS=0B73]
   call [0x0014]           ; 2167 [HOT] -- 0B73:00D2 FF 16 14 00           [[0x0014]=0071 @0B73:0014(0B744)]
   cmp [0x002c], 0x00      ; 2167 [HOT] -- 0B73:00D6 80 3E 2C 00 00        [[0x002c]=00 @0B73:002C(0B75C)]
   je 0x00e6               ; 2167 [HOT] -- 0B73:00DB 74 09              lbl_0B73_00E6   
   ; gap 0B73:00DD - 0B73:00E6 (9 bytes)
lbl_0B73_00E6:
   pop ax                  ; 2167 [HOT] -- 0B73:00E6 58                    [AX=0BB5]
   push ax                 ; 2167 [HOT] -- 0B73:00E7 50                    [AX=0BB5]
   mov al, ah              ; 2167 [HOT] -- 0B73:00E8 8A C4                 [AL=0B AH=0B]
   xor ah, ah              ; 2167 [HOT] -- 0B73:00EA 32 E4                 [AH=00 AH=00]
   shl ax, 0x01            ; 2167 [HOT] -- 0B73:00EC D1 E0                 [AX=0016]
   mov di, ax              ; 2167 [HOT] -- 0B73:00EE 8B F8                 [DI=0016 AX=0016]
   pop ax                  ; 2167 [HOT] -- 0B73:00F0 58                    [AX=0BB5]
   mov di, [di+0x0082]     ; 2167 [HOT] -- 0B73:00F1 8B BD 82 00           [DI=A498 [0xa51a]=0010 @0B73:A51A(15C4A)]
   or di, di               ; 2167 [HOT] -- 0B73:00F5 0B FF                 [DI=A498 DI=A498]
   jns 0x0131              ; 2167 [HOT] -- 0B73:00F7 79 38              lbl_0B73_0131   
   cmp [0x002b], 0x00      ; 2167 [HOT] -- 0B73:00F9 80 3E 2B 00 00        [[0x002b]=00 @0B73:002B(0B75B)]
   je 0x0112               ; 2167 [HOT] -- 0B73:00FE 74 12              lbl_0B73_0112   
   ; gap 0B73:0100 - 0B73:0112 (18 bytes)
lbl_0B73_0112:
   push cs                 ; 2167 [HOT] -- 0B73:0112 0E                    [CS=0B73]
   call 0x0140             ; 2167 [HOT] -- 0B73:0113 E8 2A 00           func_0B73_0140   
   cmp [0x002b], 0x00      ; 2167 [HOT] -- 0B73:0116 80 3E 2B 00 00        [[0x002b]=00 @0B73:002B(0B75B)]
   je 0x0133               ; 2167 [HOT] -- 0B73:011B 74 16              lbl_0B73_0133   
   ; gap 0B73:011D - 0B73:0133 (22 bytes)
lbl_0B73_0133:
   push cs                 ; 2167 [HOT] -- 0B73:0133 0E                    [CS=0B73]
   call [0x0014]           ; 2167 [HOT] -- 0B73:0134 FF 16 14 00           [[0x0014]=0071 @0B73:0014(0B744)]
   pop es                  ; 2167 [HOT] -- 0B73:0138 07                    [ES=1BB5]
   pop ds                  ; 2167 [HOT] -- 0B73:0139 1F                    [DS=1BB5]
   pop di                  ; 2167 [HOT] -- 0B73:013A 5F                    [DI=A542]
   pop si                  ; 2167 [HOT] -- 0B73:013B 5E                    [SI=A504]
   pop cx                  ; 2167 [HOT] -- 0B73:013C 59                    [CX=000E]
   retf                    ; 2167 [HOT] -- 0B73:013D CB                  
   ; gap 0B73:013E - 0B73:0140 (2 bytes)

func_0B73_0140:
   push [0x013e]           ; 2167 [HOT] -- 0B73:0140 FF 36 3E 01           [[0x013e]=01ba @0B73:013E(0B86E)]
   push di                 ; 2167 [HOT] -- 0B73:0144 57                    [DI=A498]
   retf                    ; 2167 [HOT] -- 0B73:0145 CB                  
   ; gap 0B73:0146 - 0B73:02D5 (399 bytes)

func_0B73_02D5:
   cli                     ; 2167 [HOT] -- 0B73:02D5 FA                  
   cmp [0x0027], 0x01      ; 2167 [HOT] -- 0B73:02D6 80 3E 27 00 01        [[0x0027]=01 @0B73:0027(0B757)]
   jne 0x0302              ; 2167 [HOT] -- 0B73:02DB 75 25              lbl_0B73_0302   
   mov [0x003b], 0x03      ; 2167 [HOT] -- 0B73:02DD C6 06 3B 00 03        [[0x003b]=03 @0B73:003B(0B76B)]
   cmp [0x002f], 0x0000    ; 2167 [HOT] -- 0B73:02E2 83 3E 2F 00 00        [[0x002f]=0000 @0B73:002F(0B75F)]
   je 0x02f0               ; 2167 [HOT] -- 0B73:02E7 74 07              lbl_0B73_02F0   
lbl_0B73_02E9:
   call 0x0375             ; 2167 [HOT] -- 0B73:02E9 E8 89 00           func_0B73_0375   
   or ax, ax               ; 2167 [HOT] -- 0B73:02EC 0B C0                 [AX=0001 AX=0001]
   jne 0x02fe              ; 2167 [HOT] -- 0B73:02EE 75 0E              lbl_0B73_02FE   
lbl_0B73_02F0:
   mov ax, 0x0001          ; 2167 [HOT] -- 0B73:02F0 B8 01 00              [AX=0001]
   call 0x0432             ; 2167 [HOT] -- 0B73:02F3 E8 3C 01           func_0B73_0432   
   dec [0x003b]            ; 2167 [HOT] -- 0B73:02F6 FE 0E 3B 00           [[0x003b]=02 @0B73:003B(0B76B)]
   jne 0x02e9              ; 2167 [HOT] -- 0B73:02FA 75 ED              lbl_0B73_02E9   
   ; gap 0B73:02FC - 0B73:02FE (2 bytes)
lbl_0B73_02FE:
   inc [0x002f]            ; 2167 [HOT] -- 0B73:02FE FF 06 2F 00           [[0x002f]=0001 @0B73:002F(0B75F)]
lbl_0B73_0302:
   mov ax, 0x0001          ; 2167 [HOT] -- 0B73:0302 B8 01 00              [AX=0001]
   xor bl, bl              ; 2167 [HOT] -- 0B73:0305 32 DB                 [BL=00 BL=00]
   ret                     ; 2167 [HOT] -- 0B73:0307 C3                  
   ; gap 0B73:0308 - 0B73:030D (5 bytes)

func_0B73_030D:
   cli                     ; 2167 [HOT] -- 0B73:030D FA                  
   cmp [0x0027], 0x00      ; 2167 [HOT] -- 0B73:030E 80 3E 27 00 00        [[0x0027]=01 @0B73:0027(0B757)]
   je 0x0349               ; 2167 [HOT] -- 0B73:0313 74 34              lbl_0B73_0349   
   cmp [0x002f], 0x0000    ; 2167 [HOT] -- 0B73:0315 83 3E 2F 00 00        [[0x002f]=0001 @0B73:002F(0B75F)]
   je 0x034f               ; 2167 [HOT] -- 0B73:031A 74 33              lbl_0B73_034F   
   mov [0x003b], 0x03      ; 2167 [HOT] -- 0B73:031C C6 06 3B 00 03        [[0x003b]=03 @0B73:003B(0B76B)]
lbl_0B73_0321:
   call 0x0375             ; 4334 [HOT] -- 0B73:0321 E8 51 00           func_0B73_0375   
   cmp [0x002f], 0x0001    ; 4334 [HOT] -- 0B73:0324 83 3E 2F 00 01        [[0x002f]=0001 @0B73:002F(0B75F)]
   jne 0x0333              ; 4334 [HOT] -- 0B73:0329 75 08              lbl_0B73_0333   
   or ax, ax               ; 4334 [HOT] -- 0B73:032B 0B C0               
   je 0x0345               ; 4334 [HOT] -- 0B73:032D 74 16              lbl_0B73_0345   
   xor ax, ax              ; 2167 [HOT] -- 0B73:032F 33 C0                 [AX=0000 AX=0000]
   jmp short 0x033a        ; 2167 [HOT] -- 0B73:0331 EB 07              lbl_0B73_033A   
   ; gap 0B73:0333 - 0B73:033A (7 bytes)
lbl_0B73_033A:
   call 0x0432             ; 2167 [HOT] -- 0B73:033A E8 F5 00           func_0B73_0432   
   dec [0x003b]            ; 2167 [HOT] -- 0B73:033D FE 0E 3B 00           [[0x003b]=02 @0B73:003B(0B76B)]
   jne 0x0321              ; 2167 [HOT] -- 0B73:0341 75 DE              lbl_0B73_0321   
   ; gap 0B73:0343 - 0B73:0345 (2 bytes)
lbl_0B73_0345:
   dec [0x002f]            ; 2167 [HOT] -- 0B73:0345 FF 0E 2F 00           [[0x002f]=0000 @0B73:002F(0B75F)]
lbl_0B73_0349:
   mov ax, 0x0001          ; 2167 [HOT] -- 0B73:0349 B8 01 00              [AX=0001]
   xor bl, bl              ; 2167 [HOT] -- 0B73:034C 32 DB                 [BL=00 BL=00]
   ret                     ; 2167 [HOT] -- 0B73:034E C3                  
   ; gap 0B73:034F - 0B73:0354 (5 bytes)
   cmp [0x002b], 0x00      ; 2167 [HOT] -- 0B73:0354 2E 80 3E 2B 00 00     [[0x002b]=00 @0B73:002B(0B75B)]
   je 0x0360               ; 2167 [HOT] -- 0B73:035A 74 04              lbl_0B73_0360   
   ; gap 0B73:035C - 0B73:0360 (4 bytes)
lbl_0B73_0360:
   call 0x02d5             ; 2167 [HOT] -- 0B73:0360 E8 72 FF           func_0B73_02D5   
   retf                    ; 2167 [HOT] -- 0B73:0363 CB                  
   cmp [0x002b], 0x00      ; 2167 [HOT] -- 0B73:0364 2E 80 3E 2B 00 00     [[0x002b]=00 @0B73:002B(0B75B)]
   je 0x0370               ; 2167 [HOT] -- 0B73:036A 74 04              lbl_0B73_0370   
   ; gap 0B73:036C - 0B73:0370 (4 bytes)
lbl_0B73_0370:
   call 0x030d             ; 2167 [HOT] -- 0B73:0370 E8 9A FF           func_0B73_030D   
   retf                    ; 2167 [HOT] -- 0B73:0373 CB                  
   ; gap 0B73:0374 - 0B73:0375 (1 bytes)

func_0B73_0375:
   cmp [0x002d], 0x00      ; 6501 [HOT] -- 0B73:0375 2E 80 3E 2D 00 00     [[0x002d]=01 @0B73:002D(0B75D)]
   je 0x0385               ; 6501 [HOT] -- 0B73:037B 74 08              lbl_0B73_0385   
   mov ax, 0x0002          ; 6501 [HOT] -- 0B73:037D B8 02 00              [AX=0002]
   call 0x0432             ; 6501 [HOT] -- 0B73:0380 E8 AF 00           func_0B73_0432   
   jmp short 0x03ac        ; 6501 [HOT] -- 0B73:0383 EB 27              lbl_0B73_03AC   
   ; gap 0B73:0385 - 0B73:03AC (39 bytes)
lbl_0B73_03AC:
   xor bl, bl              ; 6501 [HOT] -- 0B73:03AC 32 DB                 [BL=00 BL=00]
   ret                     ; 6501 [HOT] -- 0B73:03AE C3                  
   ; gap 0B73:03AF - 0B73:0432 (131 bytes)

func_0B73_0432:
   cmp ax, 0x0001          ; 10835 [HOT] -- 0B73:0432 3D 01 00            
   mov ah, 0x02            ; 10835 [HOT] -- 0B73:0435 B4 02                 [AH=02]
   je 0x0445               ; 10835 [HOT] -- 0B73:0437 74 0C              lbl_0B73_0445   
   jb 0x0443               ; 8668 [HOT] -- 0B73:0439 72 08              lbl_0B73_0443   
   in al, 0x92             ; 6501 [HOT] -- 0B73:043B E4 92              PS2 fast A20 / reset   
   test al, 0x02           ; 6501 [HOT] -- 0B73:043D A8 02               
   je 0x0463               ; 6501 [HOT] -- 0B73:043F 74 22              lbl_0B73_0463   
   jmp short 0x045f        ; 4334 [HOT] -- 0B73:0441 EB 1C              lbl_0B73_045F   
lbl_0B73_0443:
   xor ah, ah              ; 2167 [HOT] -- 0B73:0443 32 E4                 [AH=00 AH=00]
lbl_0B73_0445:
   in al, 0x92             ; 4334 [HOT] -- 0B73:0445 E4 92              PS2 fast A20 / reset   
   and al, 0xfd            ; 4334 [HOT] -- 0B73:0447 24 FD                 [AL=00]
   or al, ah               ; 4334 [HOT] -- 0B73:0449 0A C4               
   jmp short 0x044d        ; 4334 [HOT] -- 0B73:044B EB 00              lbl_0B73_044D   
lbl_0B73_044D:
   jmp short 0x044f        ; 4334 [HOT] -- 0B73:044D EB 00              lbl_0B73_044F   
lbl_0B73_044F:
   out 0x92, al            ; 4334 [HOT] -- 0B73:044F E6 92              PS2 fast A20 / reset   
   xor cx, cx              ; 4334 [HOT] -- 0B73:0451 33 C9                 [CX=0000 CX=0000]
lbl_0B73_0453:
   jmp short 0x0455        ; 4334 [HOT] -- 0B73:0453 EB 00              lbl_0B73_0455   
lbl_0B73_0455:
   in al, 0x92             ; 4334 [HOT] -- 0B73:0455 E4 92              PS2 fast A20 / reset   
   and al, 0x02            ; 4334 [HOT] -- 0B73:0457 24 02               
   cmp al, ah              ; 4334 [HOT] -- 0B73:0459 3A C4               
   loopnz 0x0453           ; 4334 [HOT] -- 0B73:045B E0 F6              lbl_0B73_0453   
   jne 0x0463              ; 4334 [HOT] -- 0B73:045D 75 04              lbl_0B73_0463   
lbl_0B73_045F:
   mov ax, 0x0001          ; 8668 [HOT] -- 0B73:045F B8 01 00              [AX=0001]
   ret                     ; 8668 [HOT] -- 0B73:0462 C3                  
lbl_0B73_0463:
   xor ax, ax              ; 2167 [HOT] -- 0B73:0463 33 C0                 [AX=0000 AX=0000]
   ret                     ; 2167 [HOT] -- 0B73:0465 C3                  
   call 0x0147             ;  102 -- 0E7B:003C E8 08 01           func_0E7B_0147   
   ; gap 0E7B:003F - 0E7B:0147 (264 bytes)

func_0E7B_0147:
   push ax                 ;  102 -- 0E7B:0147 50                  
   push bp                 ;  102 -- 0E7B:0148 55                  
   push es                 ;  102 -- 0E7B:0149 06                  
   mov es, [0x000a]        ;  102 -- 0E7B:014A 2E 8E 06 0A 00        [ES=0EA2 [0x000a]=0ea2 @0E7B:000A(0E7BA)]
   mov bp, [0x0010]        ;  102 -- 0E7B:014F 2E 8B 2E 10 00        [BP=0040 [0x0010]=0040 @0E7B:0010(0E7C0)]
   mov al, 0x01            ;  102 -- 0E7B:0154 B0 01                 [AL=01]
   xchg al, [bp+0x00]      ;  102 -- 0E7B:0156 26 86 46 00           [AL=00 [0x0040]=01 @0EA2:0040(0EA60)]
   cmp al, 0x00            ;  102 -- 0E7B:015A 3C 00                 [AL=00]
   jne 0x01ad              ;  102 -- 0E7B:015C 75 4F              lbl_0E7B_01AD   
   sub [0x0010], 0x0008    ;  102 -- 0E7B:015E 2E 83 2E 10 00 08     [[0x0010]=0038 @0E7B:0010(0E7C0)]
   mov [bp+0x02], sp       ;  102 -- 0E7B:0164 26 89 66 02         
   mov [bp+0x04], 0x1bb5   ;  102 -- 0E7B:0168 26 8C 56 04           [[0x0044]=1bb5 @0EA2:0044(0EA64)]
   mov ax, bp              ;  102 -- 0E7B:016C 8B C5                 [AX=0040 BP=0040]
   mov bp, [bp+0x06]       ;  102 -- 0E7B:016E 26 8B 6E 06           [BP=04C6 [0x04cc]=eb06 @0EA2:04CC(0EEEC)]
   cmp [bp+0x00], ax       ;  102 -- 0E7B:0172 26 39 46 00           [[0x04c6]=0040 @0EA2:04C6(0EEE6) AX=0040]
   jne 0x01ba              ;  102 -- 0E7B:0176 75 42              lbl_0E7B_01BA   
   push bp                 ;  102 -- 0E7B:0178 55                    [BP=04C6]
   mov bp, sp              ;  102 -- 0E7B:0179 8B EC               
   mov ax, [bp+0x08]       ;  102 -- 0E7B:017B 8B 46 08            
   pop bp                  ;  102 -- 0E7B:017E 5D                    [BP=04C6]
   push es                 ;  102 -- 0E7B:017F 06                    [ES=0EA2]
   pop ss                  ;  102 -- 0E7B:0180 17                    [SS=0EA2]
   mov sp, bp              ;  102 -- 0E7B:0181 8B E5                 [SP=04C6 BP=04C6]
   mov bp, ax              ;  102 -- 0E7B:0183 8B E8                 [BP=003F AX=003F]
   mov bp, [bp+0x00]       ;  102 -- 0E7B:0185 2E 8B 6E 00           [BP=0038 [0x0038]=0008 @0E7B:0038(0E7E8)]
   pushf                   ;  102 -- 0E7B:0189 9C                  
   call far [bp+0x00]      ;  102 -- 0E7B:018A 2E FF 5E 00           [[0x0038]=0008 @0E7B:0038(0E7E8)]
   mov bp, sp              ;  102 -- 0E7B:018E 8B EC                 [BP=04C6 SP=04C6]
   mov bp, [bp+0x00]       ;  102 -- 0E7B:0190 26 8B 6E 00           [BP=0040 [0x0040]=0001 @0EA2:0040(0EA60)]
   mov ss, [bp+0x04]       ;  102 -- 0E7B:0194 26 8E 56 04           [SS=1BB5 [0x0044]=1bb5 @0EA2:0044(0EA64)]
   mov sp, [bp+0x02]       ;  102 -- 0E7B:0198 26 8B 66 02         
   mov [bp+0x00], 0x00     ;  102 -- 0E7B:019C 26 C6 46 00 00        [[0x0040]=00 @0EA2:0040(0EA60)]
   mov [0x0010], bp        ;  102 -- 0E7B:01A1 2E 89 2E 10 00        [[0x0010]=0040 @0E7B:0010(0E7C0) BP=0040]
   pop es                  ;  102 -- 0E7B:01A6 07                  
   pop bp                  ;  102 -- 0E7B:01A7 5D                  
   pop ax                  ;  102 -- 0E7B:01A8 58                  
   add sp, 0x0002          ;  102 -- 0E7B:01A9 83 C4 02            
   iret                    ;  102 -- 0E7B:01AC CF                  

func_1036_1D2B:
   push si                 ; 2167 [HOT] -- 1036:1D2B 56                    [SI=96EE]
   push di                 ; 2167 [HOT] -- 1036:1D2C 57                    [DI=000E]
   push bp                 ; 2167 [HOT] -- 1036:1D2D 55                    [BP=A57A]
   mov bp, sp              ; 2167 [HOT] -- 1036:1D2E 89 E5                 [BP=A522 SP=A522]
   push ax                 ; 2167 [HOT] -- 1036:1D30 50                    [AX=1E0B]
   mov ax, dx              ; 2167 [HOT] -- 1036:1D31 89 D0                 [AX=000E DX=000E]
   mov di, bx              ; 2167 [HOT] -- 1036:1D33 89 DF                 [DI=A542 BX=A542]
   mov si, cx              ; 2167 [HOT] -- 1036:1D35 89 CE                 [SI=1BB5 CX=1BB5]
   mov bx, [bp+0x08]       ; 2167 [HOT] -- 1036:1D37 8B 5E 08              [BX=000E [0xa52a]=000e @1BB5:A52A(2607A)]
   cmp [0x15be], 0x0000    ; 2167 [HOT] -- 1036:1D3A 83 3E BE 15 00        [[0x15be]=0000 @1BB5:15BE(1D10E)]
   jne 0x1d51              ; 2167 [HOT] -- 1036:1D3F 75 10              lbl_1036_1D51   
   push bx                 ; 2167 [HOT] -- 1036:1D41 53                    [BX=000E]
   push cx                 ; 2167 [HOT] -- 1036:1D42 51                    [CX=1BB5]
   push di                 ; 2167 [HOT] -- 1036:1D43 57                    [DI=A542]
   mov bx, [bp-0x02]       ; 2167 [HOT] -- 1036:1D44 8B 5E FE              [BX=1E0B [0xa520]=1e0b @1BB5:A520(26070)]
   mov cx, dx              ; 2167 [HOT] -- 1036:1D47 89 D1                 [CX=000E DX=000E]
   mov ax, 0x9f28          ; 2167 [HOT] -- 1036:1D49 B8 28 9F              [AX=9F28]
   call 0x4725             ; 2167 [HOT] -- 1036:1D4C E8 D6 29           func_1036_4725   
   jmp short 0x1d6e        ; 2167 [HOT] -- 1036:1D4F EB 1D              lbl_1036_1D6E   
   ; gap 1036:1D51 - 1036:1D6E (29 bytes)
lbl_1036_1D6E:
   mov sp, bp              ; 2167 [HOT] -- 1036:1D6E 89 EC                 [SP=A522 BP=A522]
   pop bp                  ; 2167 [HOT] -- 1036:1D70 5D                    [BP=A57A]
   pop di                  ; 2167 [HOT] -- 1036:1D71 5F                    [DI=000E]
   pop si                  ; 2167 [HOT] -- 1036:1D72 5E                    [SI=96EE]
   ret 0x0002              ; 2167 [HOT] -- 1036:1D73 C2 02 00            
   ; gap 1036:1D76 - 1036:287D (2823 bytes)
lbl_1036_287D:
   call 0x1d2b             ; 2167 [HOT] -- 1036:287D E8 AB F4           func_1036_1D2B   
   mov ax, [bp-0x4a]       ; 2167 [HOT] -- 1036:2880 8B 46 B6              [AX=FFFF [0xa530]=ffff @1BB5:A530(26080)]
   test ax, ax             ; 2167 [HOT] -- 1036:2883 85 C0                 [AX=FFFF AX=FFFF]
   jg 0x2892               ; 2167 [HOT] -- 1036:2885 7F 0B              lbl_1036_2892   
   je 0x2892               ; 2167 [HOT] -- 1036:2887 74 09              lbl_1036_2892   
   mov ax, [bp-0x4e]       ; 2167 [HOT] -- 1036:2889 8B 46 B2              [AX=000E [0xa52c]=000e @1BB5:A52C(2607C)]
   test ax, ax             ; 2167 [HOT] -- 1036:288C 85 C0                 [AX=000E AX=000E]
   jg 0x2892               ; 2167 [HOT] -- 1036:288E 7F 02              lbl_1036_2892   
   ; gap 1036:2890 - 1036:2892 (2 bytes)
lbl_1036_2892:
   mov ax, [bp-0x4a]       ; 2167 [HOT] -- 1036:2892 8B 46 B6              [AX=FFFF [0xa530]=ffff @1BB5:A530(26080)]
   test ax, ax             ; 2167 [HOT] -- 1036:2895 85 C0                 [AX=FFFF AX=FFFF]
   jg 0x289b               ; 2167 [HOT] -- 1036:2897 7F 02              lbl_1036_289B   
   jne 0x28c6              ; 2167 [HOT] -- 1036:2899 75 2B              lbl_1036_28C6   
   ; gap 1036:289B - 1036:28C6 (43 bytes)
lbl_1036_28C6:
   mov [bp-0x08], 0x0001   ; 2167 [HOT] -- 1036:28C6 C7 46 F8 01 00        [[0xa572]=0001 @1BB5:A572(260C2)]
   mov ax, [bp-0x4c]       ; 2167 [HOT] -- 1036:28CB 8B 46 B4              [AX=1E0B [0xa52e]=1e0b @1BB5:A52E(2607E)]
   mov [bp-0x06], ax       ; 2167 [HOT] -- 1036:28CE 89 46 FA              [[0xa574]=1e0b @1BB5:A574(260C4) AX=1E0B]
   mov di, [bp-0x4e]       ; 2167 [HOT] -- 1036:28D1 8B 7E B2              [DI=000E [0xa52c]=000e @1BB5:A52C(2607C)]
   mov ax, [bp-0x0a]       ; 2167 [HOT] -- 1036:28D4 8B 46 F6              [AX=000E [0xa570]=000e @1BB5:A570(260C0)]
   test ax, ax             ; 2167 [HOT] -- 1036:28D7 85 C0                 [AX=000E AX=000E]
   jge 0x28e9              ; 2167 [HOT] -- 1036:28D9 7D 0E              lbl_1036_28E9   
   ; gap 1036:28DB - 1036:28E9 (14 bytes)
lbl_1036_28E9:
   cmp di, [bp-0x28]       ; 2167 [HOT] -- 1036:28E9 3B 7E D8              [DI=000E [0xa552]=000e @1BB5:A552(260A2)]
   jne 0x28f6              ; 2167 [HOT] -- 1036:28EC 75 08              lbl_1036_28F6   
   mov ax, [bp-0x2a]       ; 2167 [HOT] -- 1036:28EE 8B 46 D6              [AX=1E0B [0xa550]=1e0b @1BB5:A550(260A0)]
   cmp ax, [bp-0x06]       ; 2167 [HOT] -- 1036:28F1 3B 46 FA              [AX=1E0B [0xa574]=1e0b @1BB5:A574(260C4)]
   je 0x2911               ; 2167 [HOT] -- 1036:28F4 74 1B              lbl_1036_2911   
   ; gap 1036:28F6 - 1036:2911 (27 bytes)
lbl_1036_2911:
   mov ax, [bp-0x06]       ; 2167 [HOT] -- 1036:2911 8B 46 FA              [AX=1E0B [0xa574]=1e0b @1BB5:A574(260C4)]
   mov [bp-0x10], ax       ; 2167 [HOT] -- 1036:2914 89 46 F0              [[0xa56a]=1e0b @1BB5:A56A(260BA) AX=1E0B]
   mov [bp-0x0a], di       ; 2167 [HOT] -- 1036:2917 89 7E F6              [[0xa570]=000e @1BB5:A570(260C0) DI=000E]
   mov di, [bp-0x08]       ; 2167 [HOT] -- 1036:291A 8B 7E F8              [DI=0001 [0xa572]=0001 @1BB5:A572(260C2)]
   shl di, 0x01            ; 2167 [HOT] -- 1036:291D D1 E7                 [DI=0002]
   mov ax, di              ; 2167 [HOT] -- 1036:291F 89 F8                 [AX=0002 DI=0002]
   mov cl, 0x03            ; 2167 [HOT] -- 1036:2921 B1 03                 [CL=03]
   shl di, cl              ; 2167 [HOT] -- 1036:2923 D3 E7                 [DI=0010 CL=03]
   sub di, ax              ; 2167 [HOT] -- 1036:2925 29 C7                 [DI=000E AX=0002]
   lea dx, [bp-0x46]       ; 2167 [HOT] -- 1036:2927 8D 56 BA              [DX=A534 [0xa534]=1d9d @1BB5:A534(26084)]
   add dx, di              ; 2167 [HOT] -- 1036:292A 01 FA                 [DX=A542 DI=000E]
   mov bx, 0x000e          ; 2167 [HOT] -- 1036:292C BB 0E 00              [BX=000E]
   lea ax, [bp-0x2a]       ; 2167 [HOT] -- 1036:292F 8D 46 D6              [AX=A550 [0xa550]=1e0b @1BB5:A550(260A0)]
   call 0x5609             ; 2167 [HOT] -- 1036:2932 E8 D4 2C           func_1036_5609   
   test si, si             ; 2167 [HOT] -- 1036:2935 85 F6                 [SI=96EE SI=96EE]
   jne 0x293c              ; 2167 [HOT] -- 1036:2937 75 03              lbl_1036_293C   
   ; gap 1036:2939 - 1036:293C (3 bytes)
lbl_1036_293C:
   mov ax, [bp+di-0x40]    ; 2167 [HOT] -- 1036:293C 8B 43 C0              [AX=0000 [0xa548]=0000 @1BB5:A548(26098)]
   or ax, [bp+di-0x42]     ; 2167 [HOT] -- 1036:293F 0B 43 BE              [AX=A802 [0xa546]=a802 @1BB5:A546(26096)]
   je 0x2939               ; 2167 [HOT] -- 1036:2942 74 F5              lbl_1036_2939   
   mov ax, [bp+di-0x42]    ; 2167 [HOT] -- 1036:2944 8B 43 BE              [AX=A802 [0xa546]=a802 @1BB5:A546(26096)]
   mov dx, [bp+di-0x40]    ; 2167 [HOT] -- 1036:2947 8B 53 C0              [DX=0000 [0xa548]=0000 @1BB5:A548(26098)]
   mov bx, [bp+0x0a]       ; 2167 [HOT] -- 1036:294A 8B 5E 0A              [BX=03C0 [0xa584]=03c0 @1BB5:A584(260D4)]
   xor cx, cx              ; 2167 [HOT] -- 1036:294D 31 C9                 [CX=0000 CX=0000]
   call 0x5497             ; 2167 [HOT] -- 1036:294F E8 45 2B           func_1036_5497   
   mov [bp-0x16], bx       ; 2167 [HOT] -- 1036:2952 89 5E EA              [[0xa564]=0302 @1BB5:A564(260B4) BX=0302]
   mov [bp-0x1c], cx       ; 2167 [HOT] -- 1036:2955 89 4E E4              [[0xa55e]=0000 @1BB5:A55E(260AE) CX=0000]
   mov ax, [bp-0x0e]       ; 2167 [HOT] -- 1036:2958 8B 46 F2              [AX=A120 [0xa56c]=a120 @1BB5:A56C(260BC)]
   mov dx, [bp-0x0c]       ; 2167 [HOT] -- 1036:295B 8B 56 F4              [DX=0007 [0xa56e]=0007 @1BB5:A56E(260BE)]
   mov bx, [bp+0x0a]       ; 2167 [HOT] -- 1036:295E 8B 5E 0A              [BX=03C0 [0xa584]=03c0 @1BB5:A584(260D4)]
   xor cx, cx              ; 2167 [HOT] -- 1036:2961 31 C9                 [CX=0000 CX=0000]
   call 0x5497             ; 2167 [HOT] -- 1036:2963 E8 31 2B           func_1036_5497   
   mov bx, ax              ; 2167 [HOT] -- 1036:2966 89 C3                 [BX=0208 AX=0208]
   mov cx, dx              ; 2167 [HOT] -- 1036:2968 89 D1                 [CX=0000 DX=0000]
   mov ax, [bp-0x16]       ; 2167 [HOT] -- 1036:296A 8B 46 EA              [AX=0302 [0xa564]=0302 @1BB5:A564(260B4)]
   mov dx, [bp-0x1c]       ; 2167 [HOT] -- 1036:296D 8B 56 E4              [DX=0000 [0xa55e]=0000 @1BB5:A55E(260AE)]
   call 0x56c4             ; 2167 [HOT] -- 1036:2970 E8 51 2D           func_1036_56C4   
   mov [bp-0x1a], ax       ; 2167 [HOT] -- 1036:2973 89 46 E6              [[0xa560]=1c10 @1BB5:A560(260B0) AX=1C10]
   mov [bp-0x18], dx       ; 2167 [HOT] -- 1036:2976 89 56 E8              [[0xa562]=0006 @1BB5:A562(260B2) DX=0006]
   mov ax, [bp+di-0x42]    ; 2167 [HOT] -- 1036:2979 8B 43 BE              [AX=A802 [0xa546]=a802 @1BB5:A546(26096)]
   mov dx, [bp+di-0x40]    ; 2167 [HOT] -- 1036:297C 8B 53 C0              [DX=0000 [0xa548]=0000 @1BB5:A548(26098)]
   mov bx, [bp+0x0a]       ; 2167 [HOT] -- 1036:297F 8B 5E 0A              [BX=03C0 [0xa584]=03c0 @1BB5:A584(260D4)]
   xor cx, cx              ; 2167 [HOT] -- 1036:2982 31 C9                 [CX=0000 CX=0000]
   call 0x5497             ; 2167 [HOT] -- 1036:2984 E8 10 2B           func_1036_5497   
   mov bx, [bp-0x0e]       ; 2167 [HOT] -- 1036:2987 8B 5E F2              [BX=A120 [0xa56c]=a120 @1BB5:A56C(260BC)]
   mov cx, [bp-0x0c]       ; 2167 [HOT] -- 1036:298A 8B 4E F4              [CX=0007 [0xa56e]=0007 @1BB5:A56E(260BE)]
   call 0x56c4             ; 2167 [HOT] -- 1036:298D E8 34 2D           func_1036_56C4   
   mov di, [bp-0x1a]       ; 2167 [HOT] -- 1036:2990 8B 7E E6              [DI=1C10 [0xa560]=1c10 @1BB5:A560(260B0)]
   add di, ax              ; 2167 [HOT] -- 1036:2993 01 C7                 [DI=CD90 AX=B180]
   mov ax, [bp-0x18]       ; 2167 [HOT] -- 1036:2995 8B 46 E8              [AX=0006 [0xa562]=0006 @1BB5:A562(260B2)]
   adc ax, dx              ; 2167 [HOT] -- 1036:2998 11 D0                 [AX=0155 DX=014F]
   mov [bp-0x18], ax       ; 2167 [HOT] -- 1036:299A 89 46 E8              [[0xa562]=0155 @1BB5:A562(260B2) AX=0155]
   mov ax, [bp-0x0e]       ; 2167 [HOT] -- 1036:299D 8B 46 F2              [AX=A120 [0xa56c]=a120 @1BB5:A56C(260BC)]
   mov dx, [bp-0x0c]       ; 2167 [HOT] -- 1036:29A0 8B 56 F4              [DX=0007 [0xa56e]=0007 @1BB5:A56E(260BE)]
   mov bx, [bp+0x0a]       ; 2167 [HOT] -- 1036:29A3 8B 5E 0A              [BX=03C0 [0xa584]=03c0 @1BB5:A584(260D4)]
   xor cx, cx              ; 2167 [HOT] -- 1036:29A6 31 C9                 [CX=0000 CX=0000]
   call 0x5497             ; 2167 [HOT] -- 1036:29A8 E8 EC 2A           func_1036_5497   
   mov ax, [bp-0x16]       ; 2167 [HOT] -- 1036:29AB 8B 46 EA              [AX=0302 [0xa564]=0302 @1BB5:A564(260B4)]
   mov dx, [bp-0x1c]       ; 2167 [HOT] -- 1036:29AE 8B 56 E4              [DX=0000 [0xa55e]=0000 @1BB5:A55E(260AE)]
   call 0x56c4             ; 2167 [HOT] -- 1036:29B1 E8 10 2D           func_1036_56C4   
   mov bx, [bp+0x0a]       ; 2167 [HOT] -- 1036:29B4 8B 5E 0A              [BX=03C0 [0xa584]=03c0 @1BB5:A584(260D4)]
   xor cx, cx              ; 2167 [HOT] -- 1036:29B7 31 C9                 [CX=0000 CX=0000]
   call 0x5497             ; 2167 [HOT] -- 1036:29B9 E8 DB 2A           func_1036_5497   
   add ax, di              ; 2167 [HOT] -- 1036:29BC 01 F8                 [AX=D011 DI=CD90]
   adc dx, [bp-0x18]       ; 2167 [HOT] -- 1036:29BE 13 56 E8              [DX=0155 [0xa562]=0155 @1BB5:A562(260B2)]
   add [bp-0x04], ax       ; 2167 [HOT] -- 1036:29C1 01 46 FC            
   adc [bp-0x02], dx       ; 2167 [HOT] -- 1036:29C4 11 56 FE            
lbl_1036_29C7:
   mov ax, [bp-0x02]       ; 50711 [HOT] -- 1036:29C7 8B 46 FE            
   cmp ax, 0x000f          ; 50711 [HOT] -- 1036:29CA 3D 0F 00            
   ja 0x29d8               ; 50711 [HOT] -- 1036:29CD 77 09              lbl_1036_29D8   
   jne 0x29ea              ; 2280 [HOT] -- 1036:29CF 75 19              lbl_1036_29EA   
   cmp [bp-0x04], 0x4240   ;  154 -- 1036:29D1 81 7E FC 40 42      
   jb 0x29ea               ;  154 -- 1036:29D6 72 12              lbl_1036_29EA   
lbl_1036_29D8:
   add [bp-0x04], 0xbdc0   ; 48544 [HOT] -- 1036:29D8 81 46 FC C0 BD      
   adc [bp-0x02], 0xfff0   ; 48544 [HOT] -- 1036:29DD 83 56 FE F0         
   add [si], 0x0001        ; 48544 [HOT] -- 1036:29E1 83 04 01            
   adc [si+0x02], 0x0000   ; 48544 [HOT] -- 1036:29E4 83 54 02 00           [[0x96f0]=0005 @1BB5:96F0(25240)]
   jmp short 0x29c7        ; 48544 [HOT] -- 1036:29E8 EB DD              lbl_1036_29C7   
lbl_1036_29EA:
   mov di, [bp-0x08]       ; 2167 [HOT] -- 1036:29EA 8B 7E F8              [DI=0001 [0xa572]=0001 @1BB5:A572(260C2)]
   shl di, 0x01            ; 2167 [HOT] -- 1036:29ED D1 E7                 [DI=0002]
   mov ax, di              ; 2167 [HOT] -- 1036:29EF 89 F8                 [AX=0002 DI=0002]
   mov cl, 0x03            ; 2167 [HOT] -- 1036:29F1 B1 03                 [CL=03]
   shl di, cl              ; 2167 [HOT] -- 1036:29F3 D3 E7                 [DI=0010 CL=03]
   sub di, ax              ; 2167 [HOT] -- 1036:29F5 29 C7                 [DI=000E AX=0002]
   cmp [bp+di-0x3a], 0x02  ; 2167 [HOT] -- 1036:29F7 80 7B C6 02           [[0xa54e]=ff @1BB5:A54E(2609E)]
   jne 0x2a09              ; 2167 [HOT] -- 1036:29FB 75 0C              lbl_1036_2A09   
   ; gap 1036:29FD - 1036:2A09 (12 bytes)
lbl_1036_2A09:
   cmp [bp-0x08], 0x0000   ; 2167 [HOT] -- 1036:2A09 83 7E F8 00           [[0xa572]=0001 @1BB5:A572(260C2)]
   jne 0x2a65              ; 2167 [HOT] -- 1036:2A0D 75 56              lbl_1036_2A65   
   ; gap 1036:2A0F - 1036:2A65 (86 bytes)
lbl_1036_2A65:
   mov ax, [bp-0x4a]       ; 2167 [HOT] -- 1036:2A65 8B 46 B6              [AX=FFFF [0xa530]=ffff @1BB5:A530(26080)]
   test ax, ax             ; 2167 [HOT] -- 1036:2A68 85 C0                 [AX=FFFF AX=FFFF]
   jg 0x2a6e               ; 2167 [HOT] -- 1036:2A6A 7F 02              lbl_1036_2A6E   
   jne 0x2a94              ; 2167 [HOT] -- 1036:2A6C 75 26              lbl_1036_2A94   
   ; gap 1036:2A6E - 1036:2A94 (38 bytes)
lbl_1036_2A94:
   mov ax, [bp-0x38]       ; 2167 [HOT] -- 1036:2A94 8B 46 C8              [AX=1E0B [0xa542]=1e0b @1BB5:A542(26092)]
   mov [bp-0x4c], ax       ; 2167 [HOT] -- 1036:2A97 89 46 B4              [[0xa52e]=1e0b @1BB5:A52E(2607E) AX=1E0B]
   mov ax, [bp-0x36]       ; 2167 [HOT] -- 1036:2A9A 8B 46 CA              [AX=000E [0xa544]=000e @1BB5:A544(26094)]
   mov [bp-0x4e], ax       ; 2167 [HOT] -- 1036:2A9D 89 46 B2              [[0xa52c]=000e @1BB5:A52C(2607C) AX=000E]
   test ax, ax             ; 2167 [HOT] -- 1036:2AA0 85 C0                 [AX=000E AX=000E]
   jg 0x2aa6               ; 2167 [HOT] -- 1036:2AA2 7F 02              lbl_1036_2AA6   
   ; gap 1036:2AA4 - 1036:2AA6 (2 bytes)
lbl_1036_2AA6:
   mov ax, 0x000e          ; 2167 [HOT] -- 1036:2AA6 B8 0E 00              [AX=000E]
   push ax                 ; 2167 [HOT] -- 1036:2AA9 50                    [AX=000E]
   mov cx, 0x1bb5          ; 2167 [HOT] -- 1036:2AAA 8C D9                 [CX=1BB5]
   lea bx, [bp-0x38]       ; 2167 [HOT] -- 1036:2AAC 8D 5E C8              [BX=A542 [0xa542]=1e0b @1BB5:A542(26092)]
   mov ax, [bp-0x38]       ; 2167 [HOT] -- 1036:2AAF 8B 46 C8              [AX=1E0B [0xa542]=1e0b @1BB5:A542(26092)]
   mov dx, [bp-0x36]       ; 2167 [HOT] -- 1036:2AB2 8B 56 CA              [DX=000E [0xa544]=000e @1BB5:A544(26094)]
   jmp 0x287d              ; 2167 [HOT] -- 1036:2AB5 E9 C5 FD           lbl_1036_287D   
   ; gap 1036:2AB8 - 1036:3AF7 (4159 bytes)
   push ax                 ; 6501 [HOT] -- 1036:3AF7 50                  
   push cx                 ; 6501 [HOT] -- 1036:3AF8 51                  
   push dx                 ; 6501 [HOT] -- 1036:3AF9 52                  
   push bx                 ; 6501 [HOT] -- 1036:3AFA 53                  
   push sp                 ; 6501 [HOT] -- 1036:3AFB 54                  
   push bp                 ; 6501 [HOT] -- 1036:3AFC 55                  
   push si                 ; 6501 [HOT] -- 1036:3AFD 56                  
   push di                 ; 6501 [HOT] -- 1036:3AFE 57                  
   push ds                 ; 6501 [HOT] -- 1036:3AFF 1E                  
   push es                 ; 6501 [HOT] -- 1036:3B00 06                  
   push ax                 ; 6501 [HOT] -- 1036:3B01 50                  
   push ax                 ; 6501 [HOT] -- 1036:3B02 50                  
   mov bp, sp              ; 6501 [HOT] -- 1036:3B03 89 E5               
   cld                     ; 6501 [HOT] -- 1036:3B05 FC                  
   mov ax, 0x1bb5          ; 6501 [HOT] -- 1036:3B06 B8 B5 1B              [AX=1BB5]
   mov ds, ax              ; 6501 [HOT] -- 1036:3B09 8E D8                 [DS=1BB5 AX=1BB5]
   add [0x15e4], 0x035a    ; 6501 [HOT] -- 1036:3B0B 81 06 E4 15 5A 03   
   adc [0x15e6], 0x0000    ; 6501 [HOT] -- 1036:3B11 83 16 E6 15 00      
   inc [0x15e8]            ; 6501 [HOT] -- 1036:3B16 FF 06 E8 15         
   mov [0x15e9], 0x00      ; 6501 [HOT] -- 1036:3B1A C6 06 E9 15 00        [[0x15e9]=00 @1BB5:15E9(1D139)]
   and [0x15e8], 0x3f      ; 6501 [HOT] -- 1036:3B1F 80 26 E8 15 3F      
   cmp [0x15e8], 0x0000    ; 6501 [HOT] -- 1036:3B24 83 3E E8 15 00      
   jne 0x3b41              ; 6501 [HOT] -- 1036:3B29 75 16              lbl_1036_3B41   
   mov ax, [0x9f40]        ;  102 -- 1036:3B2B A1 40 9F              [AX=003C [0x9f40]=003c @1BB5:9F40(25A90)]
   mov dx, [0x9f42]        ;  102 -- 1036:3B2E 8B 16 42 9F           [DX=0E7B [0x9f42]=0e7b @1BB5:9F42(25A92)]
   add [0x15e4], 0x000d    ;  102 -- 1036:3B32 83 06 E4 15 0D      
   adc [0x15e6], 0x0000    ;  102 -- 1036:3B37 83 16 E6 15 00      
   call 0x94aa             ;  102 -- 1036:3B3C E8 6B 59           func_1036_94AA   
   ; gap 1036:3B3F - 1036:3B41 (2 bytes)
lbl_1036_3B41:
   mov dx, 0x0020          ; 6399 [HOT] -- 1036:3B41 BA 20 00              [DX=0020]
   mov ax, dx              ; 6399 [HOT] -- 1036:3B44 89 D0                 [AX=0020 DX=0020]
   call 0x5aa1             ; 6399 [HOT] -- 1036:3B46 E8 58 1F           func_1036_5AA1   
   pop ax                  ; 6399 [HOT] -- 1036:3B49 58                  
   pop ax                  ; 6399 [HOT] -- 1036:3B4A 58                  
   pop es                  ; 6399 [HOT] -- 1036:3B4B 07                  
   pop ds                  ; 6399 [HOT] -- 1036:3B4C 1F                  
   pop di                  ; 6399 [HOT] -- 1036:3B4D 5F                  
   pop si                  ; 6399 [HOT] -- 1036:3B4E 5E                  
   pop bp                  ; 6399 [HOT] -- 1036:3B4F 5D                  
   pop bx                  ; 6399 [HOT] -- 1036:3B50 5B                  
   pop bx                  ; 6399 [HOT] -- 1036:3B51 5B                  
   pop dx                  ; 6399 [HOT] -- 1036:3B52 5A                  
   pop cx                  ; 6399 [HOT] -- 1036:3B53 59                  
   pop ax                  ; 6399 [HOT] -- 1036:3B54 58                  
   iret                    ; 6399 [HOT] -- 1036:3B55 CF                  
   ; gap 1036:3B56 - 1036:4725 (3023 bytes)

func_1036_4725:
   push si                 ; 2167 [HOT] -- 1036:4725 56                    [SI=1BB5]
   push bp                 ; 2167 [HOT] -- 1036:4726 55                    [BP=A522]
   mov bp, sp              ; 2167 [HOT] -- 1036:4727 89 E5                 [BP=A514 SP=A514]
   sub sp, 0x0010          ; 2167 [HOT] -- 1036:4729 83 EC 10              [SP=A504]
   mov si, ax              ; 2167 [HOT] -- 1036:472C 89 C6                 [SI=9F28 AX=9F28]
   mov ax, [bp+0x0a]       ; 2167 [HOT] -- 1036:472E 8B 46 0A              [AX=000E [0xa51e]=000e @1BB5:A51E(2606E)]
   mov [bp-0x10], ax       ; 2167 [HOT] -- 1036:4731 89 46 F0              [[0xa504]=000e @1BB5:A504(26054) AX=000E]
   mov [bp-0x0e], 0x0000   ; 2167 [HOT] -- 1036:4734 C7 46 F2 00 00        [[0xa506]=0000 @1BB5:A506(26056)]
   mov ax, [si]            ; 2167 [HOT] -- 1036:4739 8B 04                 [AX=A7D6 [0x9f28]=a7d6 @1BB5:9F28(25A78)]
   mov [bp-0x0c], ax       ; 2167 [HOT] -- 1036:473B 89 46 F4              [[0xa508]=a7d6 @1BB5:A508(26058) AX=A7D6]
   mov [bp-0x0a], bx       ; 2167 [HOT] -- 1036:473E 89 5E F6              [[0xa50a]=1e0b @1BB5:A50A(2605A) BX=1E0B]
   mov [bp-0x08], cx       ; 2167 [HOT] -- 1036:4741 89 4E F8              [[0xa50c]=000e @1BB5:A50C(2605C) CX=000E]
   mov [bp-0x06], 0x0000   ; 2167 [HOT] -- 1036:4744 C7 46 FA 00 00        [[0xa50e]=0000 @1BB5:A50E(2605E)]
   mov ax, [bp+0x06]       ; 2167 [HOT] -- 1036:4749 8B 46 06              [AX=A542 [0xa51a]=a542 @1BB5:A51A(2606A)]
   mov [bp-0x04], ax       ; 2167 [HOT] -- 1036:474C 89 46 FC              [[0xa510]=a542 @1BB5:A510(26060) AX=A542]
   mov ax, [bp+0x08]       ; 2167 [HOT] -- 1036:474F 8B 46 08              [AX=1BB5 [0xa51c]=1bb5 @1BB5:A51C(2606C)]
   mov [bp-0x02], ax       ; 2167 [HOT] -- 1036:4752 89 46 FE              [[0xa512]=1bb5 @1BB5:A512(26062) AX=1BB5]
   mov ax, 0x1bb5          ; 2167 [HOT] -- 1036:4755 8C D8                 [AX=1BB5]
   lea si, [bp-0x10]       ; 2167 [HOT] -- 1036:4757 8D 76 F0              [SI=A504 [0xa504]=000e @1BB5:A504(26054)]
   mov es, ax              ; 2167 [HOT] -- 1036:475A 8E C0                 [ES=1BB5 AX=1BB5]
   push ds                 ; 2167 [HOT] -- 1036:475C 1E                    [DS=1BB5]
   push es                 ; 2167 [HOT] -- 1036:475D 06                    [ES=1BB5]
   pop ds                  ; 2167 [HOT] -- 1036:475E 1F                    [DS=1BB5]
   mov ah, 0x0b            ; 2167 [HOT] -- 1036:475F B4 0B                 [AH=0B]
   call far [0x9f44]       ; 2167 [HOT] -- 1036:4761 FF 1E 44 9F           [[0x9f44]=00a2 @1BB5:9F44(25A94)]
   pop ds                  ; 2167 [HOT] -- 1036:4765 1F                    [DS=1BB5]
   cmp ax, 0x0001          ; 2167 [HOT] -- 1036:4766 83 F8 01              [AX=0001]
   jne 0x476d              ; 2167 [HOT] -- 1036:4769 75 02              lbl_1036_476D   
   xor bl, bl              ; 2167 [HOT] -- 1036:476B 32 DB                 [BL=00 BL=00]
lbl_1036_476D:
   mov al, bl              ; 2167 [HOT] -- 1036:476D 88 D8                 [AL=00 BL=00]
   xor ah, ah              ; 2167 [HOT] -- 1036:476F 30 E4                 [AH=00 AH=00]
   mov sp, bp              ; 2167 [HOT] -- 1036:4771 89 EC                 [SP=A514 BP=A514]
   pop bp                  ; 2167 [HOT] -- 1036:4773 5D                    [BP=A522]
   pop si                  ; 2167 [HOT] -- 1036:4774 5E                    [SI=1BB5]
   ret 0x0006              ; 2167 [HOT] -- 1036:4775 C2 06 00            
   ; gap 1036:4778 - 1036:5497 (3359 bytes)

func_1036_5497:
   or cx, cx               ; 10835 [HOT] -- 1036:5497 0B C9                 [CX=0000 CX=0000]
   jne 0x54b5              ; 10835 [HOT] -- 1036:5499 75 1A              lbl_1036_54B5   
   dec bx                  ; 10835 [HOT] -- 1036:549B 4B                    [BX=03BF]
   je 0x54b4               ; 10835 [HOT] -- 1036:549C 74 16              lbl_1036_54B4   
   inc bx                  ; 10835 [HOT] -- 1036:549E 43                    [BX=03C0]
   cmp bx, dx              ; 10835 [HOT] -- 1036:549F 3B DA               
   ja 0x54ac               ; 10835 [HOT] -- 1036:54A1 77 09              lbl_1036_54AC   
   ; gap 1036:54A3 - 1036:54AC (9 bytes)
lbl_1036_54AC:
   div bx                  ; 10835 [HOT] -- 1036:54AC F7 F3                 [BX=03C0]
   mov bx, dx              ; 10835 [HOT] -- 1036:54AE 8B DA               
   mov dx, cx              ; 10835 [HOT] -- 1036:54B0 8B D1                 [DX=0000 CX=0000]
   sub cx, cx              ; 10835 [HOT] -- 1036:54B2 2B C9                 [CX=0000 CX=0000]
lbl_1036_54B4:
   ret                     ; 10835 [HOT] -- 1036:54B4 C3                  
   ; gap 1036:54B5 - 1036:5609 (340 bytes)

func_1036_5609:
   push cx                 ; 2167 [HOT] -- 1036:5609 51                    [CX=0003]
   push si                 ; 2167 [HOT] -- 1036:560A 56                    [SI=96EE]
   push di                 ; 2167 [HOT] -- 1036:560B 57                    [DI=000E]
   mov cx, bx              ; 2167 [HOT] -- 1036:560C 89 D9                 [CX=000E BX=000E]
   mov si, dx              ; 2167 [HOT] -- 1036:560E 89 D6                 [SI=A542 DX=A542]
   mov di, ax              ; 2167 [HOT] -- 1036:5610 89 C7                 [DI=A550 AX=A550]
   push di                 ; 2167 [HOT] -- 1036:5612 57                    [DI=A550]
   mov ax, 0x1bb5          ; 2167 [HOT] -- 1036:5613 8C D8                 [AX=1BB5]
   mov es, ax              ; 2167 [HOT] -- 1036:5615 8E C0                 [ES=1BB5 AX=1BB5]
   shr cx, 0x01            ; 2167 [HOT] -- 1036:5617 D1 E9                 [CX=0007]
   rep movsw               ; 2167 [HOT] -- 1036:5619 F3 A5               
   adc cx, cx              ; 2167 [HOT] -- 1036:561B 13 C9                 [CX=0000 CX=0000]
   rep movsb               ; 2167 [HOT] -- 1036:561D F3 A4               
   pop di                  ; 2167 [HOT] -- 1036:561F 5F                    [DI=A550]
   mov ax, di              ; 2167 [HOT] -- 1036:5620 89 F8                 [AX=A550 DI=A550]
   pop di                  ; 2167 [HOT] -- 1036:5622 5F                    [DI=000E]
   pop si                  ; 2167 [HOT] -- 1036:5623 5E                    [SI=96EE]
   pop cx                  ; 2167 [HOT] -- 1036:5624 59                    [CX=0003]
   ret                     ; 2167 [HOT] -- 1036:5625 C3                  
   ; gap 1036:5626 - 1036:56C4 (158 bytes)

func_1036_56C4:
   xchg ax, bx             ; 6501 [HOT] -- 1036:56C4 93                  
   push ax                 ; 6501 [HOT] -- 1036:56C5 50                  
   xchg ax, dx             ; 6501 [HOT] -- 1036:56C6 92                  
   or ax, ax               ; 6501 [HOT] -- 1036:56C7 0B C0                 [AX=0000 AX=0000]
   je 0x56cd               ; 6501 [HOT] -- 1036:56C9 74 02              lbl_1036_56CD   
   ; gap 1036:56CB - 1036:56CD (2 bytes)
lbl_1036_56CD:
   xchg ax, cx             ; 6501 [HOT] -- 1036:56CD 91                  
   or ax, ax               ; 6501 [HOT] -- 1036:56CE 0B C0               
   je 0x56d6               ; 6501 [HOT] -- 1036:56D0 74 04              lbl_1036_56D6   
   mul bx                  ; 2167 [HOT] -- 1036:56D2 F7 E3                 [BX=002C]
   add cx, ax              ; 2167 [HOT] -- 1036:56D4 03 C8                 [CX=0134 AX=0134]
lbl_1036_56D6:
   pop ax                  ; 6501 [HOT] -- 1036:56D6 58                  
   mul bx                  ; 6501 [HOT] -- 1036:56D7 F7 E3               
   add dx, cx              ; 6501 [HOT] -- 1036:56D9 03 D1               
   ret                     ; 6501 [HOT] -- 1036:56DB C3                  
   ; gap 1036:56DC - 1036:5AA1 (965 bytes)

func_1036_5AA1:
   push bx                 ; 6399 [HOT] -- 1036:5AA1 53                  
   mov bx, ax              ; 6399 [HOT] -- 1036:5AA2 89 C3                 [BX=0020 AX=0020]
   mov al, dl              ; 6399 [HOT] -- 1036:5AA4 88 D0                 [AL=20 DL=20]
   mov dx, bx              ; 6399 [HOT] -- 1036:5AA6 89 DA                 [DX=0020 BX=0020]
   out dx, al              ; 6399 [HOT] -- 1036:5AA8 EE                 PIC1 command     [DX=0020 AL=20    ; PIC1 Command]
   pop bx                  ; 6399 [HOT] -- 1036:5AA9 5B                  
   ret                     ; 6399 [HOT] -- 1036:5AAA C3                  
   ; gap 1036:5AAB - 1036:94AA (14847 bytes)

func_1036_94AA:
   mov cx, ax              ;  102 -- 1036:94AA 8B C8                 [CX=003C AX=003C]
   mov ax, dx              ;  102 -- 1036:94AC 8B C2                 [AX=0E7B DX=0E7B]
   mov sp, bp              ;  102 -- 1036:94AE 8B E5               
   xchg cx, [bp+0x14]      ;  102 -- 1036:94B0 87 4E 14            
   xchg ax, [bp+0x16]      ;  102 -- 1036:94B3 87 46 16            
   mov bx, [bp+0x1c]       ;  102 -- 1036:94B6 8B 5E 1C            
   and bx, 0xfcff          ;  102 -- 1036:94B9 81 E3 FF FC         
   push bx                 ;  102 -- 1036:94BD 53                  
   popf                    ;  102 -- 1036:94BE 9D                  
   pop dx                  ;  102 -- 1036:94BF 5A                  
   pop dx                  ;  102 -- 1036:94C0 5A                  
   pop es                  ;  102 -- 1036:94C1 07                  
   pop ds                  ;  102 -- 1036:94C2 1F                  
   pop di                  ;  102 -- 1036:94C3 5F                  
   pop si                  ;  102 -- 1036:94C4 5E                  
   pop bp                  ;  102 -- 1036:94C5 5D                  
   pop bx                  ;  102 -- 1036:94C6 5B                  
   pop bx                  ;  102 -- 1036:94C7 5B                  
   pop dx                  ;  102 -- 1036:94C8 5A                  
   retf                    ;  102 -- 1036:94C9 CB                  
