; Generated by oxide86-tools logs-to-asm
; Additional information can be found in scripts/logs_to_asm.md
; Log: oxide86.log
; Config: asm-analysis/sb2-fmorgan.json

   iret                    ;    5 -- 0019:40D2 CF                  
   ; gap 0019:40D3 - 0019:40F8 (37 bytes)

int_21h:
   cli                     ;    5 -- 0019:40F8 FA                  
   cmp ah, 0x6c            ;    5 -- 0019:40F9 80 FC 6C            
   ja 0x40d0               ;    5 -- 0019:40FC 77 D2              lbl_0019_40D0   
   cmp ah, 0x33            ;    5 -- 0019:40FE 80 FC 33            
   jb 0x411b               ;    5 -- 0019:4101 72 18              lbl_0019_411B   
   je 0x40a7               ;    3 -- 0019:4103 74 A2              lbl_0019_40A7   
   cmp ah, 0x64            ;    3 -- 0019:4105 80 FC 64              [AH=35]
   ja 0x411b               ;    3 -- 0019:4108 77 11              lbl_0019_411B   
   je 0x40c1               ;    3 -- 0019:410A 74 B5              lbl_0019_40C1   
   cmp ah, 0x51            ;    3 -- 0019:410C 80 FC 51              [AH=35]
   je 0x40b5               ;    3 -- 0019:410F 74 A4              lbl_0019_40B5   
   cmp ah, 0x62            ;    3 -- 0019:4111 80 FC 62              [AH=35]
   je 0x40b5               ;    3 -- 0019:4114 74 9F              lbl_0019_40B5   
   cmp ah, 0x50            ;    3 -- 0019:4116 80 FC 50              [AH=35]
   je 0x40a9               ;    3 -- 0019:4119 74 8E              lbl_0019_40A9   
lbl_0019_411B:
   push es                 ;    5 -- 0019:411B 06                  
   push ds                 ;    5 -- 0019:411C 1E                  
   push bp                 ;    5 -- 0019:411D 55                    [BP=4C34]
   push di                 ;    5 -- 0019:411E 57                    [DI=0699]
   push si                 ;    5 -- 0019:411F 56                    [SI=000E]
   push dx                 ;    5 -- 0019:4120 52                  
   push cx                 ;    5 -- 0019:4121 51                    [CX=0020]
   push bx                 ;    5 -- 0019:4122 53                  
   push ax                 ;    5 -- 0019:4123 50                  
   mov ax, 0x211c          ;    5 -- 0019:4124 8C D8               
   mov ds, [0x3de7]        ;    5 -- 0019:4126 2E 8E 1E E7 3D        [DS=0116 [0x3de7]=0116 @0019:3DE7(03F77)]
   mov [0x05ec], ax        ;    5 -- 0019:412B A3 EC 05            
   mov [0x05ea], bx        ;    5 -- 0019:412E 89 1E EA 05         
   mov ax, [0x0584]        ;    5 -- 0019:4132 A1 84 05              [AX=05F2 [0x0584]=05f2 @0116:0584(016E4)]
   mov [0x05f2], ax        ;    5 -- 0019:4135 A3 F2 05              [[0x05f2]=05f2 @0116:05F2(01752) AX=05F2]
   mov ax, [0x0586]        ;    5 -- 0019:4138 A1 86 05              [AX=1738 [0x0586]=1738 @0116:0586(016E6)]
   mov [0x05f0], ax        ;    5 -- 0019:413B A3 F0 05              [[0x05f0]=1738 @0116:05F0(01750) AX=1738]
   xor ax, ax              ;    5 -- 0019:413E 33 C0                 [AX=0000 AX=0000]
   mov [0x0572], al        ;    5 -- 0019:4140 A2 72 05              [[0x0572]=00 @0116:0572(016D2) AL=00]
   test [0x1030], 0x01     ;    5 -- 0019:4143 F6 06 30 10 01        [[0x1030]=00 @0116:1030(02190)]
   jne 0x414d              ;    5 -- 0019:4148 75 03              lbl_0019_414D   
   mov [0x033e], ax        ;    5 -- 0019:414A A3 3E 03              [[0x033e]=0000 @0116:033E(0149E) AX=0000]
lbl_0019_414D:
   inc [0x0321]            ;    5 -- 0019:414D FE 06 21 03           [[0x0321]=01 @0116:0321(01481)]
   mov [0x0584], sp        ;    5 -- 0019:4151 89 26 84 05         
   mov [0x0586], 0x211c    ;    5 -- 0019:4155 8C 16 86 05           [[0x0586]=211c @0116:0586(016E6)]
   mov ax, [0x0330]        ;    5 -- 0019:4159 A1 30 03              [AX=187F [0x0330]=187f @0116:0330(01490)]
   mov [0x033c], ax        ;    5 -- 0019:415C A3 3C 03              [[0x033c]=187f @0116:033C(0149C) AX=187F]
   mov ds, ax              ;    5 -- 0019:415F 8E D8                 [DS=187F AX=187F]
   pop ax                  ;    5 -- 0019:4161 58                  
   push ax                 ;    5 -- 0019:4162 50                  
   mov [0x002e], sp        ;    5 -- 0019:4163 89 26 2E 00         
   mov [0x0030], 0x211c    ;    5 -- 0019:4167 8C 16 30 00           [[0x0030]=211c @187F:0030(18820)]
   mov ss, [0x3de7]        ;    5 -- 0019:416B 2E 8E 16 E7 3D        [SS=0116 [0x3de7]=0116 @0019:3DE7(03F77)]
   mov sp, 0x07a0          ;    5 -- 0019:4170 BC A0 07              [SP=07A0]
   sti                     ;    5 -- 0019:4173 FB                  
   mov bx, 0x0116          ;    5 -- 0019:4174 8C D3                 [BX=0116]
   mov ds, bx              ;    5 -- 0019:4176 8E DB                 [DS=0116 BX=0116]
   xchg ax, bx             ;    5 -- 0019:4178 93                  
   xor ax, ax              ;    5 -- 0019:4179 33 C0                 [AX=0000 AX=0000]
   mov [0x05f6], al        ;    5 -- 0019:417B 36 A2 F6 05           [[0x05f6]=00 @0116:05F6(01756) AL=00]
   and [0x0611], 0x0800    ;    5 -- 0019:417F 36 81 26 11 06 00 08   [[0x0611]=0000 @0116:0611(01771)]
   mov [0x0357], al        ;    5 -- 0019:4186 36 A2 57 03           [[0x0357]=00 @0116:0357(014B7) AL=00]
   mov [0x034c], al        ;    5 -- 0019:418A 36 A2 4C 03           [[0x034c]=00 @0116:034C(014AC) AL=00]
   mov [0x034a], al        ;    5 -- 0019:418E 36 A2 4A 03           [[0x034a]=00 @0116:034A(014AA) AL=00]
   inc ax                  ;    5 -- 0019:4192 40                    [AX=0001]
   mov [0x0358], al        ;    5 -- 0019:4193 36 A2 58 03           [[0x0358]=01 @0116:0358(014B8) AL=01]
   xchg ax, bx             ;    5 -- 0019:4197 93                  
   mov bl, ah              ;    5 -- 0019:4198 8A DC               
   shl bx, 0x01            ;    5 -- 0019:419A D1 E3               
   cld                     ;    5 -- 0019:419C FC                  
   or ah, ah               ;    5 -- 0019:419D 0A E4               
   je 0x41b8               ;    5 -- 0019:419F 74 17              lbl_0019_41B8   
   cmp ah, 0x59            ;    5 -- 0019:41A1 80 FC 59            
   je 0x41ea               ;    5 -- 0019:41A4 74 44              lbl_0019_41EA   
   cmp ah, 0x0c            ;    5 -- 0019:41A6 80 FC 0C            
   ja 0x41b8               ;    5 -- 0019:41A9 77 0D              lbl_0019_41B8   
   ; gap 0019:41AB - 0019:41B8 (13 bytes)
lbl_0019_41B8:
   mov [0x033a], ax        ;    5 -- 0019:41B8 36 A3 3A 03         
   mov [0x0323], 0x01      ;    5 -- 0019:41BC 36 C6 06 23 03 01     [[0x0323]=01 @0116:0323(01483)]
   mov [0x0320], 0x00      ;    5 -- 0019:41C2 36 C6 06 20 03 00     [[0x0320]=00 @0116:0320(01480)]
   mov [0x0322], 0xff      ;    5 -- 0019:41C8 36 C6 06 22 03 FF     [[0x0322]=ff @0116:0322(01482)]
   push ax                 ;    5 -- 0019:41CE 50                  
   mov ah, 0x82            ;    5 -- 0019:41CF B4 82                 [AH=82]
   int 0x2a                ;    5 -- 0019:41D1 CD 2A                 [; INT 2Ah AH=82h: begin critical section 2]
   pop ax                  ;    5 -- 0019:41D3 58                  
   mov [0x0358], 0x00      ;    5 -- 0019:41D4 36 C6 06 58 03 00     [[0x0358]=00 @0116:0358(014B8)]
   mov sp, 0x0920          ;    5 -- 0019:41DA BC 20 09              [SP=0920]
   test [0x0337], 0xff     ;    5 -- 0019:41DD 36 F6 06 37 03 FF     [[0x0337]=00 @0116:0337(01497)]
   je 0x41ea               ;    5 -- 0019:41E3 74 05              lbl_0019_41EA   
   ; gap 0019:41E5 - 0019:41EA (5 bytes)
lbl_0019_41EA:
   mov bx, [bx+0x3e9e]     ;    5 -- 0019:41EA 2E 8B 9F 9E 3E      
   xchg bx, [0x05ea]       ;    5 -- 0019:41EF 36 87 1E EA 05      
   mov ds, [0x05ec]        ;    5 -- 0019:41F4 36 8E 1E EC 05      
   call [0x05ea]           ;    5 -- 0019:41F9 36 FF 16 EA 05      
   and [0x0086], 0xfb      ;    5 -- 0019:41FE 36 80 26 86 00 FB     [[0x0086]=00 @0116:0086(011E6)]
   cli                     ;    5 -- 0019:4204 FA                  
   mov ds, [0x3de7]        ;    5 -- 0019:4205 2E 8E 1E E7 3D        [DS=0116 [0x3de7]=0116 @0019:3DE7(03F77)]
   cmp [0x0085], 0x00      ;    5 -- 0019:420A 80 3E 85 00 00        [[0x0085]=00 @0116:0085(011E5)]
   jne 0x4238              ;    5 -- 0019:420F 75 27              lbl_0019_4238   
   dec [0x0321]            ;    5 -- 0019:4211 FE 0E 21 03           [[0x0321]=00 @0116:0321(01481)]
   mov ss, [0x0586]        ;    5 -- 0019:4215 8E 16 86 05           [SS=211C [0x0586]=211c @0116:0586(016E6)]
   mov sp, [0x0584]        ;    5 -- 0019:4219 8B 26 84 05         
   mov bp, sp              ;    5 -- 0019:421D 8B EC               
   mov [bp+0x00], al       ;    5 -- 0019:421F 88 46 00            
   mov ax, [0x05f2]        ;    5 -- 0019:4222 A1 F2 05              [AX=05F2 [0x05f2]=05f2 @0116:05F2(01752)]
   mov [0x0584], ax        ;    5 -- 0019:4225 A3 84 05              [[0x0584]=05f2 @0116:0584(016E4) AX=05F2]
   mov ax, [0x05f0]        ;    5 -- 0019:4228 A1 F0 05              [AX=1738 [0x05f0]=1738 @0116:05F0(01750)]
   mov [0x0586], ax        ;    5 -- 0019:422B A3 86 05              [[0x0586]=1738 @0116:0586(016E6) AX=1738]
   pop ax                  ;    5 -- 0019:422E 58                  
   pop bx                  ;    5 -- 0019:422F 5B                  
   pop cx                  ;    5 -- 0019:4230 59                    [CX=0020]
   pop dx                  ;    5 -- 0019:4231 5A                  
   pop si                  ;    5 -- 0019:4232 5E                    [SI=000E]
   pop di                  ;    5 -- 0019:4233 5F                    [DI=0699]
   pop bp                  ;    5 -- 0019:4234 5D                    [BP=4C34]
   pop ds                  ;    5 -- 0019:4235 1F                  
   pop es                  ;    5 -- 0019:4236 07                  
   iret                    ;    5 -- 0019:4237 CF                  
   ; gap 0019:4238 - 0019:4282 (74 bytes)

func_0019_4282:
   mov ds, [0x3de7]        ;    3 -- 0019:4282 2E 8E 1E E7 3D        [DS=0116 [0x3de7]=0116 @0019:3DE7(03F77)]
   lds si, [0x0584]        ;    3 -- 0019:4287 C5 36 84 05           [SI=4C14 [0x0584]=706f @211C:0584(21744)]
   ret                     ;    3 -- 0019:428B C3                  
   ; gap 0019:428C - 0019:4C8A (2558 bytes)
   call 0x4cbe             ;    3 -- 0019:4C8A E8 31 00           func_0019_4CBE   
   les bx, [bx]            ;    3 -- 0019:4C8D 26 C4 1F            
   call 0x4282             ;    3 -- 0019:4C90 E8 EF F5           func_0019_4282   
   mov [si+0x02], bx       ;    3 -- 0019:4C93 89 5C 02            
   mov [si+0x10], 0x16c3   ;    3 -- 0019:4C96 8C 44 10              [[0x4c24]=16c3 @211C:4C24(25DE4)]
   ret                     ;    3 -- 0019:4C99 C3                  
   call 0x4cbe             ;    2 -- 0019:4C9A E8 21 00           func_0019_4CBE   
   cli                     ;    2 -- 0019:4C9D FA                  
   mov [bx], dx            ;    2 -- 0019:4C9E 26 89 17            
   mov [bx+0x02], 0x188f   ;    2 -- 0019:4CA1 26 8C 5F 02         
   sti                     ;    2 -- 0019:4CA5 FB                  
   test [0x0086], 0x04     ;    2 -- 0019:4CA6 36 F6 06 86 00 04     [[0x0086]=00 @0116:0086(011E6)]
   jne 0x4caf              ;    2 -- 0019:4CAC 75 01              lbl_0019_4CAF   
   ret                     ;    2 -- 0019:4CAE C3                  
   ; gap 0019:4CAF - 0019:4CBE (15 bytes)

func_0019_4CBE:
   xor bx, bx              ;    5 -- 0019:4CBE 33 DB                 [BX=0000 BX=0000]
   mov es, bx              ;    5 -- 0019:4CC0 8E C3                 [ES=0000 BX=0000]
   mov bl, al              ;    5 -- 0019:4CC2 8A D8               
   shl bx, 0x01            ;    5 -- 0019:4CC4 D1 E3               
   shl bx, 0x01            ;    5 -- 0019:4CC6 D1 E3               
   ret                     ;    5 -- 0019:4CC8 C3                  
   call 0x0147             ;    2 -- 16C3:003C E8 08 01           func_16C3_0147   
   ; gap 16C3:003F - 16C3:0045 (6 bytes)
   jmp short 0x0049        ;    2 -- 16C3:0045 EB 02              lbl_16C3_0049   
   ; gap 16C3:0047 - 16C3:0049 (2 bytes)
lbl_16C3_0049:
   call 0x0147             ;    2 -- 16C3:0049 E8 FB 00           func_16C3_0147   
   ; gap 16C3:004C - 16C3:0147 (251 bytes)

func_16C3_0147:
   push ax                 ;    4 -- 16C3:0147 50                  
   push bp                 ;    4 -- 16C3:0148 55                  
   push es                 ;    4 -- 16C3:0149 06                  
   mov es, [0x000a]        ;    4 -- 16C3:014A 2E 8E 06 0A 00        [ES=16EA [0x000a]=16ea @16C3:000A(16C3A)]
   mov bp, [0x0010]        ;    4 -- 16C3:014F 2E 8B 2E 10 00        [BP=0040 [0x0010]=0040 @16C3:0010(16C40)]
   mov al, 0x01            ;    4 -- 16C3:0154 B0 01                 [AL=01]
   xchg al, [bp+0x00]      ;    4 -- 16C3:0156 26 86 46 00           [AL=00 [0x0040]=01 @16EA:0040(16EE0)]
   cmp al, 0x00            ;    4 -- 16C3:015A 3C 00                 [AL=00]
   jne 0x01af              ;    4 -- 16C3:015C 75 51              lbl_16C3_01AF   
   sub [0x0010], 0x0008    ;    4 -- 16C3:015E 2E 83 2E 10 00 08     [[0x0010]=0038 @16C3:0010(16C40)]
   mov [bp+0x02], sp       ;    4 -- 16C3:0164 26 89 66 02         
   mov [bp+0x04], 0x211c   ;    4 -- 16C3:0168 26 8C 56 04           [[0x0044]=211c @16EA:0044(16EE4)]
   mov ax, bp              ;    4 -- 16C3:016C 8B C5                 [AX=0040 BP=0040]
   mov bp, [bp+0x06]       ;    4 -- 16C3:016E 26 8B 6E 06           [BP=04C6 [0x04cc]=0000 @16EA:04CC(1736C)]
   cmp [bp+0x00], ax       ;    4 -- 16C3:0172 26 39 46 00           [[0x04c6]=0040 @16EA:04C6(17366) AX=0040]
   jne 0x01bc              ;    4 -- 16C3:0176 75 44              lbl_16C3_01BC   
   mov ax, 0x16ea          ;    4 -- 16C3:0178 8C C0                 [AX=16EA]
   mov es, bp              ;    4 -- 16C3:017A 8E C5                 [ES=04C6 BP=04C6]
   mov bp, sp              ;    4 -- 16C3:017C 8B EC               
   mov bp, [bp+0x06]       ;    4 -- 16C3:017E 8B 6E 06            
   mov ss, ax              ;    4 -- 16C3:0181 8E D0                 [SS=16EA AX=16EA]
   mov sp, 0x04c6          ;    4 -- 16C3:0183 8C C4                 [SP=04C6]
   mov es, ax              ;    4 -- 16C3:0185 8E C0                 [ES=16EA AX=16EA]
   mov bp, [bp+0x00]       ;    4 -- 16C3:0187 2E 8B 6E 00         
   pushf                   ;    4 -- 16C3:018B 9C                  
   call far [bp+0x00]      ;    4 -- 16C3:018C 2E FF 5E 00         
   mov bp, sp              ;    5 -- 16C3:0190 8B EC                 [BP=04C6 SP=04C6]
   mov bp, [bp+0x00]       ;    5 -- 16C3:0192 26 8B 6E 00           [BP=0040 [0x0040]=0001 @16EA:0040(16EE0)]
   mov ss, [bp+0x04]       ;    5 -- 16C3:0196 26 8E 56 04           [SS=211C [0x0044]=211c @16EA:0044(16EE4)]
   mov sp, [bp+0x02]       ;    5 -- 16C3:019A 26 8B 66 02         
   mov [bp+0x00], 0x00     ;    5 -- 16C3:019E 26 C6 46 00 00        [[0x0040]=00 @16EA:0040(16EE0)]
   mov [0x0010], bp        ;    5 -- 16C3:01A3 2E 89 2E 10 00        [[0x0010]=0040 @16C3:0010(16C40) BP=0040]
   pop es                  ;    5 -- 16C3:01A8 07                  
   pop bp                  ;    5 -- 16C3:01A9 5D                  
   pop ax                  ;    5 -- 16C3:01AA 58                  
   add sp, 0x0002          ;    5 -- 16C3:01AB 83 C4 02            
   iret                    ;    5 -- 16C3:01AE CF                  

; Sets up and shows the dialog at struct 0x03B0, then handles input.
; Populates status bar text (0x43DC) and title string (0x40F6) before drawing.
; Called in response to a key press (F2). Closes and restores screen on exit.
func_run_dialog:   ; 188F:01A0
   push bp                 ;    1 -- 188F:01A0 55                    [BP=4C40]
   mov bp, sp              ;    1 -- 188F:01A1 8B EC                 [BP=4C34 SP=4C34]
   mov ax, 0x0004          ;    1 -- 188F:01A3 B8 04 00              [AX=0004]
   call 0x6178             ;    1 -- 188F:01A6 E8 CF 5F           func_188F_6178   
   mov [0x17a2], 0x0000    ;    1 -- 188F:01A9 C7 06 A2 17 00 00     [[0x17a2]=0000 @211C:17A2(22962)]
   sub ax, ax              ;    1 -- 188F:01AF 2B C0                 [AX=0000 AX=0000]
   push ax                 ;    1 -- 188F:01B1 50                    [AX=0000]
   mov cx, 0xffff          ;    1 -- 188F:01B2 B9 FF FF              [CX=FFFF]
   push cx                 ;    1 -- 188F:01B5 51                    [CX=FFFF]
   push [0x17a4]           ;    1 -- 188F:01B6 FF 36 A4 17           [[0x17a4]=311d @211C:17A4(22964)]
   push [0x17a2]           ;    1 -- 188F:01BA FF 36 A2 17           [[0x17a2]=0000 @211C:17A2(22962)]
   call 0x4bab             ;    1 -- 188F:01BE E8 EA 49           func_188F_4BAB   
   add sp, 0x0008          ;    1 -- 188F:01C1 83 C4 08              [SP=4C30]
   mov ax, 0x0568          ;    1 -- 188F:01C4 B8 68 05              [AX=0568]
   push ax                 ;    1 -- 188F:01C7 50                    [AX=0568]
   mov ax, 0x0300          ;    1 -- 188F:01C8 B8 00 03              [AX=0300]
   push ax                 ;    1 -- 188F:01CB 50                    [AX=0300]
   ; 0x43DC = status bar text buffer for this dialog (struct[+1a]); populated
   ; before drawing
   mov ax, 0x43dc          ;    1 -- 188F:01CC B8 DC 43              [AX=43DC]
   push ax                 ;    1 -- 188F:01CF 50                    [AX=43DC]
   call 0x7294             ;    1 -- 188F:01D0 E8 C1 70           func_188F_7294   
   add sp, 0x0006          ;    1 -- 188F:01D3 83 C4 06              [SP=4C30]
   mov ax, 0x4394          ;    1 -- 188F:01D6 B8 94 43              [AX=4394]
   push ax                 ;    1 -- 188F:01D9 50                    [AX=4394]
   mov ax, 0x4092          ;    1 -- 188F:01DA B8 92 40              [AX=4092]
   push ax                 ;    1 -- 188F:01DD 50                    [AX=4092]
   call 0x7164             ;    1 -- 188F:01DE E8 83 6F           func_188F_7164   
   add sp, 0x0004          ;    1 -- 188F:01E1 83 C4 04              [SP=4C30]
   push ax                 ;    1 -- 188F:01E4 50                    [AX=4092]
   call 0x56f6             ;    1 -- 188F:01E5 E8 0E 55           func_188F_56F6   
   add sp, 0x0002          ;    1 -- 188F:01E8 83 C4 02              [SP=4C30]
   push ax                 ;    1 -- 188F:01EB 50                    [AX=4092]
   call 0x5720             ;    1 -- 188F:01EC E8 31 55           func_188F_5720   
   add sp, 0x0002          ;    1 -- 188F:01EF 83 C4 02              [SP=4C30]
   mov ax, 0x4092          ;    1 -- 188F:01F2 B8 92 40              [AX=4092]
   push ax                 ;    1 -- 188F:01F5 50                    [AX=4092]
   mov ax, 0x056d          ;    1 -- 188F:01F6 B8 6D 05              [AX=056D]
   push ax                 ;    1 -- 188F:01F9 50                    [AX=056D]
   ; 0x40F6 = dialog title string buffer (struct[+0a]); populated before drawing
   mov ax, 0x40f6          ;    1 -- 188F:01FA B8 F6 40              [AX=40F6]
   push ax                 ;    1 -- 188F:01FD 50                    [AX=40F6]
   call 0x7294             ;    1 -- 188F:01FE E8 93 70           func_188F_7294   
   add sp, 0x0006          ;    1 -- 188F:0201 83 C4 06              [SP=4C30]
   mov ax, 0x03b0          ;    1 -- 188F:0204 B8 B0 03              [AX=03B0]
   push ax                 ;    1 -- 188F:0207 50                    [AX=03B0]
   call 0x50ea             ;    1 -- 188F:0208 E8 DF 4E           func_draw_dialog_box   
   add sp, 0x0002          ;    1 -- 188F:020B 83 C4 02              [SP=4C30]
   ; func_draw_dialog_box returns 0 if buffer allocation failed; skip input loop in
   ; that case
   or ax, ax               ;    1 -- 188F:020E 0B C0                 [AX=0001 AX=0001]
   je 0x021f               ;    1 -- 188F:0210 74 0D              dialog_done   
   call 0x12e1             ;    1 -- 188F:0212 E8 CC 10           func_start_audio   
   call 0x2bba             ;    1 -- 188F:0215 E8 A2 29           func_dialog_event_loop   
   mov ax, 0x03b0          ;    1 -- 188F:0218 B8 B0 03              [AX=03B0]
   push ax                 ;    1 -- 188F:021B 50                    [AX=03B0]
   ; close dialog: restore screen from saved buffer and free it
   call 0x55da             ;    1 -- 188F:021C E8 BB 53           func_close_dialog_box   
dialog_done:   ; 188F:021F
   mov sp, bp              ;    1 -- 188F:021F 8B E5                 [SP=4C34 BP=4C34]
   pop bp                  ;    1 -- 188F:0221 5D                    [BP=4C40]
   ret                     ;    1 -- 188F:0222 C3                  
   ; gap 188F:0223 - 188F:07EC (1481 bytes)
lbl_188F_07EC:
   call 0x56e8             ;    1 -- 188F:07EC E8 F9 4E           func_188F_56E8   
   cmp ax, 0x3f00          ;    1 -- 188F:07EF 3D 00 3F              [AX=3C00]
   je 0x0828               ;    1 -- 188F:07F2 74 34              lbl_188F_0828   
   jle 0x07f9              ;    1 -- 188F:07F4 7E 03              lbl_188F_07F9   
   ; gap 188F:07F6 - 188F:07F9 (3 bytes)
lbl_188F_07F9:
   sub ax, 0x3b00          ;    1 -- 188F:07F9 2D 00 3B              [AX=0100]
   je 0x0810               ;    1 -- 188F:07FC 74 12              lbl_188F_0810   
   sub ax, 0x0100          ;    1 -- 188F:07FE 2D 00 01              [AX=0000]
   je 0x0816               ;    1 -- 188F:0801 74 13              lbl_188F_0816   
   ; gap 188F:0803 - 188F:0816 (19 bytes)
lbl_188F_0816:
   call 0x01a0             ;    1 -- 188F:0816 E8 87 F9           func_run_dialog   
   jmp short 0x089a        ;    1 -- 188F:0819 EB 7F              lbl_188F_089A   
   ; gap 188F:081B - 188F:089A (127 bytes)
lbl_188F_089A:
   cmp [bp-0x02], 0x0000   ;    1 -- 188F:089A 83 7E FE 00           [[0x4c3e]=0001 @211C:4C3E(25DFE)]
   je 0x08a3               ;    1 -- 188F:089E 74 03              lbl_188F_08A3   
   jmp 0x07ec              ;    1 -- 188F:08A0 E9 49 FF           lbl_188F_07EC   
   ; gap 188F:08A3 - 188F:08B4 (17 bytes)

func_188F_08B4:
   push bp                 ;    1 -- 188F:08B4 55                    [BP=4C34]
   mov bp, sp              ;    1 -- 188F:08B5 8B EC                 [BP=4C2A SP=4C2A]
   mov ax, 0x0008          ;    1 -- 188F:08B7 B8 08 00              [AX=0008]
   call 0x6178             ;    1 -- 188F:08BA E8 BB 58           func_188F_6178   
   mov ax, [0x02fe]        ;    1 -- 188F:08BD A1 FE 02              [AX=0000 [0x02fe]=0000 @211C:02FE(214BE)]
   mov [bp-0x08], ax       ;    1 -- 188F:08C0 89 46 F8              [[0x4c22]=0000 @211C:4C22(25DE2) AX=0000]
   mov [0x02fe], 0x0000    ;    1 -- 188F:08C3 C7 06 FE 02 00 00     [[0x02fe]=0000 @211C:02FE(214BE)]
   call 0x1d28             ;    1 -- 188F:08C9 E8 5C 14           func_188F_1D28   
   mov ax, [bp-0x08]       ;    1 -- 188F:08CC 8B 46 F8              [AX=0000 [0x4c22]=0000 @211C:4C22(25DE2)]
   mov [0x02fe], ax        ;    1 -- 188F:08CF A3 FE 02              [[0x02fe]=0000 @211C:02FE(214BE) AX=0000]
   or ax, ax               ;    1 -- 188F:08D2 0B C0                 [AX=0000 AX=0000]
   jne 0x08d9              ;    1 -- 188F:08D4 75 03              lbl_188F_08D9   
   jmp 0x09a6              ;    1 -- 188F:08D6 E9 CD 00           lbl_188F_09A6   
   ; gap 188F:08D9 - 188F:09A6 (205 bytes)
lbl_188F_09A6:
   mov sp, bp              ;    1 -- 188F:09A6 8B E5                 [SP=4C2A BP=4C2A]
   pop bp                  ;    1 -- 188F:09A8 5D                    [BP=4C34]
   ret                     ;    1 -- 188F:09A9 C3                  
   ; gap 188F:09AA - 188F:0ADA (304 bytes)

func_188F_0ADA:
   cbw                     ;    1 -- 188F:0ADA 98                  
   xchg al, ah             ;    1 -- 188F:0ADB 86 C4                 [AL=00 AH=05]
   shr ax, 0x01            ;    1 -- 188F:0ADD D1 E8                 [AX=0280]
   shr ax, 0x01            ;    1 -- 188F:0ADF D1 E8                 [AX=0140]
   mov si, ax              ;    1 -- 188F:0AE1 8B F0                 [SI=0140 AX=0140]
   add si, 0x0ef0          ;    1 -- 188F:0AE3 81 C6 F0 0E           [SI=1030]
   mov [0x06a2], si        ;    1 -- 188F:0AE7 89 36 A2 06           [[0x06a2]=1030 @211C:06A2(21862) SI=1030]
   mov [0x06ac], si        ;    1 -- 188F:0AEB 89 36 AC 06           [[0x06ac]=1030 @211C:06AC(2186C) SI=1030]
   ret                     ;    1 -- 188F:0AEF C3                  
   ; gap 188F:0AF0 - 188F:11E0 (1776 bytes)

; Programs the PIT timer with a rate from the frequency table at 0x171E.
; Index is [0x176C]; reload value stored in [0x17A0] then written to PIT via
; func_program_pit.
func_set_pit_rate:   ; 188F:11E0
   mov al, [0x176c]        ;    1 -- 188F:11E0 A0 6C 17              [AL=07 [0x176c]=07 @211C:176C(2292C)]
   cbw                     ;    1 -- 188F:11E3 98                  
   shl ax, 0x01            ;    1 -- 188F:11E4 D1 E0                 [AX=000E]
   mov si, ax              ;    1 -- 188F:11E6 8B F0                 [SI=000E AX=000E]
   ; PIT reload value from frequency table: base 0x171E + [0x176C]*2; controls
   ; music tick rate
   mov ax, [si+0x171e]     ;    1 -- 188F:11E8 8B 84 1E 17           [AX=8915 [0x172c]=8915 @211C:172C(228EC)]
   mov [0x17a0], ax        ;    1 -- 188F:11EC A3 A0 17              [[0x17a0]=8915 @211C:17A0(22960) AX=8915]
   call 0x151a             ;    1 -- 188F:11EF E8 28 03           func_program_pit   
   ret                     ;    1 -- 188F:11F2 C3                  

; Initializes FM voice state and loads sound parameters from config block at
; 0x43B0.
; Iterates 5 voice structs at 0x1586, then reads settings (volume, tempo,
; voices, SB params)
; from 0x43B0 via lodsw and distributes them to their respective state
; variables.
func_load_sound_config:   ; 188F:11F3
   mov bx, 0x1586          ;    1 -- 188F:11F3 BB 86 15              [BX=1586]
   sub si, si              ;    1 -- 188F:11F6 2B F6                 [SI=0000 SI=0000]
lbl_188F_11F8:
   sub ax, ax              ;    5 -- 188F:11F8 2B C0                 [AX=0000 AX=0000]
   mov [bx+0x10], ax       ;    5 -- 188F:11FA 89 47 10            
   mov al, [si+0x16fa]     ;    5 -- 188F:11FD 8A 84 FA 16           [AL=0F [0x16fa]=0f @211C:16FA(228BA)]
   mov [bx+0x02], al       ;    5 -- 188F:1201 88 47 02            
   mov al, [si+0x1706]     ;    5 -- 188F:1204 8A 84 06 17           [AL=00 [0x1706]=00 @211C:1706(228C6)]
   mov [bx+0x0e], al       ;    5 -- 188F:1208 88 47 0E            
   mov al, [si+0x16ee]     ;    5 -- 188F:120B 8A 84 EE 16           [AL=01 [0x16ee]=01 @211C:16EE(228AE)]
   mov [bx+0x1a], 0x01     ;    5 -- 188F:120F C6 47 1A 01         
   add bx, 0x001d          ;    5 -- 188F:1213 83 C3 1D            
   cmp bx, 0x1617          ;    5 -- 188F:1216 81 FB 17 16         
   jb 0x11f8               ;    5 -- 188F:121A 72 DC              lbl_188F_11F8   
   mov si, 0x43b0          ;    1 -- 188F:121C BE B0 43              [SI=43B0]
   lodsw                   ;    1 -- 188F:121F AD                  
   mov [0x156c], al        ;    1 -- 188F:1220 A2 6C 15              [[0x156c]=00 @211C:156C(2272C) AL=00]
   lodsw                   ;    1 -- 188F:1223 AD                  
   mov [0x1574], al        ;    1 -- 188F:1224 A2 74 15              [[0x1574]=02 @211C:1574(22734) AL=02]
   lodsw                   ;    1 -- 188F:1227 AD                  
   mov [0x1575], al        ;    1 -- 188F:1228 A2 75 15              [[0x1575]=03 @211C:1575(22735) AL=03]
   lodsw                   ;    1 -- 188F:122B AD                  
   mov [0x068e], al        ;    1 -- 188F:122C A2 8E 06              [[0x068e]=01 @211C:068E(2184E) AL=01]
   lodsw                   ;    1 -- 188F:122F AD                  
   mov [0x068d], al        ;    1 -- 188F:1230 A2 8D 06              [[0x068d]=01 @211C:068D(2184D) AL=01]
   lodsw                   ;    1 -- 188F:1233 AD                  
   mov [0x176c], al        ;    1 -- 188F:1234 A2 6C 17              [[0x176c]=07 @211C:176C(2292C) AL=07]
   lodsw                   ;    1 -- 188F:1237 AD                  
   mov [0x1260], al        ;    1 -- 188F:1238 A2 60 12              [[0x1260]=00 @211C:1260(22420) AL=00]
   lodsw                   ;    1 -- 188F:123B AD                  
   mov [0x068c], al        ;    1 -- 188F:123C A2 8C 06              [[0x068c]=08 @211C:068C(2184C) AL=08]
   lodsw                   ;    1 -- 188F:123F AD                  
   mov [0x069b], al        ;    1 -- 188F:1240 A2 9B 06              [[0x069b]=05 @211C:069B(2185B) AL=05]
   push si                 ;    1 -- 188F:1243 56                    [SI=43C2]
   call 0x0ada             ;    1 -- 188F:1244 E8 93 F8           func_188F_0ADA   
   pop si                  ;    1 -- 188F:1247 5E                    [SI=43C2]
   lodsw                   ;    1 -- 188F:1248 AD                  
   mov bx, si              ;    1 -- 188F:1249 8B DE                 [BX=43C4 SI=43C4]
   shl ax, 0x01            ;    1 -- 188F:124B D1 E0                 [AX=0004]
   add bx, ax              ;    1 -- 188F:124D 03 D8                 [BX=43C8 AX=0004]
   mov ax, [bx]            ;    1 -- 188F:124F 8B 07                 [AX=000A [0x43c8]=000a @211C:43C8(25588)]
   push si                 ;    1 -- 188F:1251 56                    [SI=43C4]
   call 0x1afc             ;    1 -- 188F:1252 E8 A7 08           func_188F_1AFC   
   pop si                  ;    1 -- 188F:1255 5E                    [SI=43C4]
   mov di, 0x18b7          ;    1 -- 188F:1256 BF B7 18              [DI=18B7]
   movsb                   ;    1 -- 188F:1259 A4                  
   inc si                  ;    1 -- 188F:125A 46                    [SI=43C6]
   movsb                   ;    1 -- 188F:125B A4                  
   inc si                  ;    1 -- 188F:125C 46                    [SI=43C8]
   movsb                   ;    1 -- 188F:125D A4                  
   inc si                  ;    1 -- 188F:125E 46                    [SI=43CA]
   movsb                   ;    1 -- 188F:125F A4                  
   inc si                  ;    1 -- 188F:1260 46                    [SI=43CC]
   lodsw                   ;    1 -- 188F:1261 AD                  
   mov bx, si              ;    1 -- 188F:1262 8B DE                 [BX=43CE SI=43CE]
   shl ax, 0x01            ;    1 -- 188F:1264 D1 E0                 [AX=0000]
   add bx, ax              ;    1 -- 188F:1266 03 D8                 [BX=43CE AX=0000]
   mov ax, [bx]            ;    1 -- 188F:1268 8B 07                 [AX=0000 [0x43ce]=0000 @211C:43CE(2558E)]
   mov [0x0699], al        ;    1 -- 188F:126A A2 99 06              [[0x0699]=00 @211C:0699(21859) AL=00]
   inc al                  ;    1 -- 188F:126D FE C0                 [AL=01]
   mov [0x069a], al        ;    1 -- 188F:126F A2 9A 06              [[0x069a]=01 @211C:069A(2185A) AL=01]
   mov di, 0x0695          ;    1 -- 188F:1272 BF 95 06              [DI=0695]
   movsb                   ;    1 -- 188F:1275 A4                  
   inc si                  ;    1 -- 188F:1276 46                    [SI=43D0]
   movsb                   ;    1 -- 188F:1277 A4                  
   inc si                  ;    1 -- 188F:1278 46                    [SI=43D2]
   movsb                   ;    1 -- 188F:1279 A4                  
   inc si                  ;    1 -- 188F:127A 46                    [SI=43D4]
   movsb                   ;    1 -- 188F:127B A4                  
   inc si                  ;    1 -- 188F:127C 46                    [SI=43D6]
   lodsw                   ;    1 -- 188F:127D AD                  
   mov [0x18b4], al        ;    1 -- 188F:127E A2 B4 18              [[0x18b4]=08 @211C:18B4(22A74) AL=08]
   call 0x12d4             ;    1 -- 188F:1281 E8 50 00           func_188F_12D4   
   mov [0x176d], al        ;    1 -- 188F:1284 A2 6D 17              [[0x176d]=7f @211C:176D(2292D) AL=7F]
   lodsw                   ;    1 -- 188F:1287 AD                  
   mov [0x18b5], al        ;    1 -- 188F:1288 A2 B5 18              [[0x18b5]=03 @211C:18B5(22A75) AL=03]
   call 0x12d4             ;    1 -- 188F:128B E8 46 00           func_188F_12D4   
   mov [0x176e], al        ;    1 -- 188F:128E A2 6E 17              [[0x176e]=2f @211C:176E(2292E) AL=2F]
   lodsw                   ;    1 -- 188F:1291 AD                  
   mov [0x18b6], al        ;    1 -- 188F:1292 A2 B6 18              [[0x18b6]=03 @211C:18B6(22A76) AL=03]
   call 0x12d4             ;    1 -- 188F:1295 E8 3C 00           func_188F_12D4   
   mov [0x176f], al        ;    1 -- 188F:1298 A2 6F 17              [[0x176f]=2f @211C:176F(2292F) AL=2F]
   mov [0x1572], 0x03      ;    1 -- 188F:129B C6 06 72 15 03        [[0x1572]=03 @211C:1572(22732)]
   mov al, [0x068c]        ;    1 -- 188F:12A0 A0 8C 06              [AL=08 [0x068c]=08 @211C:068C(2184C)]
   mov [0x125e], 0x04      ;    1 -- 188F:12A3 C6 06 5E 12 04        [[0x125e]=04 @211C:125E(2241E)]
   sub al, al              ;    1 -- 188F:12A8 2A C0                 [AL=00 AL=00]
   mov [0x125d], 0x00      ;    1 -- 188F:12AA C6 06 5D 12 00        [[0x125d]=00 @211C:125D(2241D)]
   mov [0x125b], al        ;    1 -- 188F:12AF A2 5B 12              [[0x125b]=00 @211C:125B(2241B) AL=00]
   mov [0x125c], al        ;    1 -- 188F:12B2 A2 5C 12              [[0x125c]=00 @211C:125C(2241C) AL=00]
   mov [0x0690], al        ;    1 -- 188F:12B5 A2 90 06              [[0x0690]=00 @211C:0690(21850) AL=00]
   mov [0x068f], al        ;    1 -- 188F:12B8 A2 8F 06              [[0x068f]=00 @211C:068F(2184F) AL=00]
   mov [0x156d], al        ;    1 -- 188F:12BB A2 6D 15              [[0x156d]=00 @211C:156D(2272D) AL=00]
   mov [0x1256], 0x0ab0    ;    1 -- 188F:12BE C7 06 56 12 B0 0A     [[0x1256]=0ab0 @211C:1256(22416)]
   mov ax, 0x70c4          ;    1 -- 188F:12C4 B8 C4 70              [AX=70C4]
   cmp [0x02fb], 0xb8      ;    1 -- 188F:12C7 80 3E FB 02 B8        [[0x02fb]=b8 @211C:02FB(214BB)]
   jae 0x12d0              ;    1 -- 188F:12CC 73 02              lbl_188F_12D0   
   ; gap 188F:12CE - 188F:12D0 (2 bytes)
lbl_188F_12D0:
   mov [0x1258], ax        ;    1 -- 188F:12D0 A3 58 12              [[0x1258]=70c4 @211C:1258(22418) AX=70C4]
   ret                     ;    1 -- 188F:12D3 C3                  

func_188F_12D4:
   or al, al               ;    3 -- 188F:12D4 0A C0               
   je 0x12de               ;    3 -- 188F:12D6 74 06              lbl_188F_12DE   
   mov cl, 0x04            ;    3 -- 188F:12D8 B1 04                 [CL=04]
   shl al, cl              ;    3 -- 188F:12DA D2 E0               
   dec al                  ;    3 -- 188F:12DC FE C8               
lbl_188F_12DE:
   ret                     ;    3 -- 188F:12DE C3                  
   ; gap 188F:12DF - 188F:12E1 (2 bytes)

; Starts the audio system: loads sound config, programs the PIT timer rate,
; saves current INT 8/9/SB vectors, then installs own INT 8 (music tick at
; 188F:132E)
; and INT 9 (keyboard at 188F:1381) handlers. Sets [0x17AA]=1 when done.
func_start_audio:   ; 188F:12E1
   mov ax, 0x211c          ;    1 -- 188F:12E1 8C D8                 [AX=211C]
   mov es, ax              ;    1 -- 188F:12E3 8E C0                 [ES=211C AX=211C]
   call 0x11f3             ;    1 -- 188F:12E5 E8 0B FF           func_load_sound_config   
   ; [0x02FE] = mode flag; 0 = initial state, skip conditional SB hardware init
   cmp [0x02fe], 0x0000    ;    1 -- 188F:12E8 83 3E FE 02 00        [[0x02fe]=0000 @211C:02FE(214BE)]
   jne 0x12f2              ;    1 -- 188F:12ED 75 03              install_int_vectors   
   call 0x08b4             ;    1 -- 188F:12EF E8 C2 F5           func_188F_08B4   
install_int_vectors:   ; 188F:12F2
   call 0x11e0             ;    1 -- 188F:12F2 E8 EB FE           func_set_pit_rate   
   call 0x17c0             ;    1 -- 188F:12F5 E8 C8 04           func_save_int_vectors   
   mov ax, 0x188f          ;    1 -- 188F:12F8 8C C8                 [AX=188F]
   mov ds, ax              ;    1 -- 188F:12FA 8E D8                 [DS=188F AX=188F]
   mov dx, 0x1381          ;    1 -- 188F:12FC BA 81 13              [DX=1381]
   ; INT 21h/25h: install own INT 9 (keyboard) handler at 188F:1381
   mov ax, 0x2509          ;    1 -- 188F:12FF B8 09 25              [AX=2509]
   int 0x21                ;    1 -- 188F:1302 CD 21               
   mov dx, 0x132e          ;    1 -- 188F:1304 BA 2E 13              [DX=132E]
   ; INT 21h/25h: install own INT 8 (timer) handler at 188F:132E for music ticks
   mov ax, 0x2508          ;    1 -- 188F:1307 B8 08 25              [AX=2508]
   int 0x21                ;    1 -- 188F:130A CD 21               
   mov ax, 0x211c          ;    1 -- 188F:130C B8 1C 21              [AX=211C]
   mov ds, ax              ;    1 -- 188F:130F 8E D8                 [DS=211C AX=211C]
   mov [0x17a6], 0x00      ;    1 -- 188F:1311 C6 06 A6 17 00        [[0x17a6]=00 @211C:17A6(22966)]
   mov [0x17b7], 0x1495    ;    1 -- 188F:1316 C7 06 B7 17 95 14     [[0x17b7]=1495 @211C:17B7(22977)]
   mov dx, 0x13b3          ;    1 -- 188F:131C BA B3 13              [DX=13B3]
   call 0x17f0             ;    1 -- 188F:131F E8 CE 04           func_188F_17F0   
   mov [0x179e], 0x0000    ;    1 -- 188F:1322 C7 06 9E 17 00 00     [[0x179e]=0000 @211C:179E(2295E)]
   mov al, 0x01            ;    1 -- 188F:1328 B0 01                 [AL=01]
   ; [0x17AA] = 1: audio system now active
   mov [0x17aa], al        ;    1 -- 188F:132A A2 AA 17              [[0x17aa]=01 @211C:17AA(2296A) AL=01]
   ret                     ;    1 -- 188F:132D C3                  
   ; gap 188F:132E - 188F:151A (492 bytes)

; Programs PIT channel 0 with the reload value in AX.
; Writes mode byte 0x36 (ch0, mode 3, 16-bit binary) to port 0x43, then AX
; low/high to port 0x40.
func_program_pit:   ; 188F:151A
   push ax                 ;    1 -- 188F:151A 50                    [AX=8915]
   mov al, 0x36            ;    1 -- 188F:151B B0 36                 [AL=36]
   ; PIT mode byte 0x36: channel 0, mode 3 (square wave), 16-bit binary count
   out 0x43, al            ;    1 -- 188F:151D E6 43              PIT mode/command     [AL=36    ; PIT Control]
   pop ax                  ;    1 -- 188F:151F 58                    [AX=8915]
   out 0x40, al            ;    1 -- 188F:1520 E6 40              PIT ch0 (system timer)     [AL=15    ; PIT Channel 0]
   mov al, ah              ;    1 -- 188F:1522 8A C4                 [AL=89 AH=89]
   out 0x40, al            ;    1 -- 188F:1524 E6 40              PIT ch0 (system timer)     [AL=89    ; PIT Channel 0]
   ret                     ;    1 -- 188F:1526 C3                  
   ; gap 188F:1527 - 188F:17C0 (665 bytes)

; Saves current INT 8 (timer), INT 9 (keyboard), and SB hardware IRQ vectors.
; INT number for SB IRQ is read from [0x38B0]. Saved to [0x1770..177A] for later
; restore.
func_save_int_vectors:   ; 188F:17C0
   ; INT 21h/35h: get INT 9 (keyboard) vector; save offset to [0x1770], segment to
   ; [0x1772]
   mov ax, 0x3509          ;    1 -- 188F:17C0 B8 09 35              [AX=3509]
   int 0x21                ;    1 -- 188F:17C3 CD 21               
   mov [0x1770], bx        ;    1 -- 188F:17C5 89 1E 70 17           [[0x1770]=0045 @211C:1770(22930) BX=0045]
   mov [0x1772], 0x16c3    ;    1 -- 188F:17C9 8C 06 72 17           [[0x1772]=16c3 @211C:1772(22932)]
   ; INT 21h/35h: get INT 8 (timer) vector; save to [0x1774/1776]
   mov ax, 0x3508          ;    1 -- 188F:17CD B8 08 35              [AX=3508]
   int 0x21                ;    1 -- 188F:17D0 CD 21               
   mov [0x1774], bx        ;    1 -- 188F:17D2 89 1E 74 17           [[0x1774]=003c @211C:1774(22934) BX=003C]
   mov [0x1776], 0x16c3    ;    1 -- 188F:17D6 8C 06 76 17           [[0x1776]=16c3 @211C:1776(22936)]
   ; get SB hardware IRQ vector; interrupt number is dynamic, stored at [0x38B0]
   mov ax, 0x3500          ;    1 -- 188F:17DA B8 00 35              [AX=3500]
   add ax, [0x38b0]        ;    1 -- 188F:17DD 03 06 B0 38           [AX=350D [0x38b0]=000d @211C:38B0(24A70)]
   int 0x21                ;    1 -- 188F:17E1 CD 21               
   mov [0x1778], bx        ;    1 -- 188F:17E3 89 1E 78 17           [[0x1778]=009f @211C:1778(22938) BX=009F]
   mov [0x177a], 0x16c3    ;    1 -- 188F:17E7 8C 06 7A 17           [[0x177a]=16c3 @211C:177A(2293A)]
   mov ax, 0x211c          ;    1 -- 188F:17EB 8C D8                 [AX=211C]
   mov es, ax              ;    1 -- 188F:17ED 8E C0                 [ES=211C AX=211C]
   ret                     ;    1 -- 188F:17EF C3                  

func_188F_17F0:
   cmp [0x02fe], 0x0000    ;    1 -- 188F:17F0 83 3E FE 02 00        [[0x02fe]=0000 @211C:02FE(214BE)]
   je 0x1823               ;    1 -- 188F:17F5 74 2C              lbl_188F_1823   
   ; gap 188F:17F7 - 188F:1823 (44 bytes)
lbl_188F_1823:
   ret                     ;    1 -- 188F:1823 C3                  
   ; gap 188F:1824 - 188F:1AFC (728 bytes)

func_188F_1AFC:
   mov [0x18bb], al        ;    1 -- 188F:1AFC A2 BB 18              [[0x18bb]=0a @211C:18BB(22A7B) AL=0A]
   mov dh, al              ;    1 -- 188F:1AFF 8A F0                 [DH=0A AL=0A]
   mov al, 0xc0            ;    1 -- 188F:1B01 B0 C0                 [AL=C0]
   call far 0x208d, 0x060c ;    1 -- 188F:1B03 9A 0C 06 8D 20     func_208D_060C   
   ret                     ;    1 -- 188F:1B08 C3                  
   ; gap 188F:1B09 - 188F:1D28 (543 bytes)

func_188F_1D28:
   push di                 ;    1 -- 188F:1D28 57                    [DI=0699]
   push si                 ;    1 -- 188F:1D29 56                    [SI=43DC]
   mov es, [0x02fa]        ;    1 -- 188F:1D2A 8E 06 FA 02           [ES=B800 [0x02fa]=b800 @211C:02FA(214BA)]
   mov dx, [0x02fc]        ;    1 -- 188F:1D2E 8B 16 FC 02           [DX=03DA [0x02fc]=03da @211C:02FC(214BC)]
   mov di, 0x0464          ;    1 -- 188F:1D32 BF 64 04              [DI=0464]
   mov [di], 0x0bc9        ;    1 -- 188F:1D35 26 C7 05 C9 0B        [[0x0464]=0bc9 @B800:0464(B8464)]
   inc di                  ;    1 -- 188F:1D3A 47                    [DI=0465]
   inc di                  ;    1 -- 188F:1D3B 47                    [DI=0466]
   cmp dl, 0xd0            ;    1 -- 188F:1D3C 80 FA D0              [DL=DA]
   jb 0x1d48               ;    1 -- 188F:1D3F 72 07              lbl_188F_1D48   
   mov ah, 0x08            ;    1 -- 188F:1D41 B4 08                 [AH=08]
lbl_188F_1D43:
   in al, dx               ; 4477 [HOT] -- 188F:1D43 EC                 port varies   
   test ah, al             ; 4477 [HOT] -- 188F:1D44 84 C4               
   je 0x1d43               ; 4477 [HOT] -- 188F:1D46 74 FB              lbl_188F_1D43   
lbl_188F_1D48:
   mov cx, 0x0049          ;    1 -- 188F:1D48 B9 49 00              [CX=0049]
   mov ax, 0x0bcd          ;    1 -- 188F:1D4B B8 CD 0B              [AX=0BCD]
   rep stosw               ;    1 -- 188F:1D4E F3 AB               
   mov [di], 0x0bbb        ;    1 -- 188F:1D50 26 C7 05 BB 0B        [[0x04f8]=0bbb @B800:04F8(B84F8)]
   mov di, 0x0508          ;    1 -- 188F:1D55 BF 08 05              [DI=0508]
lbl_188F_1D58:
   mov cl, 0x05            ;    2 -- 188F:1D58 B1 05                 [CL=05]
   mov [di-0x04], 0x0bba   ;    2 -- 188F:1D5A 26 C7 45 FC BA 0B   
   mov ax, 0x0fdb          ;    2 -- 188F:1D60 B8 DB 0F              [AX=0FDB]
   mov dl, 0x0f            ;    2 -- 188F:1D63 B2 0F                 [DL=0F]
lbl_188F_1D65:
   stosw                   ;   10 -- 188F:1D65 AB                  
   mov al, 0x20            ;   10 -- 188F:1D66 B0 20                 [AL=20]
   stosw                   ;   10 -- 188F:1D68 AB                  
   mov al, 0xdb            ;   10 -- 188F:1D69 B0 DB                 [AL=DB]
   stosw                   ;   10 -- 188F:1D6B AB                  
   mov al, 0x20            ;   10 -- 188F:1D6C B0 20                 [AL=20]
   stosw                   ;   10 -- 188F:1D6E AB                  
   mov al, 0xdb            ;   10 -- 188F:1D6F B0 DB                 [AL=DB]
   stosw                   ;   10 -- 188F:1D71 AB                  
   mov al, 0xdd            ;   10 -- 188F:1D72 B0 DD                 [AL=DD]
   stosw                   ;   10 -- 188F:1D74 AB                  
   mov al, 0xdb            ;   10 -- 188F:1D75 B0 DB                 [AL=DB]
   stosw                   ;   10 -- 188F:1D77 AB                  
   mov al, 0x20            ;   10 -- 188F:1D78 B0 20                 [AL=20]
   stosw                   ;   10 -- 188F:1D7A AB                  
   mov al, 0xdb            ;   10 -- 188F:1D7B B0 DB                 [AL=DB]
   stosw                   ;   10 -- 188F:1D7D AB                  
   mov al, 0x20            ;   10 -- 188F:1D7E B0 20                 [AL=20]
   stosw                   ;   10 -- 188F:1D80 AB                  
   mov al, 0xdb            ;   10 -- 188F:1D81 B0 DB                 [AL=DB]
   stosw                   ;   10 -- 188F:1D83 AB                  
   mov al, 0x20            ;   10 -- 188F:1D84 B0 20                 [AL=20]
   stosw                   ;   10 -- 188F:1D86 AB                  
   mov al, 0xdb            ;   10 -- 188F:1D87 B0 DB                 [AL=DB]
   stosw                   ;   10 -- 188F:1D89 AB                  
   mov al, 0xdd            ;   10 -- 188F:1D8A B0 DD                 [AL=DD]
   stosw                   ;   10 -- 188F:1D8C AB                  
   mov al, 0xdb            ;   10 -- 188F:1D8D B0 DB                 [AL=DB]
   loop 0x1d65             ;   10 -- 188F:1D8F E2 D4              lbl_188F_1D65   
   stosw                   ;    2 -- 188F:1D91 AB                  
   mov al, 0x20            ;    2 -- 188F:1D92 B0 20                 [AL=20]
   stosw                   ;    2 -- 188F:1D94 AB                  
   mov [di], 0x0bba        ;    2 -- 188F:1D95 26 C7 05 BA 0B      
   cmp di, 0x05a8          ;    2 -- 188F:1D9A 81 FF A8 05         
   jae 0x1da5              ;    2 -- 188F:1D9E 73 05              lbl_188F_1DA5   
   mov di, 0x05a8          ;    1 -- 188F:1DA0 BF A8 05              [DI=05A8]
   jmp short 0x1d58        ;    1 -- 188F:1DA3 EB B3              lbl_188F_1D58   
lbl_188F_1DA5:
   mov cl, 0x23            ;    1 -- 188F:1DA5 B1 23                 [CL=23]
   mov di, 0x0648          ;    1 -- 188F:1DA7 BF 48 06              [DI=0648]
   mov [0x0644], 0x0bba    ;    1 -- 188F:1DAA 26 C7 06 44 06 BA 0B   [[0x0644]=0bba @B800:0644(B8644)]
   mov [0x06e4], 0x0bba    ;    1 -- 188F:1DB1 26 C7 06 E4 06 BA 0B   [[0x06e4]=0bba @B800:06E4(B86E4)]
   mov ax, 0x0fdb          ;    1 -- 188F:1DB8 B8 DB 0F              [AX=0FDB]
   mov dx, 0x0fdd          ;    1 -- 188F:1DBB BA DD 0F              [DX=0FDD]
lbl_188F_1DBE:
   stosw                   ;   35 -- 188F:1DBE AB                  
   mov [di+0x009e], ax     ;   35 -- 188F:1DBF 26 89 85 9E 00      
   mov [di], dx            ;   35 -- 188F:1DC4 26 89 15            
   mov [di+0x00a0], dx     ;   35 -- 188F:1DC7 26 89 95 A0 00      
   inc di                  ;   35 -- 188F:1DCC 47                  
   inc di                  ;   35 -- 188F:1DCD 47                  
   loop 0x1dbe             ;   35 -- 188F:1DCE E2 EE              lbl_188F_1DBE   
   stosw                   ;    1 -- 188F:1DD0 AB                  
   mov [di+0x009e], ax     ;    1 -- 188F:1DD1 26 89 85 9E 00        [[0x0774]=0fdb @B800:0774(B8774) AX=0FDB]
   mov ax, dx              ;    1 -- 188F:1DD6 8B C2                 [AX=0FDD DX=0FDD]
   stosw                   ;    1 -- 188F:1DD8 AB                  
   mov [di+0x009e], ax     ;    1 -- 188F:1DD9 26 89 85 9E 00        [[0x0776]=0fdd @B800:0776(B8776) AX=0FDD]
   mov [di], 0x0bba        ;    1 -- 188F:1DDE 26 C7 05 BA 0B        [[0x06d8]=0bba @B800:06D8(B86D8)]
   mov [di+0x00a0], 0x0bba ;    1 -- 188F:1DE3 26 C7 85 A0 00 BA 0B   [[0x0778]=0bba @B800:0778(B8778)]
   mov di, 0x0784          ;    1 -- 188F:1DEA BF 84 07              [DI=0784]
   mov [di], 0x0bc8        ;    1 -- 188F:1DED 26 C7 05 C8 0B        [[0x0784]=0bc8 @B800:0784(B8784)]
   inc di                  ;    1 -- 188F:1DF2 47                    [DI=0785]
   inc di                  ;    1 -- 188F:1DF3 47                    [DI=0786]
   mov cl, 0x49            ;    1 -- 188F:1DF4 B1 49                 [CL=49]
   mov ax, 0x0bcd          ;    1 -- 188F:1DF6 B8 CD 0B              [AX=0BCD]
   rep stosw               ;    1 -- 188F:1DF9 F3 AB               
   mov [di], 0x0bbc        ;    1 -- 188F:1DFB 26 C7 05 BC 0B        [[0x0818]=0bbc @B800:0818(B8818)]
   mov di, 0x03c8          ;    1 -- 188F:1E00 BF C8 03              [DI=03C8]
   mov cx, 0x0047          ;    1 -- 188F:1E03 B9 47 00              [CX=0047]
   mov dx, [0x02fc]        ;    1 -- 188F:1E06 8B 16 FC 02           [DX=03DA [0x02fc]=03da @211C:02FC(214BC)]
   cmp dl, 0xd0            ;    1 -- 188F:1E0A 80 FA D0              [DL=DA]
   jb 0x1e16               ;    1 -- 188F:1E0D 72 07              lbl_188F_1E16   
   mov ah, 0x08            ;    1 -- 188F:1E0F B4 08                 [AH=08]
lbl_188F_1E11:
   in al, dx               ;    1 -- 188F:1E11 EC                 VGA input status 1 (color)     [AL=08 DX=03DA    ; CGA Status]
   test ah, al             ;    1 -- 188F:1E12 84 C4                 [AH=08 AL=08]
   je 0x1e11               ;    1 -- 188F:1E14 74 FB              lbl_188F_1E11   
lbl_188F_1E16:
   mov ax, 0x0720          ;    1 -- 188F:1E16 B8 20 07              [AX=0720]
   rep stosw               ;    1 -- 188F:1E19 F3 AB               
   mov cl, 0x47            ;    1 -- 188F:1E1B B1 47                 [CL=47]
   mov di, 0x0828          ;    1 -- 188F:1E1D BF 28 08              [DI=0828]
   rep stosw               ;    1 -- 188F:1E20 F3 AB               
   mov ax, 0x211c          ;    1 -- 188F:1E22 8C D8                 [AX=211C]
   mov es, ax              ;    1 -- 188F:1E24 8E C0                 [ES=211C AX=211C]
   call 0x1f6d             ;    1 -- 188F:1E26 E8 44 01           func_188F_1F6D   
   pop si                  ;    1 -- 188F:1E29 5E                    [SI=43DC]
   pop di                  ;    1 -- 188F:1E2A 5F                    [DI=0699]
   ret                     ;    1 -- 188F:1E2B C3                  
   ; gap 188F:1E2C - 188F:1F6D (321 bytes)

func_188F_1F6D:
   cmp [0x1912], 0x00      ;    1 -- 188F:1F6D 80 3E 12 19 00        [[0x1912]=00 @211C:1912(22AD2)]
   je 0x1f77               ;    1 -- 188F:1F72 74 03              lbl_188F_1F77   
   ; gap 188F:1F74 - 188F:1F77 (3 bytes)
lbl_188F_1F77:
   cmp [0x156c], 0x01      ;    1 -- 188F:1F77 80 3E 6C 15 01        [[0x156c]=00 @211C:156C(2272C)]
   je 0x1f88               ;    1 -- 188F:1F7C 74 0A              lbl_188F_1F88   
   mov al, [0x1574]        ;    1 -- 188F:1F7E A0 74 15              [AL=02 [0x1574]=02 @211C:1574(22734)]
   mov ah, 0x03            ;    1 -- 188F:1F81 B4 03                 [AH=03]
   mov cx, 0x0038          ;    1 -- 188F:1F83 B9 38 00              [CX=0038]
   jmp short 0x1f90        ;    1 -- 188F:1F86 EB 08              lbl_188F_1F90   
   ; gap 188F:1F88 - 188F:1F90 (8 bytes)
lbl_188F_1F90:
   mov [0x18c0], cx        ;    1 -- 188F:1F90 89 0E C0 18           [[0x18c0]=0038 @211C:18C0(22A80) CX=0038]
   add ah, al              ;    1 -- 188F:1F94 02 E0                 [AH=05 AL=02]
   mov [0x18d3], 0x041c    ;    1 -- 188F:1F96 C7 06 D3 18 1C 04     [[0x18d3]=041c @211C:18D3(22A93)]
   or al, al               ;    1 -- 188F:1F9C 0A C0                 [AL=02 AL=02]
   je 0x1fb3               ;    1 -- 188F:1F9E 74 13              lbl_188F_1FB3   
   sub [0x18d3], 0x001c    ;    1 -- 188F:1FA0 83 2E D3 18 1C        [[0x18d3]=0400 @211C:18D3(22A93)]
   dec al                  ;    1 -- 188F:1FA5 FE C8                 [AL=01]
   cmp ah, 0x06            ;    1 -- 188F:1FA7 80 FC 06              [AH=05]
   jb 0x1fb3               ;    1 -- 188F:1FAA 72 07              lbl_188F_1FB3   
   ; gap 188F:1FAC - 188F:1FB3 (7 bytes)
lbl_188F_1FB3:
   cbw                     ;    1 -- 188F:1FB3 98                  
   mov di, ax              ;    1 -- 188F:1FB4 8B F8                 [DI=0001 AX=0001]
   shl di, 0x01            ;    1 -- 188F:1FB6 D1 E7                 [DI=0002]
   shl di, 0x01            ;    1 -- 188F:1FB8 D1 E7                 [DI=0004]
   shl di, 0x01            ;    1 -- 188F:1FBA D1 E7                 [DI=0008]
   sub di, ax              ;    1 -- 188F:1FBC 2B F8                 [DI=0007 AX=0001]
   shl di, 0x01            ;    1 -- 188F:1FBE D1 E7                 [DI=000E]
   shl di, 0x01            ;    1 -- 188F:1FC0 D1 E7                 [DI=001C]
   add di, 0x03c8          ;    1 -- 188F:1FC2 81 C7 C8 03           [DI=03E4]
   mov [0x18be], di        ;    1 -- 188F:1FC6 89 3E BE 18           [[0x18be]=03e4 @211C:18BE(22A7E) DI=03E4]
   mov ax, [0x02fa]        ;    1 -- 188F:1FCA A1 FA 02              [AX=B800 [0x02fa]=b800 @211C:02FA(214BA)]
   mov es, ax              ;    1 -- 188F:1FCD 8E C0                 [ES=B800 AX=B800]
   mov dx, [0x02fc]        ;    1 -- 188F:1FCF 8B 16 FC 02           [DX=03DA [0x02fc]=03da @211C:02FC(214BC)]
   cmp dl, 0xd0            ;    1 -- 188F:1FD3 80 FA D0              [DL=DA]
   jb 0x1fdf               ;    1 -- 188F:1FD6 72 07              lbl_188F_1FDF   
   mov ah, 0x08            ;    1 -- 188F:1FD8 B4 08                 [AH=08]
lbl_188F_1FDA:
   in al, dx               ;    1 -- 188F:1FDA EC                 VGA input status 1 (color)     [AL=08 DX=03DA    ; CGA Status]
   test ah, al             ;    1 -- 188F:1FDB 84 C4                 [AH=08 AL=08]
   je 0x1fda               ;    1 -- 188F:1FDD 74 FB              lbl_188F_1FDA   
lbl_188F_1FDF:
   mov ax, 0x02dc          ;    1 -- 188F:1FDF B8 DC 02              [AX=02DC]
   rep stosw               ;    1 -- 188F:1FE2 F3 AB               
   mov di, [0x18be]        ;    1 -- 188F:1FE4 8B 3E BE 18           [DI=03E4 [0x18be]=03e4 @211C:18BE(22A7E)]
   add di, 0x0460          ;    1 -- 188F:1FE8 81 C7 60 04           [DI=0844]
   mov al, 0xdf            ;    1 -- 188F:1FEC B0 DF                 [AL=DF]
   mov cx, [0x18c0]        ;    1 -- 188F:1FEE 8B 0E C0 18           [CX=0038 [0x18c0]=0038 @211C:18C0(22A80)]
   rep stosw               ;    1 -- 188F:1FF2 F3 AB               
   mov ax, 0x0002          ;    1 -- 188F:1FF4 B8 02 00              [AX=0002]
   push ax                 ;    1 -- 188F:1FF7 50                    [AX=0002]
   mov ax, 0x18c4          ;    1 -- 188F:1FF8 B8 C4 18              [AX=18C4]
   push ax                 ;    1 -- 188F:1FFB 50                    [AX=18C4]
   mov ax, [0x18d3]        ;    1 -- 188F:1FFC A1 D3 18              [AX=0400 [0x18d3]=0400 @211C:18D3(22A93)]
   sub ax, 0x03c0          ;    1 -- 188F:1FFF 2D C0 03              [AX=0040]
   shr ax, 0x01            ;    1 -- 188F:2002 D1 E8                 [AX=0020]
   mov ah, 0x06            ;    1 -- 188F:2004 B4 06                 [AH=06]
   push ax                 ;    1 -- 188F:2006 50                    [AX=0620]
   call 0x562a             ;    1 -- 188F:2007 E8 20 36           func_188F_562A   
   add sp, 0x0006          ;    1 -- 188F:200A 83 C4 06              [SP=4C1A]
   mov ax, 0x211c          ;    1 -- 188F:200D 8C D8                 [AX=211C]
   mov es, ax              ;    1 -- 188F:200F 8E C0                 [ES=211C AX=211C]
   ret                     ;    1 -- 188F:2011 C3                  
   ; gap 188F:2012 - 188F:2BBA (2984 bytes)

; Stub — single ret. Would be the dialog interaction loop between
; func_start_audio and func_close_dialog_box.
func_dialog_event_loop:   ; 188F:2BBA
   ret                     ;    1 -- 188F:2BBA C3                  
   ; gap 188F:2BBB - 188F:4AF4 (7993 bytes)

func_188F_4AF4:
   push bp                 ;    1 -- 188F:4AF4 55                    [BP=4C2A]
   mov bp, sp              ;    1 -- 188F:4AF5 8B EC                 [BP=4C00 SP=4C00]
   push di                 ;    1 -- 188F:4AF7 57                    [DI=0041]
   push si                 ;    1 -- 188F:4AF8 56                    [SI=0007]
   mov ax, 0x0600          ;    1 -- 188F:4AF9 B8 00 06              [AX=0600]
   mov cx, [bp+0x04]       ;    1 -- 188F:4AFC 8B 4E 04              [CX=1208 [0x4c04]=1208 @211C:4C04(25DC4)]
   mov dx, [bp+0x06]       ;    1 -- 188F:4AFF 8B 56 06              [DX=1547 [0x4c06]=1547 @211C:4C06(25DC6)]
   mov bh, [bp+0x08]       ;    1 -- 188F:4B02 8A 7E 08              [BH=71 [0x4c08]=71 @211C:4C08(25DC8)]
   push bp                 ;    1 -- 188F:4B05 55                    [BP=4C00]
   int 0x10                ;    1 -- 188F:4B06 CD 10                 [; INT 10h AH=06h: scroll up]
   pop bp                  ;    1 -- 188F:4B08 5D                    [BP=4C00]
   pop si                  ;    1 -- 188F:4B09 5E                    [SI=0007]
   pop di                  ;    1 -- 188F:4B0A 5F                    [DI=0041]
   mov sp, bp              ;    1 -- 188F:4B0B 8B E5                 [SP=4C00 BP=4C00]
   pop bp                  ;    1 -- 188F:4B0D 5D                    [BP=4C2A]
   ret                     ;    1 -- 188F:4B0E C3                  

func_188F_4B0F:
   push bp                 ;   15 -- 188F:4B0F 55                    [BP=4C2A]
   mov bp, sp              ;   15 -- 188F:4B10 8B EC                 [BP=4C02 SP=4C02]
   push di                 ;   15 -- 188F:4B12 57                  
   push si                 ;   15 -- 188F:4B13 56                  
   mov ah, 0x02            ;   15 -- 188F:4B14 B4 02                 [AH=02]
   mov dx, [bp+0x04]       ;   15 -- 188F:4B16 8B 56 04            
   mov bh, [bp+0x06]       ;   15 -- 188F:4B19 8A 7E 06              [BH=00 [0x4c08]=00 @211C:4C08(25DC8)]
   push bp                 ;   15 -- 188F:4B1C 55                    [BP=4C02]
   int 0x10                ;   15 -- 188F:4B1D CD 10                 [; INT 10h AH=02h: set cursor position]
   pop bp                  ;   15 -- 188F:4B1F 5D                    [BP=4C02]
   pop si                  ;   15 -- 188F:4B20 5E                  
   pop di                  ;   15 -- 188F:4B21 5F                  
   mov sp, bp              ;   15 -- 188F:4B22 8B E5                 [SP=4C02 BP=4C02]
   pop bp                  ;   15 -- 188F:4B24 5D                    [BP=4C2A]
   ret                     ;   15 -- 188F:4B25 C3                  
   ; gap 188F:4B26 - 188F:4BAB (133 bytes)

func_188F_4BAB:
   push bp                 ;    1 -- 188F:4BAB 55                    [BP=4C34]
   mov bp, sp              ;    1 -- 188F:4BAC 8B EC                 [BP=4C24 SP=4C24]
   pushf                   ;    1 -- 188F:4BAE 9C                  
   push es                 ;    1 -- 188F:4BAF 06                    [ES=211C]
   push di                 ;    1 -- 188F:4BB0 57                    [DI=3CE8]
   les di, [bp+0x04]       ;    1 -- 188F:4BB1 C4 7E 04              [DI=0000 [0x4c28]=0000 @211C:4C28(25DE8)]
   mov al, [bp+0x0a]       ;    1 -- 188F:4BB4 8A 46 0A              [AL=00 [0x4c2e]=00 @211C:4C2E(25DEE)]
   mov cx, [bp+0x08]       ;    1 -- 188F:4BB7 8B 4E 08              [CX=FFFF [0x4c2c]=ffff @211C:4C2C(25DEC)]
   jcxz 0x4bbe             ;    1 -- 188F:4BBA E3 02              lbl_188F_4BBE   
   rep stosb               ;    1 -- 188F:4BBC F3 AA               
lbl_188F_4BBE:
   pop di                  ;    1 -- 188F:4BBE 5F                    [DI=3CE8]
   pop es                  ;    1 -- 188F:4BBF 07                    [ES=211C]
   popf                    ;    1 -- 188F:4BC0 9D                  
   mov sp, bp              ;    1 -- 188F:4BC1 8B E5                 [SP=4C24 BP=4C24]
   pop bp                  ;    1 -- 188F:4BC3 5D                    [BP=4C34]
   ret                     ;    1 -- 188F:4BC4 C3                  
   ; gap 188F:4BC5 - 188F:4C7E (185 bytes)

func_188F_4C7E:
   push bp                 ;   15 -- 188F:4C7E 55                    [BP=4C2A]
   mov bp, sp              ;   15 -- 188F:4C7F 8B EC                 [BP=4C00 SP=4C00]
   push di                 ;   15 -- 188F:4C81 57                  
   push si                 ;   15 -- 188F:4C82 56                  
   mov ax, [bp+0x04]       ;   15 -- 188F:4C83 8B 46 04            
   mov ah, 0x09            ;   15 -- 188F:4C86 B4 09                 [AH=09]
   mov cx, [bp+0x06]       ;   15 -- 188F:4C88 8B 4E 06            
   mov bx, [bp+0x08]       ;   15 -- 188F:4C8B 8B 5E 08            
   push bp                 ;   15 -- 188F:4C8E 55                    [BP=4C00]
   int 0x10                ;   15 -- 188F:4C8F CD 10                 [; INT 10h AH=09h: write char/attr]
   pop bp                  ;   15 -- 188F:4C91 5D                    [BP=4C00]
   pop si                  ;   15 -- 188F:4C92 5E                  
   pop di                  ;   15 -- 188F:4C93 5F                  
   mov sp, bp              ;   15 -- 188F:4C94 8B E5                 [SP=4C00 BP=4C00]
   pop bp                  ;   15 -- 188F:4C96 5D                    [BP=4C2A]
   ret                     ;   15 -- 188F:4C97 C3                  
   ; gap 188F:4C98 - 188F:4FEF (855 bytes)

; Saves a rectangular text-mode screen region to a memory buffer.
; Args: start_pos (AH=row, AL=col), end_pos (AH=row, AL=col), dest (far ptr),
; attr_filter
; Synchronizes each word copy with the CGA retrace signal to avoid snow.
func_save_screen_region:   ; 188F:4FEF
   push bp                 ;    2 -- 188F:4FEF 55                    [BP=4C2A]
   mov bp, sp              ;    2 -- 188F:4FF0 8B EC                 [BP=4BFC SP=4BFC]
   push ds                 ;    2 -- 188F:4FF2 1E                    [DS=211C]
   push es                 ;    2 -- 188F:4FF3 06                    [ES=211C]
   push di                 ;    2 -- 188F:4FF4 57                    [DI=3CE8]
   push si                 ;    2 -- 188F:4FF5 56                    [SI=1107]
   les di, [bp+0x08]       ;    2 -- 188F:4FF6 C4 7E 08            
   ; start_pos: AH=row, AL=col; sequence below computes SI = (row*80 + col)*2, the
   ; byte offset in the video buffer
   mov ax, [bp+0x04]       ;    2 -- 188F:4FF9 8B 46 04            
   mov ch, al              ;    2 -- 188F:4FFC 8A E8               
   mov al, ah              ;    2 -- 188F:4FFE 8A C4               
   cbw                     ;    2 -- 188F:5000 98                  
   mov si, ax              ;    2 -- 188F:5001 8B F0               
   shl ax, 0x01            ;    2 -- 188F:5003 D1 E0               
   shl ax, 0x01            ;    2 -- 188F:5005 D1 E0               
   add si, ax              ;    2 -- 188F:5007 03 F0               
   mov cl, 0x04            ;    2 -- 188F:5009 B1 04                 [CL=04]
   shl si, cl              ;    2 -- 188F:500B D3 E6               
   mov al, ch              ;    2 -- 188F:500D 8A C5               
   cbw                     ;    2 -- 188F:500F 98                  
   add si, ax              ;    2 -- 188F:5010 03 F0               
   shl si, 0x01            ;    2 -- 188F:5012 D1 E6               
   mov ah, 0x0f            ;    2 -- 188F:5014 B4 0F                 [AH=0F]
   int 0x10                ;    2 -- 188F:5016 CD 10                 [; INT 10h AH=0Fh: get video mode]
   ; 0xB800 = CGA color text segment; mode 7 (MDA mono) would use 0xB000 instead
   mov cx, 0xb800          ;    2 -- 188F:5018 B9 00 B8              [CX=B800]
   mov dx, 0x03da          ;    2 -- 188F:501B BA DA 03              [DX=03DA]
   cmp al, 0x07            ;    2 -- 188F:501E 3C 07                 [AL=03]
   jne 0x5026              ;    2 -- 188F:5020 75 04              set_video_segment   
   ; gap 188F:5022 - 188F:5026 (4 bytes)
set_video_segment:   ; 188F:5026
   mov ds, cx              ;    2 -- 188F:5026 8E D9                 [DS=B800 CX=B800]
   ; attr_filter: 0 = copy all chars; nonzero enables attribute-filtered path (gap
   ; at 502F, never executed)
   mov bh, [bp+0x0c]       ;    2 -- 188F:5028 8A 7E 0C              [BH=00 [0x4c08]=00 @211C:4C08(25DC8)]
   dec bh                  ;    2 -- 188F:502B FE CF                 [BH=FF]
   js 0x5035               ;    2 -- 188F:502D 78 06              compute_copy_dimensions   
   ; gap 188F:502F - 188F:5035 (6 bytes)
compute_copy_dimensions:   ; 188F:5035
   mov ax, [bp+0x06]       ;    2 -- 188F:5035 8B 46 06            
   sub ax, [bp+0x04]       ;    2 -- 188F:5038 2B 46 04            
   mov cx, ax              ;    2 -- 188F:503B 8B C8               
   inc ax                  ;    2 -- 188F:503D 40                  
   cbw                     ;    2 -- 188F:503E 98                  
   mov [bp+0x04], ax       ;    2 -- 188F:503F 89 46 04            
   mov al, ch              ;    2 -- 188F:5042 8A C5               
   cbw                     ;    2 -- 188F:5044 98                  
   mov [bp+0x06], ax       ;    2 -- 188F:5045 89 46 06            
   ; BL=0x09: CGA status mask — bit 0 = display enable / horizontal retrace, bit
   ; 3 = vertical sync
   mov bl, 0x09            ;    2 -- 188F:5048 B3 09                 [BL=09]
row_loop:   ; 188F:504A
   mov [bp+0x0c], si       ;    7 -- 188F:504A 89 76 0C            
   mov cx, [bp+0x04]       ;    7 -- 188F:504D 8B 4E 04            
retrace_wait:   ; 188F:5050
   in al, dx               ; 2416 [HOT] -- 188F:5050 EC                 port varies   
   test bl, al             ; 2416 [HOT] -- 188F:5051 84 C3               
   je 0x5050               ; 2416 [HOT] -- 188F:5053 74 FB              retrace_wait   
   movsw                   ;  476 -- 188F:5055 A5                  
   loop 0x5050             ;  476 -- 188F:5056 E2 F8              retrace_wait   
   mov si, [bp+0x0c]       ;    7 -- 188F:5058 8B 76 0C            
   ; 0xA0 = 160 bytes per text row (80 cols * 2 bytes each); step to next source
   ; row
   add si, 0x00a0          ;    7 -- 188F:505B 81 C6 A0 00         
   dec [bp+0x06]           ;    7 -- 188F:505F FF 4E 06            
   jns 0x504a              ;    7 -- 188F:5062 79 E6              row_loop   
   pop si                  ;    2 -- 188F:5064 5E                    [SI=1107]
   pop di                  ;    2 -- 188F:5065 5F                    [DI=3CE8]
   pop es                  ;    2 -- 188F:5066 07                    [ES=211C]
   pop ds                  ;    2 -- 188F:5067 1F                    [DS=211C]
   mov sp, bp              ;    2 -- 188F:5068 8B E5                 [SP=4BFC BP=4BFC]
   pop bp                  ;    2 -- 188F:506A 5D                    [BP=4C2A]
   ret                     ;    2 -- 188F:506B C3                  

; Restores a rectangular screen region from a memory buffer back to the CGA
; video buffer.
; Mirror of func_save_screen_region: reads from source far ptr, writes to B800
; with retrace sync.
func_restore_screen_region:   ; 188F:506C
   push bp                 ;    2 -- 188F:506C 55                    [BP=4C2A]
   mov bp, sp              ;    2 -- 188F:506D 8B EC                 [BP=4C1C SP=4C1C]
   push ds                 ;    2 -- 188F:506F 1E                    [DS=211C]
   push es                 ;    2 -- 188F:5070 06                    [ES=211C]
   push di                 ;    2 -- 188F:5071 57                    [DI=0699]
   push si                 ;    2 -- 188F:5072 56                    [SI=000E]
   lds si, [bp+0x08]       ;    2 -- 188F:5073 C5 76 08            
   mov ax, [bp+0x04]       ;    2 -- 188F:5076 8B 46 04            
   mov ch, al              ;    2 -- 188F:5079 8A E8               
   mov al, ah              ;    2 -- 188F:507B 8A C4               
   cbw                     ;    2 -- 188F:507D 98                  
   mov di, ax              ;    2 -- 188F:507E 8B F8               
   shl ax, 0x01            ;    2 -- 188F:5080 D1 E0               
   shl ax, 0x01            ;    2 -- 188F:5082 D1 E0               
   add di, ax              ;    2 -- 188F:5084 03 F8               
   mov cl, 0x04            ;    2 -- 188F:5086 B1 04                 [CL=04]
   shl di, cl              ;    2 -- 188F:5088 D3 E7               
   mov al, ch              ;    2 -- 188F:508A 8A C5               
   cbw                     ;    2 -- 188F:508C 98                  
   add di, ax              ;    2 -- 188F:508D 03 F8               
   shl di, 0x01            ;    2 -- 188F:508F D1 E7               
   mov ah, 0x0f            ;    2 -- 188F:5091 B4 0F                 [AH=0F]
   int 0x10                ;    2 -- 188F:5093 CD 10                 [; INT 10h AH=0Fh: get video mode]
   mov cx, 0xb800          ;    2 -- 188F:5095 B9 00 B8              [CX=B800]
   mov dx, 0x03da          ;    2 -- 188F:5098 BA DA 03              [DX=03DA]
   cmp al, 0x07            ;    2 -- 188F:509B 3C 07                 [AL=03]
   jne 0x50a3              ;    2 -- 188F:509D 75 04              lbl_188F_50A3   
   ; gap 188F:509F - 188F:50A3 (4 bytes)
lbl_188F_50A3:
   mov es, cx              ;    2 -- 188F:50A3 8E C1                 [ES=B800 CX=B800]
   mov bh, [bp+0x0c]       ;    2 -- 188F:50A5 8A 7E 0C              [BH=00 [0x4c28]=00 @211C:4C28(25DE8)]
   dec bh                  ;    2 -- 188F:50A8 FE CF                 [BH=FF]
   js 0x50b2               ;    2 -- 188F:50AA 78 06              lbl_188F_50B2   
   ; gap 188F:50AC - 188F:50B2 (6 bytes)
lbl_188F_50B2:
   mov ax, [bp+0x06]       ;    2 -- 188F:50B2 8B 46 06            
   sub ax, [bp+0x04]       ;    2 -- 188F:50B5 2B 46 04            
   mov cx, ax              ;    2 -- 188F:50B8 8B C8               
   inc ax                  ;    2 -- 188F:50BA 40                  
   cbw                     ;    2 -- 188F:50BB 98                  
   mov [bp+0x04], ax       ;    2 -- 188F:50BC 89 46 04            
   mov al, ch              ;    2 -- 188F:50BF 8A C5               
   cbw                     ;    2 -- 188F:50C1 98                  
   mov [bp+0x06], ax       ;    2 -- 188F:50C2 89 46 06            
   mov bl, 0x09            ;    2 -- 188F:50C5 B3 09                 [BL=09]
lbl_188F_50C7:
   mov [bp+0x0c], di       ;    7 -- 188F:50C7 89 7E 0C            
   mov cx, [bp+0x04]       ;    7 -- 188F:50CA 8B 4E 04            
lbl_188F_50CD:
   in al, dx               ; 3751 [HOT] -- 188F:50CD EC                 port varies   
   test bl, al             ; 3751 [HOT] -- 188F:50CE 84 C3               
   je 0x50cd               ; 3751 [HOT] -- 188F:50D0 74 FB              lbl_188F_50CD   
   movsw                   ;  476 -- 188F:50D2 A5                  
   loop 0x50cd             ;  476 -- 188F:50D3 E2 F8              lbl_188F_50CD   
   mov di, [bp+0x0c]       ;    7 -- 188F:50D5 8B 7E 0C            
   add di, 0x00a0          ;    7 -- 188F:50D8 81 C7 A0 00         
   dec [bp+0x06]           ;    7 -- 188F:50DC FF 4E 06            
   jns 0x50c7              ;    7 -- 188F:50DF 79 E6              lbl_188F_50C7   
   pop si                  ;    2 -- 188F:50E1 5E                    [SI=000E]
   pop di                  ;    2 -- 188F:50E2 5F                    [DI=0699]
   pop es                  ;    2 -- 188F:50E3 07                    [ES=211C]
   pop ds                  ;    2 -- 188F:50E4 1F                    [DS=211C]
   mov sp, bp              ;    2 -- 188F:50E5 8B E5                 [SP=4C1C BP=4C1C]
   pop bp                  ;    2 -- 188F:50E7 5D                    [BP=4C2A]
   ret                     ;    2 -- 188F:50E8 C3                  
   ; gap 188F:50E9 - 188F:50EA (1 bytes)

; Draws a dialog box from a struct ptr (bp+0x04).
; Struct: +00 top_left, +02 bot_right (AH=row/AL=col), +04..09 border chars
; (┌─┐│└┘),
; +0a title str ptr, +0c/0e screen save buf (allocated here), +10 title attr,
; +11 body attr,
; +12 item attr, +18 items array ptr, +1a status bar str ptr (0=skip status bar
; save).
; Returns 1 on success.
func_draw_dialog_box:   ; 188F:50EA
   push bp                 ;    1 -- 188F:50EA 55                    [BP=4C34]
   mov bp, sp              ;    1 -- 188F:50EB 8B EC                 [BP=4C2A SP=4C2A]
   sub sp, 0x001c          ;    1 -- 188F:50ED 83 EC 1C              [SP=4C0E]
   push di                 ;    1 -- 188F:50F0 57                    [DI=3CE8]
   push si                 ;    1 -- 188F:50F1 56                    [SI=3CE8]
   mov bx, [bp+0x04]       ;    1 -- 188F:50F2 8B 5E 04              [BX=03B0 [0x4c2e]=03b0 @211C:4C2E(25DEE)]
   mov si, [bx]            ;    1 -- 188F:50F5 8B 37                 [SI=1107 [0x03b0]=1107 @211C:03B0(21570)]
   mov ax, si              ;    1 -- 188F:50F7 8B C6                 [AX=1107 SI=1107]
   cbw                     ;    1 -- 188F:50F9 98                  
   mov cx, ax              ;    1 -- 188F:50FA 8B C8                 [CX=0007 AX=0007]
   mov al, [bx+0x02]       ;    1 -- 188F:50FC 8A 47 02              [AL=48 [0x03b2]=48 @211C:03B2(21572)]
   cbw                     ;    1 -- 188F:50FF 98                  
   sub ax, cx              ;    1 -- 188F:5100 2B C1                 [AX=0041 CX=0007]
   inc ax                  ;    1 -- 188F:5102 40                    [AX=0042]
   mov [bp-0x08], ax       ;    1 -- 188F:5103 89 46 F8              [[0x4c22]=0042 @211C:4C22(25DE2) AX=0042]
   mov ax, [bx+0x02]       ;    1 -- 188F:5106 8B 47 02              [AX=1648 [0x03b2]=1648 @211C:03B2(21572)]
   sub ax, si              ;    1 -- 188F:5109 2B C6                 [AX=0541 SI=1107]
   mov cl, 0x08            ;    1 -- 188F:510B B1 08                 [CL=08]
   sar ax, cl              ;    1 -- 188F:510D D3 F8                 [AX=0005 CL=08]
   inc ax                  ;    1 -- 188F:510F 40                    [AX=0006]
   mul [bp-0x08]           ;    1 -- 188F:5110 F7 66 F8              [[0x4c22]=0042 @211C:4C22(25DE2)]
   mov [bp-0x08], ax       ;    1 -- 188F:5113 89 46 F8              [[0x4c22]=018c @211C:4C22(25DE2) AX=018C]
   shl ax, 0x01            ;    1 -- 188F:5116 D1 E0                 [AX=0318]
   ; 0xA0 = 160 extra bytes at start of buffer to hold the optional status bar row
   add ax, 0x00a0          ;    1 -- 188F:5118 05 A0 00              [AX=03B8]
   push ax                 ;    1 -- 188F:511B 50                    [AX=03B8]
   call 0x6e7f             ;    1 -- 188F:511C E8 60 1D           func_188F_6E7F   
   add sp, 0x0002          ;    1 -- 188F:511F 83 C4 02              [SP=4C0A]
   mov bx, [bp+0x04]       ;    1 -- 188F:5122 8B 5E 04              [BX=03B0 [0x4c2e]=03b0 @211C:4C2E(25DEE)]
   mov [bx+0x0c], ax       ;    1 -- 188F:5125 89 47 0C              [[0x03bc]=08ce @211C:03BC(2157C) AX=08CE]
   mov [bx+0x0e], dx       ;    1 -- 188F:5128 89 57 0E              [[0x03be]=4126 @211C:03BE(2157E) DX=4126]
   or dx, ax               ;    1 -- 188F:512B 0B D0                 [DX=49EE AX=08CE]
   jne 0x5132              ;    1 -- 188F:512D 75 03              check_status_bar   
   ; gap 188F:512F - 188F:5132 (3 bytes)
check_status_bar:   ; 188F:5132
   cmp [bx+0x1a], 0x0000   ;    1 -- 188F:5132 83 7F 1A 00           [[0x03ca]=43dc @211C:03CA(2158A)]
   je 0x514f               ;    1 -- 188F:5136 74 17              save_dialog_area   
   sub ax, ax              ;    1 -- 188F:5138 2B C0                 [AX=0000 AX=0000]
   push ax                 ;    1 -- 188F:513A 50                    [AX=0000]
   push [bx+0x0e]          ;    1 -- 188F:513B FF 77 0E              [[0x03be]=4126 @211C:03BE(2157E)]
   push [bx+0x0c]          ;    1 -- 188F:513E FF 77 0C              [[0x03bc]=08ce @211C:03BC(2157C)]
   mov ax, 0x184f          ;    1 -- 188F:5141 B8 4F 18              [AX=184F]
   push ax                 ;    1 -- 188F:5144 50                    [AX=184F]
   mov ax, 0x1800          ;    1 -- 188F:5145 B8 00 18              [AX=1800]
   push ax                 ;    1 -- 188F:5148 50                    [AX=1800]
   call 0x4fef             ;    1 -- 188F:5149 E8 A3 FE           func_save_screen_region   
   add sp, 0x000a          ;    1 -- 188F:514C 83 C4 0A              [SP=4C0A]
save_dialog_area:   ; 188F:514F
   sub ax, ax              ;    1 -- 188F:514F 2B C0                 [AX=0000 AX=0000]
   push ax                 ;    1 -- 188F:5151 50                    [AX=0000]
   mov bx, [bp+0x04]       ;    1 -- 188F:5152 8B 5E 04              [BX=03B0 [0x4c2e]=03b0 @211C:4C2E(25DEE)]
   mov ax, [bx+0x0c]       ;    1 -- 188F:5155 8B 47 0C              [AX=08CE [0x03bc]=08ce @211C:03BC(2157C)]
   mov dx, [bx+0x0e]       ;    1 -- 188F:5158 8B 57 0E              [DX=4126 [0x03be]=4126 @211C:03BE(2157E)]
   add ax, 0x00a0          ;    1 -- 188F:515B 05 A0 00              [AX=096E]
   push dx                 ;    1 -- 188F:515E 52                    [DX=4126]
   push ax                 ;    1 -- 188F:515F 50                    [AX=096E]
   push [bx+0x02]          ;    1 -- 188F:5160 FF 77 02              [[0x03b2]=1648 @211C:03B2(21572)]
   push [bx]               ;    1 -- 188F:5163 FF 37                 [[0x03b0]=1107 @211C:03B0(21570)]
   call 0x4fef             ;    1 -- 188F:5165 E8 87 FE           func_save_screen_region   
   add sp, 0x000a          ;    1 -- 188F:5168 83 C4 0A              [SP=4C0A]
   mov bx, [bp+0x04]       ;    1 -- 188F:516B 8B 5E 04              [BX=03B0 [0x4c2e]=03b0 @211C:4C2E(25DEE)]
   cmp [bx+0x1a], 0x0000   ;    1 -- 188F:516E 83 7F 1A 00           [[0x03ca]=43dc @211C:03CA(2158A)]
   je 0x51a7               ;    1 -- 188F:5172 74 33              draw_frame   
   sub ax, ax              ;    1 -- 188F:5174 2B C0                 [AX=0000 AX=0000]
   push ax                 ;    1 -- 188F:5176 50                    [AX=0000]
   mov ax, 0x1800          ;    1 -- 188F:5177 B8 00 18              [AX=1800]
   push ax                 ;    1 -- 188F:517A 50                    [AX=1800]
   call 0x4b0f             ;    1 -- 188F:517B E8 91 F9           func_188F_4B0F   
   add sp, 0x0004          ;    1 -- 188F:517E 83 C4 04              [SP=4C0A]
   mov ax, 0x0017          ;    1 -- 188F:5181 B8 17 00              [AX=0017]
   push ax                 ;    1 -- 188F:5184 50                    [AX=0017]
   mov ax, 0x0050          ;    1 -- 188F:5185 B8 50 00              [AX=0050]
   push ax                 ;    1 -- 188F:5188 50                    [AX=0050]
   mov ax, 0x0020          ;    1 -- 188F:5189 B8 20 00              [AX=0020]
   push ax                 ;    1 -- 188F:518C 50                    [AX=0020]
   call 0x4c7e             ;    1 -- 188F:518D E8 EE FA           func_188F_4C7E   
   add sp, 0x0006          ;    1 -- 188F:5190 83 C4 06              [SP=4C0A]
   mov ax, 0x0017          ;    1 -- 188F:5193 B8 17 00              [AX=0017]
   push ax                 ;    1 -- 188F:5196 50                    [AX=0017]
   mov bx, [bp+0x04]       ;    1 -- 188F:5197 8B 5E 04              [BX=03B0 [0x4c2e]=03b0 @211C:4C2E(25DEE)]
   push [bx+0x1a]          ;    1 -- 188F:519A FF 77 1A              [[0x03ca]=43dc @211C:03CA(2158A)]
   mov ax, 0x1801          ;    1 -- 188F:519D B8 01 18              [AX=1801]
   push ax                 ;    1 -- 188F:51A0 50                    [AX=1801]
   call 0x562a             ;    1 -- 188F:51A1 E8 86 04           func_188F_562A   
   add sp, 0x0006          ;    1 -- 188F:51A4 83 C4 06              [SP=4C0A]
draw_frame:   ; 188F:51A7
   mov bx, [bp+0x04]       ;    1 -- 188F:51A7 8B 5E 04              [BX=03B0 [0x4c2e]=03b0 @211C:4C2E(25DEE)]
   mov al, [bx+0x11]       ;    1 -- 188F:51AA 8A 47 11              [AL=70 [0x03c1]=70 @211C:03C1(21581)]
   sub ah, ah              ;    1 -- 188F:51AD 2A E4                 [AH=00 AH=00]
   mov [bp-0x0c], ax       ;    1 -- 188F:51AF 89 46 F4              [[0x4c1e]=0070 @211C:4C1E(25DDE) AX=0070]
   mov ax, [bx]            ;    1 -- 188F:51B2 8B 07                 [AX=1107 [0x03b0]=1107 @211C:03B0(21570)]
   mov [bp-0x18], ax       ;    1 -- 188F:51B4 89 46 E8              [[0x4c12]=1107 @211C:4C12(25DD2) AX=1107]
   sub ax, ax              ;    1 -- 188F:51B7 2B C0                 [AX=0000 AX=0000]
   push ax                 ;    1 -- 188F:51B9 50                    [AX=0000]
   push [bp-0x18]          ;    1 -- 188F:51BA FF 76 E8              [[0x4c12]=1107 @211C:4C12(25DD2)]
   call 0x4b0f             ;    1 -- 188F:51BD E8 4F F9           func_188F_4B0F   
   add sp, 0x0004          ;    1 -- 188F:51C0 83 C4 04              [SP=4C0A]
   push [bp-0x0c]          ;    1 -- 188F:51C3 FF 76 F4              [[0x4c1e]=0070 @211C:4C1E(25DDE)]
   mov ax, 0x0001          ;    1 -- 188F:51C6 B8 01 00              [AX=0001]
   push ax                 ;    1 -- 188F:51C9 50                    [AX=0001]
   mov bx, [bp+0x04]       ;    1 -- 188F:51CA 8B 5E 04              [BX=03B0 [0x4c2e]=03b0 @211C:4C2E(25DEE)]
   mov al, [bx+0x04]       ;    1 -- 188F:51CD 8A 47 04              [AL=DA [0x03b4]=da @211C:03B4(21574)]
   cbw                     ;    1 -- 188F:51D0 98                  
   push ax                 ;    1 -- 188F:51D1 50                    [AX=FFDA]
   call 0x4c7e             ;    1 -- 188F:51D2 E8 A9 FA           func_188F_4C7E   
   add sp, 0x0006          ;    1 -- 188F:51D5 83 C4 06              [SP=4C0A]
   sub ax, ax              ;    1 -- 188F:51D8 2B C0                 [AX=0000 AX=0000]
   push ax                 ;    1 -- 188F:51DA 50                    [AX=0000]
   mov ax, [bp-0x18]       ;    1 -- 188F:51DB 8B 46 E8              [AX=1107 [0x4c12]=1107 @211C:4C12(25DD2)]
   inc ax                  ;    1 -- 188F:51DE 40                    [AX=1108]
   push ax                 ;    1 -- 188F:51DF 50                    [AX=1108]
   call 0x4b0f             ;    1 -- 188F:51E0 E8 2C F9           func_188F_4B0F   
   add sp, 0x0004          ;    1 -- 188F:51E3 83 C4 04              [SP=4C0A]
   mov bx, [bp+0x04]       ;    1 -- 188F:51E6 8B 5E 04              [BX=03B0 [0x4c2e]=03b0 @211C:4C2E(25DEE)]
   mov al, [bx+0x02]       ;    1 -- 188F:51E9 8A 47 02              [AL=48 [0x03b2]=48 @211C:03B2(21572)]
   cbw                     ;    1 -- 188F:51EC 98                  
   mov [bp-0x1a], ax       ;    1 -- 188F:51ED 89 46 E6              [[0x4c10]=0048 @211C:4C10(25DD0) AX=0048]
   push [bp-0x0c]          ;    1 -- 188F:51F0 FF 76 F4              [[0x4c1e]=0070 @211C:4C1E(25DDE)]
   mov al, [bp-0x18]       ;    1 -- 188F:51F3 8A 46 E8              [AL=07 [0x4c12]=07 @211C:4C12(25DD2)]
   cbw                     ;    1 -- 188F:51F6 98                  
   mov cx, [bp-0x1a]       ;    1 -- 188F:51F7 8B 4E E6              [CX=0048 [0x4c10]=0048 @211C:4C10(25DD0)]
   sub cx, ax              ;    1 -- 188F:51FA 2B C8                 [CX=0041 AX=0007]
   dec cx                  ;    1 -- 188F:51FC 49                    [CX=0040]
   push cx                 ;    1 -- 188F:51FD 51                    [CX=0040]
   mov al, [bx+0x05]       ;    1 -- 188F:51FE 8A 47 05              [AL=C4 [0x03b5]=c4 @211C:03B5(21575)]
   cbw                     ;    1 -- 188F:5201 98                  
   push ax                 ;    1 -- 188F:5202 50                    [AX=FFC4]
   call 0x4c7e             ;    1 -- 188F:5203 E8 78 FA           func_188F_4C7E   
   add sp, 0x0006          ;    1 -- 188F:5206 83 C4 06              [SP=4C0A]
   sub ax, ax              ;    1 -- 188F:5209 2B C0                 [AX=0000 AX=0000]
   push ax                 ;    1 -- 188F:520B 50                    [AX=0000]
   mov ax, [bp-0x18]       ;    1 -- 188F:520C 8B 46 E8              [AX=1107 [0x4c12]=1107 @211C:4C12(25DD2)]
   sub al, al              ;    1 -- 188F:520F 2A C0                 [AL=00 AL=00]
   add ax, [bp-0x1a]       ;    1 -- 188F:5211 03 46 E6              [AX=1148 [0x4c10]=0048 @211C:4C10(25DD0)]
   push ax                 ;    1 -- 188F:5214 50                    [AX=1148]
   call 0x4b0f             ;    1 -- 188F:5215 E8 F7 F8           func_188F_4B0F   
   add sp, 0x0004          ;    1 -- 188F:5218 83 C4 04              [SP=4C0A]
   push [bp-0x0c]          ;    1 -- 188F:521B FF 76 F4              [[0x4c1e]=0070 @211C:4C1E(25DDE)]
   mov ax, 0x0001          ;    1 -- 188F:521E B8 01 00              [AX=0001]
   push ax                 ;    1 -- 188F:5221 50                    [AX=0001]
   mov bx, [bp+0x04]       ;    1 -- 188F:5222 8B 5E 04              [BX=03B0 [0x4c2e]=03b0 @211C:4C2E(25DEE)]
   mov al, [bx+0x06]       ;    1 -- 188F:5225 8A 47 06              [AL=BF [0x03b6]=bf @211C:03B6(21576)]
   cbw                     ;    1 -- 188F:5228 98                  
   push ax                 ;    1 -- 188F:5229 50                    [AX=FFBF]
   call 0x4c7e             ;    1 -- 188F:522A E8 51 FA           func_188F_4C7E   
   add sp, 0x0006          ;    1 -- 188F:522D 83 C4 06              [SP=4C0A]
   mov bx, [bp+0x04]       ;    1 -- 188F:5230 8B 5E 04              [BX=03B0 [0x4c2e]=03b0 @211C:4C2E(25DEE)]
   mov ax, [bx+0x02]       ;    1 -- 188F:5233 8B 47 02              [AX=1648 [0x03b2]=1648 @211C:03B2(21572)]
   sub ax, [bp-0x18]       ;    1 -- 188F:5236 2B 46 E8              [AX=0541 [0x4c12]=1107 @211C:4C12(25DD2)]
   mov cl, 0x08            ;    1 -- 188F:5239 B1 08                 [CL=08]
   sar ax, cl              ;    1 -- 188F:523B D3 F8                 [AX=0005 CL=08]
   mov [bp-0x0a], ax       ;    1 -- 188F:523D 89 46 F6              [[0x4c20]=0005 @211C:4C20(25DE0) AX=0005]
   dec [bp-0x0a]           ;    1 -- 188F:5240 FF 4E F6              [[0x4c20]=0004 @211C:4C20(25DE0)]
   cmp [bp-0x0a], 0x0000   ;    1 -- 188F:5243 83 7E F6 00           [[0x4c20]=0004 @211C:4C20(25DE0)]
   jle 0x52b1              ;    1 -- 188F:5247 7E 68              draw_bottom_border   
   mov al, [bx+0x07]       ;    1 -- 188F:5249 8A 47 07              [AL=B3 [0x03b7]=b3 @211C:03B7(21577)]
   cbw                     ;    1 -- 188F:524C 98                  
   mov [bp-0x0e], ax       ;    1 -- 188F:524D 89 46 F2              [[0x4c1c]=ffb3 @211C:4C1C(25DDC) AX=FFB3]
   mov ax, [bx]            ;    1 -- 188F:5250 8B 07                 [AX=1107 [0x03b0]=1107 @211C:03B0(21570)]
   mov [bp-0x10], ax       ;    1 -- 188F:5252 89 46 F0              [[0x4c1a]=1107 @211C:4C1A(25DDA) AX=1107]
   ; AH = inner_row_count; packed into AH:00 then added to top_left pos to get
   ; first inner-row address
   mov ah, [bp-0x0a]       ;    1 -- 188F:5255 8A 66 F6              [AH=04 [0x4c20]=04 @211C:4C20(25DE0)]
   sub al, al              ;    1 -- 188F:5258 2A C0                 [AL=00 AL=00]
   mov [bp-0x1c], ax       ;    1 -- 188F:525A 89 46 E4              [[0x4c0e]=0400 @211C:4C0E(25DCE) AX=0400]
   mov di, ax              ;    1 -- 188F:525D 8B F8                 [DI=0400 AX=0400]
   add di, [bp-0x10]       ;    1 -- 188F:525F 03 7E F0              [DI=1507 [0x4c1a]=1107 @211C:4C1A(25DDA)]
   mov si, [bx+0x02]       ;    1 -- 188F:5262 8B 77 02              [SI=1648 [0x03b2]=1648 @211C:03B2(21572)]
   sub si, ax              ;    1 -- 188F:5265 2B F0                 [SI=1248 AX=0400]
   mov ax, [bx+0x02]       ;    1 -- 188F:5267 8B 47 02              [AX=1648 [0x03b2]=1648 @211C:03B2(21572)]
   mov [bp-0x16], ax       ;    1 -- 188F:526A 89 46 EA              [[0x4c14]=1648 @211C:4C14(25DD4) AX=1648]
side_border_row_loop:   ; 188F:526D
   sub ax, ax              ;    4 -- 188F:526D 2B C0                 [AX=0000 AX=0000]
   push ax                 ;    4 -- 188F:526F 50                    [AX=0000]
   push di                 ;    4 -- 188F:5270 57                  
   call 0x4b0f             ;    4 -- 188F:5271 E8 9B F8           func_188F_4B0F   
   add sp, 0x0004          ;    4 -- 188F:5274 83 C4 04              [SP=4C0A]
   push [bp-0x0c]          ;    4 -- 188F:5277 FF 76 F4              [[0x4c1e]=0070 @211C:4C1E(25DDE)]
   mov ax, 0x0001          ;    4 -- 188F:527A B8 01 00              [AX=0001]
   push ax                 ;    4 -- 188F:527D 50                    [AX=0001]
   push [bp-0x0e]          ;    4 -- 188F:527E FF 76 F2              [[0x4c1c]=ffb3 @211C:4C1C(25DDC)]
   call 0x4c7e             ;    4 -- 188F:5281 E8 FA F9           func_188F_4C7E   
   add sp, 0x0006          ;    4 -- 188F:5284 83 C4 06              [SP=4C0A]
   sub ax, ax              ;    4 -- 188F:5287 2B C0                 [AX=0000 AX=0000]
   push ax                 ;    4 -- 188F:5289 50                    [AX=0000]
   push si                 ;    4 -- 188F:528A 56                  
   call 0x4b0f             ;    4 -- 188F:528B E8 81 F8           func_188F_4B0F   
   add sp, 0x0004          ;    4 -- 188F:528E 83 C4 04              [SP=4C0A]
   push [bp-0x0c]          ;    4 -- 188F:5291 FF 76 F4              [[0x4c1e]=0070 @211C:4C1E(25DDE)]
   mov ax, 0x0001          ;    4 -- 188F:5294 B8 01 00              [AX=0001]
   push ax                 ;    4 -- 188F:5297 50                    [AX=0001]
   push [bp-0x0e]          ;    4 -- 188F:5298 FF 76 F2              [[0x4c1c]=ffb3 @211C:4C1C(25DDC)]
   call 0x4c7e             ;    4 -- 188F:529B E8 E0 F9           func_188F_4C7E   
   add sp, 0x0006          ;    4 -- 188F:529E 83 C4 06              [SP=4C0A]
   sub di, 0x0100          ;    4 -- 188F:52A1 81 EF 00 01         
   add si, 0x0100          ;    4 -- 188F:52A5 81 C6 00 01         
   dec [bp-0x0a]           ;    4 -- 188F:52A9 FF 4E F6            
   cmp si, [bp-0x16]       ;    4 -- 188F:52AC 3B 76 EA            
   jne 0x526d              ;    4 -- 188F:52AF 75 BC              side_border_row_loop   
draw_bottom_border:   ; 188F:52B1
   mov bx, [bp+0x04]       ;    1 -- 188F:52B1 8B 5E 04              [BX=03B0 [0x4c2e]=03b0 @211C:4C2E(25DEE)]
   mov al, [bx]            ;    1 -- 188F:52B4 8A 07                 [AL=07 [0x03b0]=07 @211C:03B0(21570)]
   cbw                     ;    1 -- 188F:52B6 98                  
   mov si, ax              ;    1 -- 188F:52B7 8B F0                 [SI=0007 AX=0007]
   mov di, [bx+0x02]       ;    1 -- 188F:52B9 8B 7F 02              [DI=1648 [0x03b2]=1648 @211C:03B2(21572)]
   ; mask bot_right to row-only (clear AL), then add start_col to form bottom-left
   ; corner position
   and di, 0xff00          ;    1 -- 188F:52BC 81 E7 00 FF           [DI=1600]
   add di, si              ;    1 -- 188F:52C0 03 FE                 [DI=1607 SI=0007]
   sub ax, ax              ;    1 -- 188F:52C2 2B C0                 [AX=0000 AX=0000]
   push ax                 ;    1 -- 188F:52C4 50                    [AX=0000]
   push di                 ;    1 -- 188F:52C5 57                    [DI=1607]
   call 0x4b0f             ;    1 -- 188F:52C6 E8 46 F8           func_188F_4B0F   
   add sp, 0x0004          ;    1 -- 188F:52C9 83 C4 04              [SP=4C0A]
   push [bp-0x0c]          ;    1 -- 188F:52CC FF 76 F4              [[0x4c1e]=0070 @211C:4C1E(25DDE)]
   mov ax, 0x0001          ;    1 -- 188F:52CF B8 01 00              [AX=0001]
   push ax                 ;    1 -- 188F:52D2 50                    [AX=0001]
   mov bx, [bp+0x04]       ;    1 -- 188F:52D3 8B 5E 04              [BX=03B0 [0x4c2e]=03b0 @211C:4C2E(25DEE)]
   mov al, [bx+0x08]       ;    1 -- 188F:52D6 8A 47 08              [AL=C0 [0x03b8]=c0 @211C:03B8(21578)]
   cbw                     ;    1 -- 188F:52D9 98                  
   push ax                 ;    1 -- 188F:52DA 50                    [AX=FFC0]
   call 0x4c7e             ;    1 -- 188F:52DB E8 A0 F9           func_188F_4C7E   
   add sp, 0x0006          ;    1 -- 188F:52DE 83 C4 06              [SP=4C0A]
   sub ax, ax              ;    1 -- 188F:52E1 2B C0                 [AX=0000 AX=0000]
   push ax                 ;    1 -- 188F:52E3 50                    [AX=0000]
   lea ax, [di+0x01]       ;    1 -- 188F:52E4 8D 45 01              [AX=1608 [0x1608]=0003 @211C:1608(227C8)]
   push ax                 ;    1 -- 188F:52E7 50                    [AX=1608]
   call 0x4b0f             ;    1 -- 188F:52E8 E8 24 F8           func_188F_4B0F   
   add sp, 0x0004          ;    1 -- 188F:52EB 83 C4 04              [SP=4C0A]
   mov bx, [bp+0x04]       ;    1 -- 188F:52EE 8B 5E 04              [BX=03B0 [0x4c2e]=03b0 @211C:4C2E(25DEE)]
   mov al, [bx+0x02]       ;    1 -- 188F:52F1 8A 47 02              [AL=48 [0x03b2]=48 @211C:03B2(21572)]
   cbw                     ;    1 -- 188F:52F4 98                  
   mov di, ax              ;    1 -- 188F:52F5 8B F8                 [DI=0048 AX=0048]
   sub di, si              ;    1 -- 188F:52F7 2B FE                 [DI=0041 SI=0007]
   push [bp-0x0c]          ;    1 -- 188F:52F9 FF 76 F4              [[0x4c1e]=0070 @211C:4C1E(25DDE)]
   lea ax, [di-0x01]       ;    1 -- 188F:52FC 8D 45 FF              [AX=0040 [0x0040]=0018 @211C:0040(21200)]
   push ax                 ;    1 -- 188F:52FF 50                    [AX=0040]
   mov al, [bx+0x05]       ;    1 -- 188F:5300 8A 47 05              [AL=C4 [0x03b5]=c4 @211C:03B5(21575)]
   cbw                     ;    1 -- 188F:5303 98                  
   push ax                 ;    1 -- 188F:5304 50                    [AX=FFC4]
   call 0x4c7e             ;    1 -- 188F:5305 E8 76 F9           func_188F_4C7E   
   add sp, 0x0006          ;    1 -- 188F:5308 83 C4 06              [SP=4C0A]
   sub ax, ax              ;    1 -- 188F:530B 2B C0                 [AX=0000 AX=0000]
   push ax                 ;    1 -- 188F:530D 50                    [AX=0000]
   mov bx, [bp+0x04]       ;    1 -- 188F:530E 8B 5E 04              [BX=03B0 [0x4c2e]=03b0 @211C:4C2E(25DEE)]
   push [bx+0x02]          ;    1 -- 188F:5311 FF 77 02              [[0x03b2]=1648 @211C:03B2(21572)]
   call 0x4b0f             ;    1 -- 188F:5314 E8 F8 F7           func_188F_4B0F   
   add sp, 0x0004          ;    1 -- 188F:5317 83 C4 04              [SP=4C0A]
   push [bp-0x0c]          ;    1 -- 188F:531A FF 76 F4              [[0x4c1e]=0070 @211C:4C1E(25DDE)]
   mov ax, 0x0001          ;    1 -- 188F:531D B8 01 00              [AX=0001]
   push ax                 ;    1 -- 188F:5320 50                    [AX=0001]
   mov bx, [bp+0x04]       ;    1 -- 188F:5321 8B 5E 04              [BX=03B0 [0x4c2e]=03b0 @211C:4C2E(25DEE)]
   mov al, [bx+0x09]       ;    1 -- 188F:5324 8A 47 09              [AL=D9 [0x03b9]=d9 @211C:03B9(21579)]
   cbw                     ;    1 -- 188F:5327 98                  
   push ax                 ;    1 -- 188F:5328 50                    [AX=FFD9]
   call 0x4c7e             ;    1 -- 188F:5329 E8 52 F9           func_188F_4C7E   
   add sp, 0x0006          ;    1 -- 188F:532C 83 C4 06              [SP=4C0A]
   mov bx, [bp+0x04]       ;    1 -- 188F:532F 8B 5E 04              [BX=03B0 [0x4c2e]=03b0 @211C:4C2E(25DEE)]
   cmp [bx+0x0a], 0x0000   ;    1 -- 188F:5332 83 7F 0A 00           [[0x03ba]=40f6 @211C:03BA(2157A)]
   je 0x5370               ;    1 -- 188F:5336 74 38              fill_and_draw_items   
   mov ax, di              ;    1 -- 188F:5338 8B C7                 [AX=0041 DI=0041]
   mov bx, [bx+0x0a]       ;    1 -- 188F:533A 8B 5F 0A              [BX=40F6 [0x4100]=5952 @211C:4100(252C0)]
   mov dx, ax              ;    1 -- 188F:533D 8B D0                 [DX=0041 AX=0041]
   push di                 ;    1 -- 188F:533F 57                    [DI=0041]
   mov di, bx              ;    1 -- 188F:5340 8B FB                 [DI=40F6 BX=40F6]
   mov ax, 0x211c          ;    1 -- 188F:5342 8C D8                 [AX=211C]
   mov es, ax              ;    1 -- 188F:5344 8E C0                 [ES=211C AX=211C]
   mov cx, 0xffff          ;    1 -- 188F:5346 B9 FF FF              [CX=FFFF]
   xor ax, ax              ;    1 -- 188F:5349 33 C0                 [AX=0000 AX=0000]
   ; scan for NUL to measure title string length; not+dec cx converts repne result
   ; to strlen
   repne scasb             ;    1 -- 188F:534B F2 AE               
   not cx                  ;    1 -- 188F:534D F7 D1                 [CX=0019]
   dec cx                  ;    1 -- 188F:534F 49                    [CX=0018]
   pop di                  ;    1 -- 188F:5350 5F                    [DI=0041]
   sub dx, cx              ;    1 -- 188F:5351 2B D1                 [DX=0029 CX=0018]
   inc dx                  ;    1 -- 188F:5353 42                    [DX=002A]
   ; halve the unused column gap to center the title: left_offset = (inner_width -
   ; title_len) / 2
   shr dx, 0x01            ;    1 -- 188F:5354 D1 EA                 [DX=0015]
   mov [bp-0x02], dx       ;    1 -- 188F:5356 89 56 FE              [[0x4c28]=0015 @211C:4C28(25DE8) DX=0015]
   mov bx, [bp+0x04]       ;    1 -- 188F:5359 8B 5E 04              [BX=03B0 [0x4c2e]=03b0 @211C:4C2E(25DEE)]
   mov al, [bx+0x10]       ;    1 -- 188F:535C 8A 47 10              [AL=4E [0x03c0]=4e @211C:03C0(21580)]
   sub ah, ah              ;    1 -- 188F:535F 2A E4                 [AH=00 AH=00]
   push ax                 ;    1 -- 188F:5361 50                    [AX=004E]
   push [bx+0x0a]          ;    1 -- 188F:5362 FF 77 0A              [[0x03ba]=40f6 @211C:03BA(2157A)]
   mov ax, [bx]            ;    1 -- 188F:5365 8B 07                 [AX=1107 [0x03b0]=1107 @211C:03B0(21570)]
   add ax, dx              ;    1 -- 188F:5367 03 C2                 [AX=111C DX=0015]
   push ax                 ;    1 -- 188F:5369 50                    [AX=111C]
   call 0x562a             ;    1 -- 188F:536A E8 BD 02           func_188F_562A   
   add sp, 0x0006          ;    1 -- 188F:536D 83 C4 06              [SP=4C0A]
fill_and_draw_items:   ; 188F:5370
   mov bx, [bp+0x04]       ;    1 -- 188F:5370 8B 5E 04              [BX=03B0 [0x4c2e]=03b0 @211C:4C2E(25DEE)]
   mov ax, [bx]            ;    1 -- 188F:5373 8B 07                 [AX=1107 [0x03b0]=1107 @211C:03B0(21570)]
   mov [bp-0x18], ax       ;    1 -- 188F:5375 89 46 E8              [[0x4c12]=1107 @211C:4C12(25DD2) AX=1107]
   mov al, [bx+0x12]       ;    1 -- 188F:5378 8A 47 12              [AL=71 [0x03c2]=71 @211C:03C2(21582)]
   sub ah, ah              ;    1 -- 188F:537B 2A E4                 [AH=00 AH=00]
   push ax                 ;    1 -- 188F:537D 50                    [AX=0071]
   mov ax, [bx+0x02]       ;    1 -- 188F:537E 8B 47 02              [AX=1648 [0x03b2]=1648 @211C:03B2(21572)]
   ; 0x0101: skip one cell in row (AH) and col (AL) inward from each border to get
   ; fill area bounds
   sub ax, 0x0101          ;    1 -- 188F:5381 2D 01 01              [AX=1547]
   push ax                 ;    1 -- 188F:5384 50                    [AX=1547]
   mov ax, [bp-0x18]       ;    1 -- 188F:5385 8B 46 E8              [AX=1107 [0x4c12]=1107 @211C:4C12(25DD2)]
   add ax, 0x0101          ;    1 -- 188F:5388 05 01 01              [AX=1208]
   push ax                 ;    1 -- 188F:538B 50                    [AX=1208]
   call 0x4af4             ;    1 -- 188F:538C E8 65 F7           func_188F_4AF4   
   add sp, 0x0006          ;    1 -- 188F:538F 83 C4 06              [SP=4C0A]
   mov bx, [bp+0x04]       ;    1 -- 188F:5392 8B 5E 04              [BX=03B0 [0x4c2e]=03b0 @211C:4C2E(25DEE)]
   mov ax, [bx+0x14]       ;    1 -- 188F:5395 8B 47 14              [AX=0102 [0x03c4]=0102 @211C:03C4(21584)]
   add ax, [bp-0x18]       ;    1 -- 188F:5398 03 46 E8              [AX=1209 [0x4c12]=1107 @211C:4C12(25DD2)]
   mov [bp-0x02], ax       ;    1 -- 188F:539B 89 46 FE              [[0x4c28]=1209 @211C:4C28(25DE8) AX=1209]
   mov bx, [bx+0x18]       ;    1 -- 188F:539E 8B 5F 18              [BX=03A6 [0x03be]=4126 @211C:03BE(2157E)]
   cmp [bx], 0x0000        ;    1 -- 188F:53A1 83 3F 00              [[0x03a6]=0042 @211C:03A6(21566)]
   je 0x53eb               ;    1 -- 188F:53A4 74 45              done   
   mov [bp-0x0a], 0x0000   ;    1 -- 188F:53A6 C7 46 F6 00 00        [[0x4c20]=0000 @211C:4C20(25DE0)]
   mov bx, [bp+0x04]       ;    1 -- 188F:53AB 8B 5E 04              [BX=03B0 [0x4c2e]=03b0 @211C:4C2E(25DEE)]
   mov bx, [bx+0x18]       ;    1 -- 188F:53AE 8B 5F 18              [BX=03A6 [0x03be]=4126 @211C:03BE(2157E)]
   cmp [bx], 0x0000        ;    1 -- 188F:53B1 83 3F 00              [[0x03a6]=0042 @211C:03A6(21566)]
   je 0x53eb               ;    1 -- 188F:53B4 74 35              done   
   sub di, di              ;    1 -- 188F:53B6 2B FF                 [DI=0000 DI=0000]
   mov [bp-0x1a], di       ;    1 -- 188F:53B8 89 7E E6              [[0x4c10]=0000 @211C:4C10(25DD0) DI=0000]
   mov si, [bp+0x04]       ;    1 -- 188F:53BB 8B 76 04              [SI=03B0 [0x4c2e]=03b0 @211C:4C2E(25DEE)]
items_loop:   ; 188F:53BE
   mov al, [si+0x12]       ;    4 -- 188F:53BE 8A 44 12              [AL=71 [0x03c2]=71 @211C:03C2(21582)]
   sub ah, ah              ;    4 -- 188F:53C1 2A E4                 [AH=00 AH=00]
   push ax                 ;    4 -- 188F:53C3 50                    [AX=0071]
   mov bx, [si+0x18]       ;    4 -- 188F:53C4 8B 5C 18              [BX=03A6 [0x03c8]=03a6 @211C:03C8(21588)]
   push [bx+di]            ;    4 -- 188F:53C7 FF 31               
   push [bp-0x02]          ;    4 -- 188F:53C9 FF 76 FE            
   call 0x562a             ;    4 -- 188F:53CC E8 5B 02           func_188F_562A   
   add sp, 0x0006          ;    4 -- 188F:53CF 83 C4 06              [SP=4C0A]
   add [bp-0x01], 0x01     ;    4 -- 188F:53D2 80 46 FF 01         
   add di, 0x0002          ;    4 -- 188F:53D6 83 C7 02            
   add [bp-0x1a], 0x0002   ;    4 -- 188F:53D9 83 46 E6 02         
   inc [bp-0x0a]           ;    4 -- 188F:53DD FF 46 F6            
   mov bx, [si+0x18]       ;    4 -- 188F:53E0 8B 5C 18              [BX=03A6 [0x03c8]=03a6 @211C:03C8(21588)]
   add bx, [bp-0x1a]       ;    4 -- 188F:53E3 03 5E E6            
   cmp [bx], 0x0000        ;    4 -- 188F:53E6 83 3F 00            
   jne 0x53be              ;    4 -- 188F:53E9 75 D3              items_loop   
done:   ; 188F:53EB
   mov ax, 0x0001          ;    1 -- 188F:53EB B8 01 00              [AX=0001]
   pop si                  ;    1 -- 188F:53EE 5E                    [SI=3CE8]
   pop di                  ;    1 -- 188F:53EF 5F                    [DI=3CE8]
   mov sp, bp              ;    1 -- 188F:53F0 8B E5                 [SP=4C2A BP=4C2A]
   pop bp                  ;    1 -- 188F:53F2 5D                    [BP=4C34]
   ret                     ;    1 -- 188F:53F3 C3                  
   ; gap 188F:53F4 - 188F:55DA (486 bytes)

; Restores the screen saved by func_draw_dialog_box and frees the buffer.
; If struct[+1a] is non-null, also restores the status bar row.
; Pair of func_draw_dialog_box.
func_close_dialog_box:   ; 188F:55DA
   push bp                 ;    1 -- 188F:55DA 55                    [BP=4C34]
   mov bp, sp              ;    1 -- 188F:55DB 8B EC                 [BP=4C2A SP=4C2A]
   mov bx, [bp+0x04]       ;    1 -- 188F:55DD 8B 5E 04              [BX=03B0 [0x4c2e]=03b0 @211C:4C2E(25DEE)]
   cmp [bx+0x1a], 0x0000   ;    1 -- 188F:55E0 83 7F 1A 00           [[0x03ca]=43dc @211C:03CA(2158A)]
   je 0x55fd               ;    1 -- 188F:55E4 74 17              lbl_188F_55FD   
   sub ax, ax              ;    1 -- 188F:55E6 2B C0                 [AX=0000 AX=0000]
   push ax                 ;    1 -- 188F:55E8 50                    [AX=0000]
   push [bx+0x0e]          ;    1 -- 188F:55E9 FF 77 0E              [[0x03be]=4126 @211C:03BE(2157E)]
   push [bx+0x0c]          ;    1 -- 188F:55EC FF 77 0C              [[0x03bc]=08ce @211C:03BC(2157C)]
   mov ax, 0x184f          ;    1 -- 188F:55EF B8 4F 18              [AX=184F]
   push ax                 ;    1 -- 188F:55F2 50                    [AX=184F]
   mov ax, 0x1800          ;    1 -- 188F:55F3 B8 00 18              [AX=1800]
   push ax                 ;    1 -- 188F:55F6 50                    [AX=1800]
   call 0x506c             ;    1 -- 188F:55F7 E8 72 FA           func_restore_screen_region   
   add sp, 0x000a          ;    1 -- 188F:55FA 83 C4 0A              [SP=4C2A]
lbl_188F_55FD:
   sub ax, ax              ;    1 -- 188F:55FD 2B C0                 [AX=0000 AX=0000]
   push ax                 ;    1 -- 188F:55FF 50                    [AX=0000]
   mov bx, [bp+0x04]       ;    1 -- 188F:5600 8B 5E 04              [BX=03B0 [0x4c2e]=03b0 @211C:4C2E(25DEE)]
   mov ax, [bx+0x0c]       ;    1 -- 188F:5603 8B 47 0C              [AX=08CE [0x03bc]=08ce @211C:03BC(2157C)]
   mov dx, [bx+0x0e]       ;    1 -- 188F:5606 8B 57 0E              [DX=4126 [0x03be]=4126 @211C:03BE(2157E)]
   add ax, 0x00a0          ;    1 -- 188F:5609 05 A0 00              [AX=096E]
   push dx                 ;    1 -- 188F:560C 52                    [DX=4126]
   push ax                 ;    1 -- 188F:560D 50                    [AX=096E]
   push [bx+0x02]          ;    1 -- 188F:560E FF 77 02              [[0x03b2]=1648 @211C:03B2(21572)]
   push [bx]               ;    1 -- 188F:5611 FF 37                 [[0x03b0]=1107 @211C:03B0(21570)]
   call 0x506c             ;    1 -- 188F:5613 E8 56 FA           func_restore_screen_region   
   add sp, 0x000a          ;    1 -- 188F:5616 83 C4 0A              [SP=4C2A]
   mov bx, [bp+0x04]       ;    1 -- 188F:5619 8B 5E 04              [BX=03B0 [0x4c2e]=03b0 @211C:4C2E(25DEE)]
   push [bx+0x0e]          ;    1 -- 188F:561C FF 77 0E              [[0x03be]=4126 @211C:03BE(2157E)]
   push [bx+0x0c]          ;    1 -- 188F:561F FF 77 0C              [[0x03bc]=08ce @211C:03BC(2157C)]
   call 0x6e6c             ;    1 -- 188F:5622 E8 47 18           func_188F_6E6C   
   add sp, 0x0004          ;    1 -- 188F:5625 83 C4 04              [SP=4C2A]
   pop bp                  ;    1 -- 188F:5628 5D                    [BP=4C34]
   ret                     ;    1 -- 188F:5629 C3                  

func_188F_562A:
   push bp                 ;    7 -- 188F:562A 55                    [BP=4C2A]
   mov bp, sp              ;    7 -- 188F:562B 8B EC               
   push es                 ;    7 -- 188F:562D 06                  
   push di                 ;    7 -- 188F:562E 57                  
   push si                 ;    7 -- 188F:562F 56                  
   mov cx, [bp+0x04]       ;    7 -- 188F:5630 8B 4E 04            
   sub ax, ax              ;    7 -- 188F:5633 2B C0                 [AX=0000 AX=0000]
   xchg ch, al             ;    7 -- 188F:5635 86 E8               
   mov di, ax              ;    7 -- 188F:5637 8B F8               
   shl ax, 0x01            ;    7 -- 188F:5639 D1 E0               
   shl ax, 0x01            ;    7 -- 188F:563B D1 E0               
   add di, ax              ;    7 -- 188F:563D 03 F8               
   shl di, 0x01            ;    7 -- 188F:563F D1 E7               
   shl di, 0x01            ;    7 -- 188F:5641 D1 E7               
   shl di, 0x01            ;    7 -- 188F:5643 D1 E7               
   shl di, 0x01            ;    7 -- 188F:5645 D1 E7               
   add di, cx              ;    7 -- 188F:5647 03 F9               
   shl di, 0x01            ;    7 -- 188F:5649 D1 E7               
   mov ax, 0xb800          ;    7 -- 188F:564B B8 00 B8              [AX=B800]
   mov es, ax              ;    7 -- 188F:564E 8E C0                 [ES=B800 AX=B800]
   mov dx, 0x03da          ;    7 -- 188F:5650 BA DA 03              [DX=03DA]
   mov bl, 0x09            ;    7 -- 188F:5653 B3 09                 [BL=09]
   mov si, [bp+0x06]       ;    7 -- 188F:5655 8B 76 06            
   mov ah, [bp+0x08]       ;    7 -- 188F:5658 8A 66 08            
lbl_188F_565B:
   lodsb                   ;  328 -- 188F:565B AC                  
   or al, al               ;  328 -- 188F:565C 0A C0               
   je 0x5679               ;  328 -- 188F:565E 74 19              lbl_188F_5679   
   cmp al, 0x01            ;  321 -- 188F:5660 3C 01               
   jne 0x566d              ;  321 -- 188F:5662 75 09              lbl_188F_566D   
   lodsb                   ;    6 -- 188F:5664 AC                  
   or al, al               ;    6 -- 188F:5665 0A C0               
   je 0x5679               ;    6 -- 188F:5667 74 10              lbl_188F_5679   
   mov ah, al              ;    6 -- 188F:5669 8A E0               
   jmp short 0x565b        ;    6 -- 188F:566B EB EE              lbl_188F_565B   
lbl_188F_566D:
   mov bh, al              ;  315 -- 188F:566D 8A F8               
lbl_188F_566F:
   in al, dx               ; 2428 [HOT] -- 188F:566F EC                 port varies   
   and al, bl              ; 2428 [HOT] -- 188F:5670 22 C3               
   je 0x566f               ; 2428 [HOT] -- 188F:5672 74 FB              lbl_188F_566F   
   mov al, bh              ;  315 -- 188F:5674 8A C7               
   stosw                   ;  315 -- 188F:5676 AB                  
   jmp short 0x565b        ;  315 -- 188F:5677 EB E2              lbl_188F_565B   
lbl_188F_5679:
   pop si                  ;    7 -- 188F:5679 5E                  
   pop di                  ;    7 -- 188F:567A 5F                  
   pop es                  ;    7 -- 188F:567B 07                  
   mov sp, bp              ;    7 -- 188F:567C 8B E5               
   pop bp                  ;    7 -- 188F:567E 5D                    [BP=4C2A]
   ret                     ;    7 -- 188F:567F C3                  
   ; gap 188F:5680 - 188F:56E8 (104 bytes)

func_188F_56E8:
   mov ah, 0x00            ;    1 -- 188F:56E8 B4 00                 [AH=00]
   int 0x16                ;    1 -- 188F:56EA CD 16                 [; INT 16h AH=00h: read char]
   ret                     ;    1 -- 188F:56EC C3                  
   ; gap 188F:56ED - 188F:56F6 (9 bytes)

func_188F_56F6:
   push bp                 ;    1 -- 188F:56F6 55                    [BP=4C34]
   mov bp, sp              ;    1 -- 188F:56F7 8B EC                 [BP=4C2A SP=4C2A]
   push es                 ;    1 -- 188F:56F9 06                    [ES=211C]
   push di                 ;    1 -- 188F:56FA 57                    [DI=3CE8]
   push si                 ;    1 -- 188F:56FB 56                    [SI=3CE8]
   mov ax, 0x211c          ;    1 -- 188F:56FC 8C D8                 [AX=211C]
   mov es, ax              ;    1 -- 188F:56FE 8E C0                 [ES=211C AX=211C]
   mov si, [bp+0x04]       ;    1 -- 188F:5700 8B 76 04              [SI=4092 [0x4c2e]=4092 @211C:4C2E(25DEE)]
   mov di, si              ;    1 -- 188F:5703 8B FE                 [DI=4092 SI=4092]
lbl_188F_5705:
   lodsb                   ;    1 -- 188F:5705 AC                  
   or al, al               ;    1 -- 188F:5706 0A C0                 [AL=4C AL=4C]
   je 0x570e               ;    1 -- 188F:5708 74 04              lbl_188F_570E   
   cmp al, 0x20            ;    1 -- 188F:570A 3C 20                 [AL=4C]
   je 0x5705               ;    1 -- 188F:570C 74 F7              lbl_188F_5705   
lbl_188F_570E:
   stosb                   ;   23 -- 188F:570E AA                  
   or al, al               ;   23 -- 188F:570F 0A C0               
   je 0x5716               ;   23 -- 188F:5711 74 03              lbl_188F_5716   
   lodsb                   ;   22 -- 188F:5713 AC                  
   jmp short 0x570e        ;   22 -- 188F:5714 EB F8              lbl_188F_570E   
lbl_188F_5716:
   mov ax, [bp+0x04]       ;    1 -- 188F:5716 8B 46 04              [AX=4092 [0x4c2e]=4092 @211C:4C2E(25DEE)]
   pop si                  ;    1 -- 188F:5719 5E                    [SI=3CE8]
   pop di                  ;    1 -- 188F:571A 5F                    [DI=3CE8]
   pop es                  ;    1 -- 188F:571B 07                    [ES=211C]
   mov sp, bp              ;    1 -- 188F:571C 8B E5                 [SP=4C2A BP=4C2A]
   pop bp                  ;    1 -- 188F:571E 5D                    [BP=4C34]
   ret                     ;    1 -- 188F:571F C3                  

func_188F_5720:
   push bp                 ;    1 -- 188F:5720 55                    [BP=4C34]
   mov bp, sp              ;    1 -- 188F:5721 8B EC                 [BP=4C2A SP=4C2A]
   push es                 ;    1 -- 188F:5723 06                    [ES=211C]
   push di                 ;    1 -- 188F:5724 57                    [DI=3CE8]
   push si                 ;    1 -- 188F:5725 56                    [SI=3CE8]
   mov ax, 0x211c          ;    1 -- 188F:5726 8C D8                 [AX=211C]
   mov es, ax              ;    1 -- 188F:5728 8E C0                 [ES=211C AX=211C]
   sub al, al              ;    1 -- 188F:572A 2A C0                 [AL=00 AL=00]
   mov cx, 0xffff          ;    1 -- 188F:572C B9 FF FF              [CX=FFFF]
   mov di, [bp+0x04]       ;    1 -- 188F:572F 8B 7E 04              [DI=4092 [0x4c2e]=4092 @211C:4C2E(25DEE)]
   repne scasb             ;    1 -- 188F:5732 F2 AE               
   sub cx, 0xffff          ;    1 -- 188F:5734 83 E9 FF              [CX=FFE9]
   neg cx                  ;    1 -- 188F:5737 F7 D9                 [CX=0017]
   dec cx                  ;    1 -- 188F:5739 49                    [CX=0016]
   je 0x574b               ;    1 -- 188F:573A 74 0F              lbl_188F_574B   
   dec di                  ;    1 -- 188F:573C 4F                    [DI=40A8]
   dec di                  ;    1 -- 188F:573D 4F                    [DI=40A7]
   std                     ;    1 -- 188F:573E FD                  
   mov al, 0x20            ;    1 -- 188F:573F B0 20                 [AL=20]
   repe scasb              ;    1 -- 188F:5741 F3 AE               
   je 0x5746               ;    1 -- 188F:5743 74 01              lbl_188F_5746   
   inc di                  ;    1 -- 188F:5745 47                    [DI=40A7]
lbl_188F_5746:
   inc di                  ;    1 -- 188F:5746 47                    [DI=40A8]
   mov [di], 0x00          ;    1 -- 188F:5747 C6 05 00              [[0x40a8]=00 @211C:40A8(25268)]
   cld                     ;    1 -- 188F:574A FC                  
lbl_188F_574B:
   mov ax, [bp+0x04]       ;    1 -- 188F:574B 8B 46 04              [AX=4092 [0x4c2e]=4092 @211C:4C2E(25DEE)]
   pop si                  ;    1 -- 188F:574E 5E                    [SI=3CE8]
   pop di                  ;    1 -- 188F:574F 5F                    [DI=3CE8]
   pop es                  ;    1 -- 188F:5750 07                    [ES=211C]
   mov sp, bp              ;    1 -- 188F:5751 8B E5                 [SP=4C2A BP=4C2A]
   pop bp                  ;    1 -- 188F:5753 5D                    [BP=4C34]
   ret                     ;    1 -- 188F:5754 C3                  
   ; gap 188F:5755 - 188F:6178 (2595 bytes)

func_188F_6178:
   pop cx                  ;    4 -- 188F:6178 59                  
   mov bx, sp              ;    4 -- 188F:6179 8B DC               
   sub bx, ax              ;    4 -- 188F:617B 2B D8               
   jb 0x6189               ;    4 -- 188F:617D 72 0A              lbl_188F_6189   
   cmp bx, [0x392e]        ;    4 -- 188F:617F 3B 1E 2E 39         
   jb 0x6189               ;    4 -- 188F:6183 72 04              lbl_188F_6189   
   mov sp, bx              ;    4 -- 188F:6185 8B E3               
   jmp cx                  ;    4 -- 188F:6187 FF E1               
   ; gap 188F:6189 - 188F:677A (1521 bytes)

func_188F_677A:
   push bp                 ;    2 -- 188F:677A 55                    [BP=4C26]
   mov bp, sp              ;    2 -- 188F:677B 8B EC                 [BP=4C16 SP=4C16]
   mov ax, 0x0171          ;    2 -- 188F:677D B8 71 01              [AX=0171]
   call 0x6178             ;    2 -- 188F:6780 E8 F5 F9           func_188F_6178   
   push si                 ;    2 -- 188F:6783 56                    [SI=4080]
   push di                 ;    2 -- 188F:6784 57                    [DI=3CE8]
   xor ax, ax              ;    2 -- 188F:6785 33 C0                 [AX=0000 AX=0000]
   mov [bp-0x08], ax       ;    2 -- 188F:6787 89 46 F8              [[0x4c0e]=0000 @211C:4C0E(25DCE) AX=0000]
   mov [bp-0x05], al       ;    2 -- 188F:678A 88 46 FB              [[0x4c11]=00 @211C:4C11(25DD1) AL=00]
lbl_188F_678D:
   mov si, [bp+0x06]       ;   80 -- 188F:678D 8B 76 06            
   lodsb                   ;   80 -- 188F:6790 AC                  
   mov [bp+0x06], si       ;   80 -- 188F:6791 89 76 06            
   mov [bp-0x02], al       ;   80 -- 188F:6794 88 46 FE            
   or al, al               ;   80 -- 188F:6797 0A C0               
   je 0x67a1               ;   80 -- 188F:6799 74 06              lbl_188F_67A1   
   cmp [bp-0x08], 0x0000   ;   78 -- 188F:679B 83 7E F8 00         
   jge 0x67a7              ;   78 -- 188F:679F 7D 06              lbl_188F_67A7   
lbl_188F_67A1:
   mov ax, [bp-0x08]       ;    2 -- 188F:67A1 8B 46 F8            
   jmp 0x6c49              ;    2 -- 188F:67A4 E9 A2 04           lbl_188F_6C49   
lbl_188F_67A7:
   mov bx, 0x3a90          ;   78 -- 188F:67A7 BB 90 3A              [BX=3A90]
   sub al, 0x20            ;   78 -- 188F:67AA 2C 20               
   cmp al, 0x58            ;   78 -- 188F:67AC 3C 58               
   ja 0x67b5               ;   78 -- 188F:67AE 77 05              lbl_188F_67B5   
   xlat                    ;   69 -- 188F:67B0 D7                  
   and al, 0x0f            ;   69 -- 188F:67B1 24 0F               
   jmp short 0x67b7        ;   69 -- 188F:67B3 EB 02              lbl_188F_67B7   
lbl_188F_67B5:
   mov al, 0x00            ;    9 -- 188F:67B5 B0 00                 [AL=00]
lbl_188F_67B7:
   mov cl, 0x03            ;   78 -- 188F:67B7 B1 03                 [CL=03]
   shl al, cl              ;   78 -- 188F:67B9 D2 E0               
   add al, [bp-0x05]       ;   78 -- 188F:67BB 02 46 FB            
   xlat                    ;   78 -- 188F:67BE D7                  
   inc cl                  ;   78 -- 188F:67BF FE C1                 [CL=04]
   shr al, cl              ;   78 -- 188F:67C1 D2 E8               
   mov [bp-0x05], al       ;   78 -- 188F:67C3 88 46 FB            
   cbw                     ;   78 -- 188F:67C6 98                  
   mov bx, ax              ;   78 -- 188F:67C7 8B D8               
   shl bx, 0x01            ;   78 -- 188F:67C9 D1 E3               
   jmp [bx+0x676a]         ;   78 -- 188F:67CB 2E FF A7 6A 67      
   mov dl, [bp-0x02]       ;   74 -- 188F:67D0 8A 56 FE            
   mov cx, 0x0001          ;   74 -- 188F:67D3 B9 01 00              [CX=0001]
   call 0x6bfc             ;   74 -- 188F:67D6 E8 23 04           func_188F_6BFC   
   jmp short 0x678d        ;   74 -- 188F:67D9 EB B2              lbl_188F_678D   
   xor ax, ax              ;    2 -- 188F:67DB 33 C0                 [AX=0000 AX=0000]
   mov [bp-0x10], ax       ;    2 -- 188F:67DD 89 46 F0              [[0x4c06]=0000 @211C:4C06(25DC6) AX=0000]
   mov [bp-0x0a], ax       ;    2 -- 188F:67E0 89 46 F6              [[0x4c0c]=0000 @211C:4C0C(25DCC) AX=0000]
   mov [bp-0x12], ax       ;    2 -- 188F:67E3 89 46 EE              [[0x4c04]=0000 @211C:4C04(25DC4) AX=0000]
   mov [bp-0x04], ax       ;    2 -- 188F:67E6 89 46 FC              [[0x4c12]=0000 @211C:4C12(25DD2) AX=0000]
   dec ax                  ;    2 -- 188F:67E9 48                    [AX=FFFF]
   mov [bp-0x0c], ax       ;    2 -- 188F:67EA 89 46 F4              [[0x4c0a]=ffff @211C:4C0A(25DCA) AX=FFFF]
   jmp short 0x678d        ;    2 -- 188F:67ED EB 9E              lbl_188F_678D   
   ; gap 188F:67EF - 188F:68B2 (195 bytes)
   mov al, [bp-0x02]       ;    2 -- 188F:68B2 8A 46 FE              [AL=73 [0x4c14]=73 @211C:4C14(25DD4)]
   cmp al, 0x64            ;    2 -- 188F:68B5 3C 64                 [AL=73]
   jne 0x68bc              ;    2 -- 188F:68B7 75 03              lbl_188F_68BC   
   ; gap 188F:68B9 - 188F:68BC (3 bytes)
lbl_188F_68BC:
   cmp al, 0x69            ;    2 -- 188F:68BC 3C 69                 [AL=73]
   jne 0x68c3              ;    2 -- 188F:68BE 75 03              lbl_188F_68C3   
   ; gap 188F:68C0 - 188F:68C3 (3 bytes)
lbl_188F_68C3:
   cmp al, 0x75            ;    2 -- 188F:68C3 3C 75                 [AL=73]
   jne 0x68ca              ;    2 -- 188F:68C5 75 03              lbl_188F_68CA   
   ; gap 188F:68C7 - 188F:68CA (3 bytes)
lbl_188F_68CA:
   cmp al, 0x58            ;    2 -- 188F:68CA 3C 58                 [AL=73]
   jne 0x68d1              ;    2 -- 188F:68CC 75 03              lbl_188F_68D1   
   ; gap 188F:68CE - 188F:68D1 (3 bytes)
lbl_188F_68D1:
   cmp al, 0x78            ;    2 -- 188F:68D1 3C 78                 [AL=73]
   jne 0x68d8              ;    2 -- 188F:68D3 75 03              lbl_188F_68D8   
   ; gap 188F:68D5 - 188F:68D8 (3 bytes)
lbl_188F_68D8:
   cmp al, 0x6f            ;    2 -- 188F:68D8 3C 6F                 [AL=73]
   jne 0x68df              ;    2 -- 188F:68DA 75 03              lbl_188F_68DF   
   ; gap 188F:68DC - 188F:68DF (3 bytes)
lbl_188F_68DF:
   cmp al, 0x63            ;    2 -- 188F:68DF 3C 63                 [AL=73]
   je 0x68fd               ;    2 -- 188F:68E1 74 1A              lbl_188F_68FD   
   cmp al, 0x73            ;    2 -- 188F:68E3 3C 73                 [AL=73]
   je 0x690e               ;    2 -- 188F:68E5 74 27              lbl_188F_690E   
   ; gap 188F:68E7 - 188F:690E (39 bytes)
lbl_188F_690E:
   call 0x6b98             ;    2 -- 188F:690E E8 87 02           func_188F_6B98   
   or di, di               ;    2 -- 188F:6911 0B FF               
   jne 0x6927              ;    2 -- 188F:6913 75 12              lbl_188F_6927   
   ; gap 188F:6915 - 188F:6927 (18 bytes)
lbl_188F_6927:
   push di                 ;    2 -- 188F:6927 57                  
   mov cx, [bp-0x0c]       ;    2 -- 188F:6928 8B 4E F4              [CX=FFFF [0x4c0a]=ffff @211C:4C0A(25DCA)]
   jcxz 0x6934             ;    2 -- 188F:692B E3 07              lbl_188F_6934   
   xor al, al              ;    2 -- 188F:692D 32 C0                 [AL=00 AL=00]
   repne scasb             ;    2 -- 188F:692F F2 AE               
   jne 0x6934              ;    2 -- 188F:6931 75 01              lbl_188F_6934   
   dec di                  ;    2 -- 188F:6933 4F                  
lbl_188F_6934:
   pop cx                  ;    2 -- 188F:6934 59                  
   sub di, cx              ;    2 -- 188F:6935 2B F9               
   xchg cx, di             ;    2 -- 188F:6937 87 CF               
   jmp 0x6af9              ;    2 -- 188F:6939 E9 BD 01           lbl_188F_6AF9   
   ; gap 188F:693C - 188F:6AF9 (445 bytes)
lbl_188F_6AF9:
   test [bp-0x04], 0x40    ;    2 -- 188F:6AF9 F6 46 FC 40           [[0x4c12]=00 @211C:4C12(25DD2)]
   je 0x6b30               ;    2 -- 188F:6AFD 74 31              lbl_188F_6B30   
   ; gap 188F:6AFF - 188F:6B30 (49 bytes)
lbl_188F_6B30:
   mov ax, [bp-0x0a]       ;    2 -- 188F:6B30 8B 46 F6              [AX=0000 [0x4c0c]=0000 @211C:4C0C(25DCC)]
   sub ax, cx              ;    2 -- 188F:6B33 2B C1               
   sub ax, [bp-0x10]       ;    2 -- 188F:6B35 2B 46 F0            
   jge 0x6b3c              ;    2 -- 188F:6B38 7D 02              lbl_188F_6B3C   
   xor ax, ax              ;    2 -- 188F:6B3A 33 C0                 [AX=0000 AX=0000]
lbl_188F_6B3C:
   push es                 ;    2 -- 188F:6B3C 06                    [ES=211C]
   push di                 ;    2 -- 188F:6B3D 57                  
   push cx                 ;    2 -- 188F:6B3E 51                  
   test [bp-0x04], 0x0c    ;    2 -- 188F:6B3F F6 46 FC 0C           [[0x4c12]=00 @211C:4C12(25DD2)]
   jne 0x6b4c              ;    2 -- 188F:6B43 75 07              lbl_188F_6B4C   
   mov cx, ax              ;    2 -- 188F:6B45 8B C8                 [CX=0000 AX=0000]
   mov dl, 0x20            ;    2 -- 188F:6B47 B2 20                 [DL=20]
   call 0x6bfc             ;    2 -- 188F:6B49 E8 B0 00           func_188F_6BFC   
lbl_188F_6B4C:
   push ax                 ;    2 -- 188F:6B4C 50                    [AX=0000]
   push ss                 ;    2 -- 188F:6B4D 16                    [SS=211C]
   pop es                  ;    2 -- 188F:6B4E 07                    [ES=211C]
   lea di, [bp-0x0e]       ;    2 -- 188F:6B4F 8D 7E F2              [DI=4C08 [0x4c08]=3ce8 @211C:4C08(25DC8)]
   mov cx, [bp-0x10]       ;    2 -- 188F:6B52 8B 4E F0              [CX=0000 [0x4c06]=0000 @211C:4C06(25DC6)]
   call 0x6bde             ;    2 -- 188F:6B55 E8 86 00           func_188F_6BDE   
   pop ax                  ;    2 -- 188F:6B58 58                    [AX=0000]
   test [bp-0x04], 0x08    ;    2 -- 188F:6B59 F6 46 FC 08           [[0x4c12]=00 @211C:4C12(25DD2)]
   je 0x6b6c               ;    2 -- 188F:6B5D 74 0D              lbl_188F_6B6C   
   ; gap 188F:6B5F - 188F:6B6C (13 bytes)
lbl_188F_6B6C:
   pop cx                  ;    2 -- 188F:6B6C 59                  
   pop di                  ;    2 -- 188F:6B6D 5F                  
   pop es                  ;    2 -- 188F:6B6E 07                    [ES=211C]
   push ax                 ;    2 -- 188F:6B6F 50                    [AX=0000]
   call 0x6bde             ;    2 -- 188F:6B70 E8 6B 00           func_188F_6BDE   
   pop ax                  ;    2 -- 188F:6B73 58                    [AX=0000]
   test [bp-0x04], 0x04    ;    2 -- 188F:6B74 F6 46 FC 04           [[0x4c12]=00 @211C:4C12(25DD2)]
   je 0x6b81               ;    2 -- 188F:6B78 74 07              lbl_188F_6B81   
   ; gap 188F:6B7A - 188F:6B81 (7 bytes)
lbl_188F_6B81:
   jmp 0x678d              ;    2 -- 188F:6B81 E9 09 FC           lbl_188F_678D   

func_188F_6B84:
   mov si, [bp+0x08]       ;    2 -- 188F:6B84 8B 76 08              [SI=4C2E [0x4c1e]=4c2e @211C:4C1E(25DDE)]
   lodsw                   ;    2 -- 188F:6B87 AD                  
   mov [bp+0x08], si       ;    2 -- 188F:6B88 89 76 08              [[0x4c1e]=4c30 @211C:4C1E(25DDE) SI=4C30]
   ret                     ;    2 -- 188F:6B8B C3                  
   ; gap 188F:6B8C - 188F:6B98 (12 bytes)

func_188F_6B98:
   test [bp-0x04], 0x20    ;    2 -- 188F:6B98 F6 46 FC 20           [[0x4c12]=00 @211C:4C12(25DD2)]
   je 0x6ba6               ;    2 -- 188F:6B9C 74 08              lbl_188F_6BA6   
   ; gap 188F:6B9E - 188F:6BA6 (8 bytes)
lbl_188F_6BA6:
   call 0x6b84             ;    2 -- 188F:6BA6 E8 DB FF           func_188F_6B84   
   mov di, ax              ;    2 -- 188F:6BA9 8B F8               
   or ax, ax               ;    2 -- 188F:6BAB 0B C0               
   jne 0x6bb2              ;    2 -- 188F:6BAD 75 03              lbl_188F_6BB2   
   ; gap 188F:6BAF - 188F:6BB2 (3 bytes)
lbl_188F_6BB2:
   push ds                 ;    2 -- 188F:6BB2 1E                    [DS=211C]
   pop es                  ;    2 -- 188F:6BB3 07                    [ES=211C]
   ret                     ;    2 -- 188F:6BB4 C3                  

func_188F_6BB5:
   cbw                     ;  100 -- 188F:6BB5 98                  
   push di                 ;  100 -- 188F:6BB6 57                    [DI=0000]
   mov bx, [bp+0x04]       ;  100 -- 188F:6BB7 8B 5E 04              [BX=4080 [0x4c1a]=4080 @211C:4C1A(25DDA)]
   dec [bx+0x02]           ;  100 -- 188F:6BBA FF 4F 02            
   js 0x6bc9               ;  100 -- 188F:6BBD 78 0A              lbl_188F_6BC9   
   mov di, [bx]            ;  100 -- 188F:6BBF 8B 3F               
   inc [bx]                ;  100 -- 188F:6BC1 FF 07               
   mov [di], al            ;  100 -- 188F:6BC3 88 05               
   xor ax, ax              ;  100 -- 188F:6BC5 33 C0                 [AX=0000 AX=0000]
   pop di                  ;  100 -- 188F:6BC7 5F                    [DI=0000]
   ret                     ;  100 -- 188F:6BC8 C3                  
   ; gap 188F:6BC9 - 188F:6BDE (21 bytes)

func_188F_6BDE:
   jcxz 0x6bfb             ;    4 -- 188F:6BDE E3 1B              lbl_188F_6BFB   
   mov si, di              ;    2 -- 188F:6BE0 8B F7               
   add [bp-0x08], cx       ;    2 -- 188F:6BE2 01 4E F8            
   push di                 ;    2 -- 188F:6BE5 57                  
   xor di, di              ;    2 -- 188F:6BE6 33 FF                 [DI=0000 DI=0000]
lbl_188F_6BE8:
   lodsb                   ;   26 -- 188F:6BE8 26 AC               
   call 0x6bb5             ;   26 -- 188F:6BEA E8 C8 FF           func_188F_6BB5   
   or di, ax               ;   26 -- 188F:6BED 0B F8                 [DI=0000 AX=0000]
   loop 0x6be8             ;   26 -- 188F:6BEF E2 F7              lbl_188F_6BE8   
   or di, di               ;    2 -- 188F:6BF1 0B FF                 [DI=0000 DI=0000]
   pop di                  ;    2 -- 188F:6BF3 5F                  
   je 0x6bfb               ;    2 -- 188F:6BF4 74 05              lbl_188F_6BFB   
   ; gap 188F:6BF6 - 188F:6BFB (5 bytes)
lbl_188F_6BFB:
   ret                     ;    4 -- 188F:6BFB C3                  

func_188F_6BFC:
   jcxz 0x6c17             ;   76 -- 188F:6BFC E3 19              lbl_188F_6C17   
   add [bp-0x08], cx       ;   74 -- 188F:6BFE 01 4E F8            
   push di                 ;   74 -- 188F:6C01 57                  
   xor di, di              ;   74 -- 188F:6C02 33 FF                 [DI=0000 DI=0000]
lbl_188F_6C04:
   mov al, dl              ;   74 -- 188F:6C04 8A C2               
   call 0x6bb5             ;   74 -- 188F:6C06 E8 AC FF           func_188F_6BB5   
   or di, ax               ;   74 -- 188F:6C09 0B F8                 [DI=0000 AX=0000]
   loop 0x6c04             ;   74 -- 188F:6C0B E2 F7              lbl_188F_6C04   
   or di, di               ;   74 -- 188F:6C0D 0B FF                 [DI=0000 DI=0000]
   pop di                  ;   74 -- 188F:6C0F 5F                  
   je 0x6c17               ;   74 -- 188F:6C10 74 05              lbl_188F_6C17   
   ; gap 188F:6C12 - 188F:6C17 (5 bytes)
lbl_188F_6C17:
   ret                     ;   76 -- 188F:6C17 C3                  
   ; gap 188F:6C18 - 188F:6C49 (49 bytes)
lbl_188F_6C49:
   pop di                  ;    2 -- 188F:6C49 5F                    [DI=3CE8]
   pop si                  ;    2 -- 188F:6C4A 5E                    [SI=4080]
   mov sp, bp              ;    2 -- 188F:6C4B 8B E5                 [SP=4C16 BP=4C16]
   pop bp                  ;    2 -- 188F:6C4D 5D                    [BP=4C26]
   ret                     ;    2 -- 188F:6C4E C3                  
   ; gap 188F:6C4F - 188F:6E6C (541 bytes)

func_188F_6E6C:
   push bp                 ;    1 -- 188F:6E6C 55                    [BP=4C2A]
   mov bp, sp              ;    1 -- 188F:6E6D 8B EC                 [BP=4C22 SP=4C22]
   push si                 ;    1 -- 188F:6E6F 56                    [SI=000E]
   les si, [bp+0x04]       ;    1 -- 188F:6E70 C4 76 04              [SI=08CE [0x4c26]=08ce @211C:4C26(25DE6)]
   mov cx, 0x4126          ;    1 -- 188F:6E73 8C C1                 [CX=4126]
   jcxz 0x6e7c             ;    1 -- 188F:6E75 E3 05              lbl_188F_6E7C   
   or [si-0x02], 0x01      ;    1 -- 188F:6E77 26 80 4C FE 01        [[0x08cc]=b9 @4126:08CC(41B2C)]
lbl_188F_6E7C:
   pop si                  ;    1 -- 188F:6E7C 5E                    [SI=000E]
   pop bp                  ;    1 -- 188F:6E7D 5D                    [BP=4C2A]
   ret                     ;    1 -- 188F:6E7E C3                  

func_188F_6E7F:
   push bp                 ;    1 -- 188F:6E7F 55                    [BP=4C2A]
   mov bp, sp              ;    1 -- 188F:6E80 8B EC                 [BP=4C04 SP=4C04]
   push si                 ;    1 -- 188F:6E82 56                    [SI=1107]
   push di                 ;    1 -- 188F:6E83 57                    [DI=3CE8]
   mov cx, [bp+0x04]       ;    1 -- 188F:6E84 8B 4E 04              [CX=03B8 [0x4c08]=03b8 @211C:4C08(25DC8)]
   cmp cx, 0xffe8          ;    1 -- 188F:6E87 83 F9 E8              [CX=03B8]
   ja 0x6ef5               ;    1 -- 188F:6E8A 77 69              lbl_188F_6EF5   
   push ds                 ;    1 -- 188F:6E8C 1E                    [DS=211C]
   mov ax, [0x3af4]        ;    1 -- 188F:6E8D A1 F4 3A              [AX=4126 [0x3af4]=4126 @211C:3AF4(24CB4)]
   or ax, ax               ;    1 -- 188F:6E90 0B C0                 [AX=4126 AX=4126]
   je 0x6edc               ;    1 -- 188F:6E92 74 48              lbl_188F_6EDC   
   mov di, 0x6f66          ;    1 -- 188F:6E94 BF 66 6F              [DI=6F66]
   mov si, [0x3afc]        ;    1 -- 188F:6E97 8B 36 FC 3A           [SI=4126 [0x3afc]=4126 @211C:3AFC(24CBC)]
   lds bx, [0x3af6]        ;    1 -- 188F:6E9B C5 1E F6 3A           [BX=0000 [0x3af6]=0000 @4126:3AF6(44D56)]
   push ds                 ;    1 -- 188F:6E9F 1E                    [DS=4126]
   push si                 ;    1 -- 188F:6EA0 56                    [SI=4126]
   push di                 ;    1 -- 188F:6EA1 57                    [DI=6F66]
   call di                 ;    1 -- 188F:6EA2 FF D7                 [DI=6F66]
   pop di                  ;    1 -- 188F:6EA4 5F                    [DI=6F66]
   pop si                  ;    1 -- 188F:6EA5 5E                    [SI=4126]
   jae 0x6ed3              ;    1 -- 188F:6EA6 73 2B              lbl_188F_6ED3   
   ; gap 188F:6EA8 - 188F:6ED3 (43 bytes)
lbl_188F_6ED3:
   pop si                  ;    1 -- 188F:6ED3 5E                    [SI=4126]
   cmp di, 0x6f66          ;    1 -- 188F:6ED4 81 FF 66 6F           [DI=6F66]
   je 0x6ee9               ;    1 -- 188F:6ED8 74 0F              lbl_188F_6EE9   
   ; gap 188F:6EDA - 188F:6EE9 (15 bytes)
lbl_188F_6EE9:
   pop ds                  ;    1 -- 188F:6EE9 1F                    [DS=211C]
   mov [0x3af8], dx        ;    1 -- 188F:6EEA 89 16 F8 3A           [[0x3af8]=4126 @211C:3AF8(24CB8) DX=4126]
   mov [0x3af6], bx        ;    1 -- 188F:6EEE 89 1E F6 3A           [[0x3af6]=0000 @211C:3AF6(24CB6) BX=0000]
   jmp short 0x6ef8        ;    1 -- 188F:6EF2 EB 04              lbl_188F_6EF8   
   ; gap 188F:6EF4 - 188F:6EF8 (4 bytes)
lbl_188F_6EF8:
   pop di                  ;    1 -- 188F:6EF8 5F                    [DI=3CE8]
   pop si                  ;    1 -- 188F:6EF9 5E                    [SI=1107]
   pop bp                  ;    1 -- 188F:6EFA 5D                    [BP=4C2A]
   ret                     ;    1 -- 188F:6EFB C3                  
   ; gap 188F:6EFC - 188F:6F66 (106 bytes)
   inc cx                  ;    1 -- 188F:6F66 41                    [CX=03B9]
   and cl, 0xfe            ;    1 -- 188F:6F67 80 E1 FE              [CL=B8]
   push bx                 ;    1 -- 188F:6F6A 53                    [BX=0000]
   cld                     ;    1 -- 188F:6F6B FC                  
   mov si, [bx+0x08]       ;    1 -- 188F:6F6C 8B 77 08              [SI=08CC [0x0008]=08cc @4126:0008(41268)]
   mov bx, [bx+0x0a]       ;    1 -- 188F:6F6F 8B 5F 0A              [BX=1FFE [0x2008]=0000 @4126:2008(43268)]
   xor di, di              ;    1 -- 188F:6F72 33 FF                 [DI=0000 DI=0000]
   jmp short 0x6f99        ;    1 -- 188F:6F74 EB 23              lbl_188F_6F99   
   ; gap 188F:6F76 - 188F:6F99 (35 bytes)
lbl_188F_6F99:
   lodsw                   ;    1 -- 188F:6F99 AD                  
   test al, 0x01           ;    1 -- 188F:6F9A A8 01                 [AL=31]
   je 0x6f8e               ;    1 -- 188F:6F9C 74 F0              lbl_188F_6F8E   
   mov di, si              ;    1 -- 188F:6F9E 8B FE                 [DI=08CE SI=08CE]
   dec ax                  ;    1 -- 188F:6FA0 48                    [AX=1730]
   cmp ax, cx              ;    1 -- 188F:6FA1 3B C1                 [AX=1730 CX=03B8]
   jae 0x6fc8              ;    1 -- 188F:6FA3 73 23              lbl_188F_6FC8   
   ; gap 188F:6FA5 - 188F:6FC8 (35 bytes)
lbl_188F_6FC8:
   pop bx                  ;    1 -- 188F:6FC8 5B                    [BX=0000]
   mov [si-0x02], cx       ;    1 -- 188F:6FC9 89 4C FE              [[0x08cc]=03b8 @4126:08CC(41B2C) CX=03B8]
   je 0x6fd7               ;    1 -- 188F:6FCC 74 09              lbl_188F_6FD7   
   add di, cx              ;    1 -- 188F:6FCE 03 F9                 [DI=0C86 CX=03B8]
   sub ax, cx              ;    1 -- 188F:6FD0 2B C1                 [AX=1378 CX=03B8]
   dec ax                  ;    1 -- 188F:6FD2 48                    [AX=1377]
   mov [di], ax            ;    1 -- 188F:6FD3 89 05                 [[0x0c86]=1377 @4126:0C86(41EE6) AX=1377]
   sub di, cx              ;    1 -- 188F:6FD5 2B F9                 [DI=08CE CX=03B8]
lbl_188F_6FD7:
   add di, cx              ;    1 -- 188F:6FD7 03 F9                 [DI=0C86 CX=03B8]
   mov [bx+0x08], di       ;    1 -- 188F:6FD9 89 7F 08              [[0x0008]=0c86 @4126:0008(41268) DI=0C86]
   mov ax, si              ;    1 -- 188F:6FDC 8B C6                 [AX=08CE SI=08CE]
   mov dx, 0x4126          ;    1 -- 188F:6FDE 8C DA                 [DX=4126]
   clc                     ;    1 -- 188F:6FE0 F8                  
   ret                     ;    1 -- 188F:6FE1 C3                  
   ; gap 188F:6FE2 - 188F:7164 (386 bytes)

func_188F_7164:
   push bp                 ;    1 -- 188F:7164 55                    [BP=4C34]
   mov bp, sp              ;    1 -- 188F:7165 8B EC                 [BP=4C28 SP=4C28]
   mov dx, di              ;    1 -- 188F:7167 8B D7                 [DX=3CE8 DI=3CE8]
   mov bx, si              ;    1 -- 188F:7169 8B DE                 [BX=3CE8 SI=3CE8]
   mov si, [bp+0x06]       ;    1 -- 188F:716B 8B 76 06              [SI=4394 [0x4c2e]=4394 @211C:4C2E(25DEE)]
   mov di, si              ;    1 -- 188F:716E 8B FE                 [DI=4394 SI=4394]
   mov ax, 0x211c          ;    1 -- 188F:7170 8C D8                 [AX=211C]
   mov es, ax              ;    1 -- 188F:7172 8E C0                 [ES=211C AX=211C]
   xor ax, ax              ;    1 -- 188F:7174 33 C0                 [AX=0000 AX=0000]
   mov cx, 0xffff          ;    1 -- 188F:7176 B9 FF FF              [CX=FFFF]
   repne scasb             ;    1 -- 188F:7179 F2 AE               
   not cx                  ;    1 -- 188F:717B F7 D1                 [CX=0017]
   mov di, [bp+0x04]       ;    1 -- 188F:717D 8B 7E 04              [DI=4092 [0x4c2c]=4092 @211C:4C2C(25DEC)]
   mov ax, di              ;    1 -- 188F:7180 8B C7                 [AX=4092 DI=4092]
   test al, 0x01           ;    1 -- 188F:7182 A8 01                 [AL=92]
   je 0x7188               ;    1 -- 188F:7184 74 02              lbl_188F_7188   
   ; gap 188F:7186 - 188F:7188 (2 bytes)
lbl_188F_7188:
   shr cx, 0x01            ;    1 -- 188F:7188 D1 E9                 [CX=000B]
   rep movsw               ;    1 -- 188F:718A F3 A5               
   adc cx, cx              ;    1 -- 188F:718C 13 C9                 [CX=0001 CX=0001]
   rep movsb               ;    1 -- 188F:718E F3 A4               
   mov si, bx              ;    1 -- 188F:7190 8B F3                 [SI=3CE8 BX=3CE8]
   mov di, dx              ;    1 -- 188F:7192 8B FA                 [DI=3CE8 DX=3CE8]
   pop bp                  ;    1 -- 188F:7194 5D                    [BP=4C34]
   ret                     ;    1 -- 188F:7195 C3                  
   ; gap 188F:7196 - 188F:7294 (254 bytes)

func_188F_7294:
   push bp                 ;    2 -- 188F:7294 55                    [BP=4C34]
   mov bp, sp              ;    2 -- 188F:7295 8B EC                 [BP=4C26 SP=4C26]
   sub sp, 0x0002          ;    2 -- 188F:7297 83 EC 02              [SP=4C24]
   push di                 ;    2 -- 188F:729A 57                    [DI=3CE8]
   push si                 ;    2 -- 188F:729B 56                    [SI=3CE8]
   mov [0x4086], 0x42      ;    2 -- 188F:729C C6 06 86 40 42        [[0x4086]=42 @211C:4086(25246)]
   mov ax, [bp+0x04]       ;    2 -- 188F:72A1 8B 46 04            
   mov [0x4084], ax        ;    2 -- 188F:72A4 A3 84 40            
   mov si, 0x4080          ;    2 -- 188F:72A7 BE 80 40              [SI=4080]
   mov [si], ax            ;    2 -- 188F:72AA 89 04               
   mov [0x4082], 0x7fff    ;    2 -- 188F:72AC C7 06 82 40 FF 7F     [[0x4082]=7fff @211C:4082(25242)]
   lea ax, [bp+0x08]       ;    2 -- 188F:72B2 8D 46 08            
   push ax                 ;    2 -- 188F:72B5 50                    [AX=4C2E]
   push [bp+0x06]          ;    2 -- 188F:72B6 FF 76 06            
   mov ax, si              ;    2 -- 188F:72B9 8B C6                 [AX=4080 SI=4080]
   push ax                 ;    2 -- 188F:72BB 50                    [AX=4080]
   call 0x677a             ;    2 -- 188F:72BC E8 BB F4           func_188F_677A   
   add sp, 0x0006          ;    2 -- 188F:72BF 83 C4 06              [SP=4C20]
   mov di, ax              ;    2 -- 188F:72C2 8B F8               
   dec [0x4082]            ;    2 -- 188F:72C4 FF 0E 82 40         
   js 0x72d8               ;    2 -- 188F:72C8 78 0E              lbl_188F_72D8   
   mov bx, [0x4080]        ;    2 -- 188F:72CA 8B 1E 80 40         
   inc [0x4080]            ;    2 -- 188F:72CE FF 06 80 40         
   mov [bx], 0x00          ;    2 -- 188F:72D2 C6 07 00            
   jmp short 0x72e2        ;    2 -- 188F:72D5 EB 0B              lbl_188F_72E2   
   ; gap 188F:72D7 - 188F:72E2 (11 bytes)
lbl_188F_72E2:
   mov ax, di              ;    2 -- 188F:72E2 8B C7               
   pop si                  ;    2 -- 188F:72E4 5E                    [SI=3CE8]
   pop di                  ;    2 -- 188F:72E5 5F                    [DI=3CE8]
   mov sp, bp              ;    2 -- 188F:72E6 8B E5                 [SP=4C26 BP=4C26]
   pop bp                  ;    2 -- 188F:72E8 5D                    [BP=4C34]
   ret                     ;    2 -- 188F:72E9 C3                  
   mov al, dh              ;    1 -- 208D:054E 8A C6                 [AL=0A DH=0A]
   mov bx, [0x001a]        ;    1 -- 208D:0550 8B 1E 1A 00           [BX=0000 [0x001a]=0000 @20F6:001A(20F7A)]
   add bx, 0x009b          ;    1 -- 208D:0554 81 C3 9B 00           [BX=009B]
   mov [bx], al            ;    1 -- 208D:0558 88 07                 [[0x009b]=0a @20F6:009B(20FFB) AL=0A]
   cmp [0x009a], 0x00      ;    1 -- 208D:055A 80 3E 9A 00 00        [[0x009a]=00 @20F6:009A(20FFA)]
   je 0x0574               ;    1 -- 208D:055F 74 13              lbl_208D_0574   
   ; gap 208D:0561 - 208D:0574 (19 bytes)
lbl_208D_0574:
   mov cx, 0x0009          ;    1 -- 208D:0574 B9 09 00              [CX=0009]
   mov al, [0x001a]        ;    1 -- 208D:0577 A0 1A 00              [AL=00 [0x001a]=00 @20F6:001A(20F7A)]
   or al, 0x80             ;    1 -- 208D:057A 0C 80                 [AL=80]
   mov di, 0x001e          ;    1 -- 208D:057C BF 1E 00              [DI=001E]
   repne scasb             ;    1 -- 208D:057F F2 AE               
   jne 0x058b              ;    1 -- 208D:0581 75 08              lbl_208D_058B   
   ; gap 208D:0583 - 208D:058B (8 bytes)
lbl_208D_058B:
   mov cx, 0x0009          ;    1 -- 208D:058B B9 09 00              [CX=0009]
   mov di, 0x001e          ;    1 -- 208D:058E BF 1E 00              [DI=001E]
   mov al, [0x001a]        ;    1 -- 208D:0591 A0 1A 00              [AL=00 [0x001a]=00 @20F6:001A(20F7A)]
   repne scasb             ;    1 -- 208D:0594 F2 AE               
   jne 0x05ad              ;    1 -- 208D:0596 75 15              lbl_208D_05AD   
   ; gap 208D:0598 - 208D:05AD (21 bytes)
lbl_208D_05AD:
   ret                     ;    1 -- 208D:05AD C3                  
   ; gap 208D:05AE - 208D:060C (94 bytes)

func_208D_060C:
   push ds                 ;    1 -- 208D:060C 1E                    [DS=211C]
   push es                 ;    1 -- 208D:060D 06                    [ES=211C]
   push ax                 ;    1 -- 208D:060E 50                    [AX=00C0]
   mov ax, 0x20f6          ;    1 -- 208D:060F B8 F6 20              [AX=20F6]
   mov ds, ax              ;    1 -- 208D:0612 8E D8                 [DS=20F6 AX=20F6]
   mov es, ax              ;    1 -- 208D:0614 8E C0                 [ES=20F6 AX=20F6]
   pop ax                  ;    1 -- 208D:0616 58                    [AX=00C0]
   pushf                   ;    1 -- 208D:0617 9C                  
   cli                     ;    1 -- 208D:0618 FA                  
   cmp [0x015f], 0x00      ;    1 -- 208D:0619 80 3E 5F 01 00        [[0x015f]=00 @20F6:015F(210BF)]
   jne 0x066c              ;    1 -- 208D:061E 75 4C              lbl_208D_066C   
   mov [0x015f], 0x01      ;    1 -- 208D:0620 C6 06 5F 01 01        [[0x015f]=01 @20F6:015F(210BF)]
   popf                    ;    1 -- 208D:0625 9D                  
   pushf                   ;    1 -- 208D:0626 9C                  
   cld                     ;    1 -- 208D:0627 FC                  
   push bx                 ;    1 -- 208D:0628 53                    [BX=43C8]
   push cx                 ;    1 -- 208D:0629 51                    [CX=0009]
   push dx                 ;    1 -- 208D:062A 52                    [DX=0ADA]
   push di                 ;    1 -- 208D:062B 57                    [DI=3CE8]
   push si                 ;    1 -- 208D:062C 56                    [SI=43C4]
   push bp                 ;    1 -- 208D:062D 55                    [BP=4C34]
   mov bx, ax              ;    1 -- 208D:062E 8B D8                 [BX=00C0 AX=00C0]
   and bx, 0x00f0          ;    1 -- 208D:0630 81 E3 F0 00           [BX=00C0]
   and bl, 0x70            ;    1 -- 208D:0634 80 E3 70              [BL=40]
   shr bx, 0x01            ;    1 -- 208D:0637 D1 EB                 [BX=0020]
   shr bx, 0x01            ;    1 -- 208D:0639 D1 EB                 [BX=0010]
   shr bx, 0x01            ;    1 -- 208D:063B D1 EB                 [BX=0008]
   cmp al, 0xf0            ;    1 -- 208D:063D 3C F0                 [AL=C0]
   jae 0x0647              ;    1 -- 208D:063F 73 06              lbl_208D_0647   
   and ax, 0x000f          ;    1 -- 208D:0641 25 0F 00              [AX=0000]
   mov [0x001a], ax        ;    1 -- 208D:0644 A3 1A 00              [[0x001a]=0000 @20F6:001A(20F7A) AX=0000]
lbl_208D_0647:
   mov [0x0010], 0xffff    ;    1 -- 208D:0647 C7 06 10 00 FF FF     [[0x0010]=ffff @20F6:0010(20F70)]
   cmp bx, 0x0010          ;    1 -- 208D:064D 83 FB 10              [BX=0008]
   jae 0x065c              ;    1 -- 208D:0650 73 0A              lbl_208D_065C   
   mov [0x0010], 0x0000    ;    1 -- 208D:0652 C7 06 10 00 00 00     [[0x0010]=0000 @20F6:0010(20F70)]
   call [bx+0x00ab]        ;    1 -- 208D:0658 FF 97 AB 00           [[0x00b3]=054e @20F6:00B3(21013)]
lbl_208D_065C:
   pop bp                  ;    1 -- 208D:065C 5D                    [BP=4C34]
   pop si                  ;    1 -- 208D:065D 5E                    [SI=43C4]
   pop di                  ;    1 -- 208D:065E 5F                    [DI=3CE8]
   pop dx                  ;    1 -- 208D:065F 5A                    [DX=0ADA]
   pop cx                  ;    1 -- 208D:0660 59                    [CX=0009]
   pop bx                  ;    1 -- 208D:0661 5B                    [BX=43C8]
   mov [0x015f], 0x00      ;    1 -- 208D:0662 C6 06 5F 01 00        [[0x015f]=00 @20F6:015F(210BF)]
   mov ax, [0x0010]        ;    1 -- 208D:0667 A1 10 00              [AX=0000 [0x0010]=0000 @20F6:0010(20F70)]
   jmp short 0x066f        ;    1 -- 208D:066A EB 03              lbl_208D_066F   
   ; gap 208D:066C - 208D:066F (3 bytes)
lbl_208D_066F:
   popf                    ;    1 -- 208D:066F 9D                  
   pop es                  ;    1 -- 208D:0670 07                    [ES=211C]
   pop ds                  ;    1 -- 208D:0671 1F                    [DS=211C]
   retf                    ;    1 -- 208D:0672 CB                  
